{"/run/media/ahb/desk/task/frontend-developer-a-final-76218-abdulla/src/App.tsx": {"path":"/run/media/ahb/desk/task/frontend-developer-a-final-76218-abdulla/src/App.tsx","all":true,"statementMap":{"0":{"start":{"line":1,"column":0},"end":{"line":1,"column":64}},"2":{"start":{"line":3,"column":0},"end":{"line":3,"column":31}},"3":{"start":{"line":4,"column":0},"end":{"line":4,"column":31}},"4":{"start":{"line":5,"column":0},"end":{"line":5,"column":1}}},"s":{"0":0,"2":0,"3":0,"4":0},"branchMap":{"0":{"type":"branch","line":1,"loc":{"start":{"line":1,"column":131},"end":{"line":5,"column":1}},"locations":[{"start":{"line":1,"column":131},"end":{"line":5,"column":1}}]}},"b":{"0":[0]},"fnMap":{"0":{"name":"(empty-report)","decl":{"start":{"line":1,"column":131},"end":{"line":5,"column":1}},"loc":{"start":{"line":1,"column":131},"end":{"line":5,"column":1}},"line":1}},"f":{"0":0}}
,"/run/media/ahb/desk/task/frontend-developer-a-final-76218-abdulla/src/hooks.ts": {"path":"/run/media/ahb/desk/task/frontend-developer-a-final-76218-abdulla/src/hooks.ts","all":false,"statementMap":{"0":{"start":{"line":1,"column":0},"end":{"line":1,"column":54}},"3":{"start":{"line":4,"column":0},"end":{"line":4,"column":66}},"4":{"start":{"line":5,"column":0},"end":{"line":5,"column":64}}},"s":{"0":1,"3":1,"4":1},"branchMap":{},"b":{},"fnMap":{},"f":{}}
,"/run/media/ahb/desk/task/frontend-developer-a-final-76218-abdulla/src/main.tsx": {"path":"/run/media/ahb/desk/task/frontend-developer-a-final-76218-abdulla/src/main.tsx","all":true,"statementMap":{"0":{"start":{"line":1,"column":0},"end":{"line":1,"column":25}},"1":{"start":{"line":2,"column":0},"end":{"line":2,"column":39}},"2":{"start":{"line":3,"column":0},"end":{"line":3,"column":38}},"3":{"start":{"line":4,"column":0},"end":{"line":4,"column":31}},"4":{"start":{"line":5,"column":0},"end":{"line":5,"column":23}},"5":{"start":{"line":6,"column":0},"end":{"line":6,"column":20}},"7":{"start":{"line":8,"column":0},"end":{"line":8,"column":61}},"8":{"start":{"line":9,"column":0},"end":{"line":9,"column":20}},"9":{"start":{"line":10,"column":0},"end":{"line":10,"column":28}},"10":{"start":{"line":11,"column":0},"end":{"line":11,"column":13}},"11":{"start":{"line":12,"column":0},"end":{"line":12,"column":15}},"12":{"start":{"line":13,"column":0},"end":{"line":13,"column":22}},"13":{"start":{"line":14,"column":0},"end":{"line":14,"column":1}}},"s":{"0":0,"1":0,"2":0,"3":0,"4":0,"5":0,"7":0,"8":0,"9":0,"10":0,"11":0,"12":0,"13":0},"branchMap":{"0":{"type":"branch","line":1,"loc":{"start":{"line":1,"column":349},"end":{"line":14,"column":1}},"locations":[{"start":{"line":1,"column":349},"end":{"line":14,"column":1}}]}},"b":{"0":[0]},"fnMap":{"0":{"name":"(empty-report)","decl":{"start":{"line":1,"column":349},"end":{"line":14,"column":1}},"loc":{"start":{"line":1,"column":349},"end":{"line":14,"column":1}},"line":1}},"f":{"0":0}}
,"/run/media/ahb/desk/task/frontend-developer-a-final-76218-abdulla/src/store.ts": {"path":"/run/media/ahb/desk/task/frontend-developer-a-final-76218-abdulla/src/store.ts","all":true,"statementMap":{"0":{"start":{"line":1,"column":0},"end":{"line":1,"column":49}},"4":{"start":{"line":5,"column":0},"end":{"line":5,"column":37}},"5":{"start":{"line":6,"column":0},"end":{"line":6,"column":12}},"6":{"start":{"line":7,"column":0},"end":{"line":7,"column":32}},"7":{"start":{"line":8,"column":0},"end":{"line":8,"column":32}},"8":{"start":{"line":9,"column":0},"end":{"line":9,"column":4}},"9":{"start":{"line":10,"column":0},"end":{"line":10,"column":2}}},"s":{"0":0,"4":0,"5":0,"6":0,"7":0,"8":0,"9":0},"branchMap":{"0":{"type":"branch","line":1,"loc":{"start":{"line":1,"column":0},"end":{"line":13,"column":-148}},"locations":[{"start":{"line":1,"column":0},"end":{"line":13,"column":-148}}]}},"b":{"0":[0]},"fnMap":{"0":{"name":"(empty-report)","decl":{"start":{"line":1,"column":0},"end":{"line":13,"column":-148}},"loc":{"start":{"line":1,"column":0},"end":{"line":13,"column":-148}},"line":1}},"f":{"0":0}}
,"/run/media/ahb/desk/task/frontend-developer-a-final-76218-abdulla/src/api/employeeApi.ts": {"path":"/run/media/ahb/desk/task/frontend-developer-a-final-76218-abdulla/src/api/employeeApi.ts","all":false,"statementMap":{"2":{"start":{"line":3,"column":0},"end":{"line":3,"column":65}},"4":{"start":{"line":5,"column":0},"end":{"line":5,"column":37}},"5":{"start":{"line":6,"column":0},"end":{"line":6,"column":16}},"6":{"start":{"line":7,"column":0},"end":{"line":7,"column":31}},"7":{"start":{"line":8,"column":0},"end":{"line":8,"column":49}},"8":{"start":{"line":9,"column":0},"end":{"line":9,"column":24}},"9":{"start":{"line":10,"column":0},"end":{"line":10,"column":3}},"10":{"start":{"line":11,"column":0},"end":{"line":11,"column":1}},"12":{"start":{"line":13,"column":0},"end":{"line":13,"column":73}},"13":{"start":{"line":14,"column":0},"end":{"line":14,"column":45}},"14":{"start":{"line":15,"column":0},"end":{"line":15,"column":52}},"15":{"start":{"line":16,"column":0},"end":{"line":16,"column":12}},"16":{"start":{"line":17,"column":0},"end":{"line":17,"column":4}},"17":{"start":{"line":18,"column":0},"end":{"line":18,"column":16}},"18":{"start":{"line":19,"column":0},"end":{"line":19,"column":34}},"19":{"start":{"line":20,"column":0},"end":{"line":20,"column":3}},"20":{"start":{"line":21,"column":0},"end":{"line":21,"column":33}},"21":{"start":{"line":22,"column":0},"end":{"line":22,"column":1}},"23":{"start":{"line":24,"column":0},"end":{"line":24,"column":28}},"24":{"start":{"line":25,"column":0},"end":{"line":25,"column":49}},"25":{"start":{"line":26,"column":0},"end":{"line":26,"column":71}},"26":{"start":{"line":27,"column":0},"end":{"line":27,"column":34}},"27":{"start":{"line":28,"column":0},"end":{"line":28,"column":83}},"28":{"start":{"line":29,"column":0},"end":{"line":29,"column":46}},"29":{"start":{"line":30,"column":0},"end":{"line":30,"column":88}},"30":{"start":{"line":31,"column":0},"end":{"line":31,"column":81}},"31":{"start":{"line":32,"column":0},"end":{"line":32,"column":1}},"33":{"start":{"line":34,"column":0},"end":{"line":34,"column":27}},"34":{"start":{"line":35,"column":0},"end":{"line":35,"column":47}},"35":{"start":{"line":36,"column":0},"end":{"line":36,"column":1}}},"s":{"2":1,"4":1,"5":1,"6":1,"7":3,"8":3,"9":3,"10":1,"12":19,"13":19,"14":19,"15":19,"16":19,"17":19,"18":2,"19":2,"20":16,"21":16,"23":1,"24":1,"25":1,"26":1,"27":1,"28":1,"29":1,"30":1,"31":1,"33":1,"34":1,"35":1},"branchMap":{"0":{"type":"branch","line":6,"loc":{"start":{"line":6,"column":2},"end":{"line":6,"column":16}},"locations":[{"start":{"line":6,"column":2},"end":{"line":6,"column":16}}]},"1":{"type":"branch","line":7,"loc":{"start":{"line":7,"column":2},"end":{"line":10,"column":3}},"locations":[{"start":{"line":7,"column":2},"end":{"line":10,"column":3}}]},"2":{"type":"branch","line":13,"loc":{"start":{"line":13,"column":0},"end":{"line":22,"column":1}},"locations":[{"start":{"line":13,"column":0},"end":{"line":22,"column":1}}]},"3":{"type":"branch","line":17,"loc":{"start":{"line":17,"column":3},"end":{"line":18,"column":15}},"locations":[{"start":{"line":17,"column":3},"end":{"line":18,"column":15}}]},"4":{"type":"branch","line":18,"loc":{"start":{"line":18,"column":15},"end":{"line":20,"column":3}},"locations":[{"start":{"line":18,"column":15},"end":{"line":20,"column":3}}]},"5":{"type":"branch","line":20,"loc":{"start":{"line":20,"column":2},"end":{"line":22,"column":1}},"locations":[{"start":{"line":20,"column":2},"end":{"line":22,"column":1}}]},"6":{"type":"branch","line":25,"loc":{"start":{"line":25,"column":10},"end":{"line":25,"column":49}},"locations":[{"start":{"line":25,"column":10},"end":{"line":25,"column":49}}]},"7":{"type":"branch","line":26,"loc":{"start":{"line":26,"column":11},"end":{"line":26,"column":71}},"locations":[{"start":{"line":26,"column":11},"end":{"line":26,"column":71}}]},"8":{"type":"branch","line":27,"loc":{"start":{"line":27,"column":10},"end":{"line":28,"column":83}},"locations":[{"start":{"line":27,"column":10},"end":{"line":28,"column":83}}]},"9":{"type":"branch","line":29,"loc":{"start":{"line":29,"column":10},"end":{"line":30,"column":88}},"locations":[{"start":{"line":29,"column":10},"end":{"line":30,"column":88}}]},"10":{"type":"branch","line":31,"loc":{"start":{"line":31,"column":10},"end":{"line":31,"column":81}},"locations":[{"start":{"line":31,"column":10},"end":{"line":31,"column":81}}]},"11":{"type":"branch","line":35,"loc":{"start":{"line":35,"column":10},"end":{"line":35,"column":47}},"locations":[{"start":{"line":35,"column":10},"end":{"line":35,"column":47}}]}},"b":{"0":[3],"1":[3],"2":[19],"3":[18],"4":[2],"5":[16],"6":[7],"7":[3],"8":[1],"9":[1],"10":[1],"11":[6]},"fnMap":{"0":{"name":"<instance_members_initializer>","decl":{"start":{"line":6,"column":2},"end":{"line":6,"column":16}},"loc":{"start":{"line":6,"column":2},"end":{"line":6,"column":16}},"line":6},"1":{"name":"ApiError","decl":{"start":{"line":7,"column":2},"end":{"line":10,"column":3}},"loc":{"start":{"line":7,"column":2},"end":{"line":10,"column":3}},"line":7},"2":{"name":"request","decl":{"start":{"line":13,"column":0},"end":{"line":22,"column":1}},"loc":{"start":{"line":13,"column":0},"end":{"line":22,"column":1}},"line":13},"3":{"name":"getAll","decl":{"start":{"line":25,"column":10},"end":{"line":25,"column":49}},"loc":{"start":{"line":25,"column":10},"end":{"line":25,"column":49}},"line":25},"4":{"name":"getById","decl":{"start":{"line":26,"column":11},"end":{"line":26,"column":71}},"loc":{"start":{"line":26,"column":11},"end":{"line":26,"column":71}},"line":26},"5":{"name":"create","decl":{"start":{"line":27,"column":10},"end":{"line":28,"column":83}},"loc":{"start":{"line":27,"column":10},"end":{"line":28,"column":83}},"line":27},"6":{"name":"update","decl":{"start":{"line":29,"column":10},"end":{"line":30,"column":88}},"loc":{"start":{"line":29,"column":10},"end":{"line":30,"column":88}},"line":29},"7":{"name":"delete","decl":{"start":{"line":31,"column":10},"end":{"line":31,"column":81}},"loc":{"start":{"line":31,"column":10},"end":{"line":31,"column":81}},"line":31},"8":{"name":"getAll","decl":{"start":{"line":35,"column":10},"end":{"line":35,"column":47}},"loc":{"start":{"line":35,"column":10},"end":{"line":35,"column":47}},"line":35}},"f":{"0":3,"1":3,"2":19,"3":7,"4":3,"5":1,"6":1,"7":1,"8":6}}
,"/run/media/ahb/desk/task/frontend-developer-a-final-76218-abdulla/src/components/DeleteDialog.tsx": {"path":"/run/media/ahb/desk/task/frontend-developer-a-final-76218-abdulla/src/components/DeleteDialog.tsx","all":false,"statementMap":{"0":{"start":{"line":1,"column":0},"end":{"line":1,"column":8}},"17":{"start":{"line":18,"column":0},"end":{"line":18,"column":98}},"18":{"start":{"line":19,"column":0},"end":{"line":19,"column":10}},"19":{"start":{"line":20,"column":0},"end":{"line":20,"column":74}},"20":{"start":{"line":21,"column":0},"end":{"line":21,"column":74}},"21":{"start":{"line":22,"column":0},"end":{"line":22,"column":21}},"22":{"start":{"line":23,"column":0},"end":{"line":23,"column":27}},"23":{"start":{"line":24,"column":0},"end":{"line":24,"column":97}},"25":{"start":{"line":26,"column":0},"end":{"line":26,"column":28}},"26":{"start":{"line":27,"column":0},"end":{"line":27,"column":22}},"27":{"start":{"line":28,"column":0},"end":{"line":28,"column":21}},"28":{"start":{"line":29,"column":0},"end":{"line":29,"column":67}},"30":{"start":{"line":31,"column":0},"end":{"line":31,"column":17}},"31":{"start":{"line":32,"column":0},"end":{"line":32,"column":86}},"32":{"start":{"line":33,"column":0},"end":{"line":33,"column":43}},"33":{"start":{"line":34,"column":0},"end":{"line":34,"column":17}},"34":{"start":{"line":35,"column":0},"end":{"line":35,"column":22}},"35":{"start":{"line":36,"column":0},"end":{"line":36,"column":13}},"37":{"start":{"line":38,"column":0},"end":{"line":38,"column":1}}},"s":{"0":1,"17":1,"18":1,"19":1,"20":1,"21":1,"22":1,"23":1,"25":1,"26":1,"27":1,"28":1,"30":1,"31":1,"32":1,"33":1,"34":1,"35":1,"37":1},"branchMap":{"0":{"type":"branch","line":18,"loc":{"start":{"line":18,"column":0},"end":{"line":38,"column":1}},"locations":[{"start":{"line":18,"column":0},"end":{"line":38,"column":1}}]},"1":{"type":"branch","line":33,"loc":{"start":{"line":33,"column":11},"end":{"line":33,"column":34}},"locations":[{"start":{"line":33,"column":11},"end":{"line":33,"column":34}}]}},"b":{"0":[1],"1":[0]},"fnMap":{"0":{"name":"DeleteDialog","decl":{"start":{"line":18,"column":0},"end":{"line":38,"column":1}},"loc":{"start":{"line":18,"column":0},"end":{"line":38,"column":1}},"line":18}},"f":{"0":1}}
,"/run/media/ahb/desk/task/frontend-developer-a-final-76218-abdulla/src/components/EmployeeForm.tsx": {"path":"/run/media/ahb/desk/task/frontend-developer-a-final-76218-abdulla/src/components/EmployeeForm.tsx","all":false,"statementMap":{"0":{"start":{"line":1,"column":0},"end":{"line":1,"column":53}},"26":{"start":{"line":27,"column":0},"end":{"line":27,"column":38}},"27":{"start":{"line":28,"column":0},"end":{"line":28,"column":12}},"28":{"start":{"line":29,"column":0},"end":{"line":29,"column":19}},"29":{"start":{"line":30,"column":0},"end":{"line":30,"column":10}},"30":{"start":{"line":31,"column":0},"end":{"line":31,"column":11}},"31":{"start":{"line":32,"column":0},"end":{"line":32,"column":11}},"32":{"start":{"line":33,"column":0},"end":{"line":33,"column":7}},"33":{"start":{"line":34,"column":0},"end":{"line":34,"column":8}},"34":{"start":{"line":35,"column":0},"end":{"line":35,"column":23}},"35":{"start":{"line":36,"column":0},"end":{"line":36,"column":9}},"36":{"start":{"line":37,"column":0},"end":{"line":37,"column":13}},"37":{"start":{"line":38,"column":0},"end":{"line":38,"column":17}},"38":{"start":{"line":39,"column":0},"end":{"line":39,"column":12}},"39":{"start":{"line":40,"column":0},"end":{"line":40,"column":26}},"40":{"start":{"line":41,"column":0},"end":{"line":41,"column":10}},"41":{"start":{"line":42,"column":0},"end":{"line":42,"column":35}},"42":{"start":{"line":43,"column":0},"end":{"line":43,"column":42}},"43":{"start":{"line":44,"column":0},"end":{"line":44,"column":20}},"44":{"start":{"line":45,"column":0},"end":{"line":45,"column":32}},"45":{"start":{"line":46,"column":0},"end":{"line":46,"column":34}},"46":{"start":{"line":47,"column":0},"end":{"line":47,"column":36}},"47":{"start":{"line":48,"column":0},"end":{"line":48,"column":38}},"48":{"start":{"line":49,"column":0},"end":{"line":49,"column":34}},"49":{"start":{"line":50,"column":0},"end":{"line":50,"column":40}},"50":{"start":{"line":51,"column":0},"end":{"line":51,"column":6}},"51":{"start":{"line":52,"column":0},"end":{"line":52,"column":4}},"53":{"start":{"line":54,"column":0},"end":{"line":54,"column":50}},"54":{"start":{"line":55,"column":0},"end":{"line":55,"column":20}},"55":{"start":{"line":56,"column":0},"end":{"line":56,"column":25}},"56":{"start":{"line":57,"column":0},"end":{"line":57,"column":3}},"58":{"start":{"line":59,"column":0},"end":{"line":59,"column":77}},"59":{"start":{"line":60,"column":0},"end":{"line":60,"column":24}},"60":{"start":{"line":61,"column":0},"end":{"line":61,"column":29}},"61":{"start":{"line":62,"column":0},"end":{"line":62,"column":17}},"62":{"start":{"line":63,"column":0},"end":{"line":63,"column":67}},"64":{"start":{"line":65,"column":0},"end":{"line":65,"column":10}},"65":{"start":{"line":66,"column":0},"end":{"line":66,"column":69}},"66":{"start":{"line":67,"column":0},"end":{"line":67,"column":61}},"67":{"start":{"line":68,"column":0},"end":{"line":68,"column":52}},"68":{"start":{"line":69,"column":0},"end":{"line":69,"column":21}},"69":{"start":{"line":70,"column":0},"end":{"line":70,"column":15}},"70":{"start":{"line":71,"column":0},"end":{"line":71,"column":20}},"71":{"start":{"line":72,"column":0},"end":{"line":72,"column":28}},"72":{"start":{"line":73,"column":0},"end":{"line":73,"column":34}},"73":{"start":{"line":74,"column":0},"end":{"line":74,"column":33}},"74":{"start":{"line":75,"column":0},"end":{"line":75,"column":36}},"75":{"start":{"line":76,"column":0},"end":{"line":76,"column":31}},"76":{"start":{"line":77,"column":0},"end":{"line":77,"column":30}},"77":{"start":{"line":78,"column":0},"end":{"line":78,"column":14}},"78":{"start":{"line":79,"column":0},"end":{"line":79,"column":11}},"80":{"start":{"line":81,"column":0},"end":{"line":81,"column":17}},"82":{"start":{"line":83,"column":0},"end":{"line":83,"column":19}},"84":{"start":{"line":85,"column":0},"end":{"line":85,"column":92}},"85":{"start":{"line":86,"column":0},"end":{"line":86,"column":18}},"86":{"start":{"line":87,"column":0},"end":{"line":87,"column":22}},"87":{"start":{"line":88,"column":0},"end":{"line":88,"column":18}},"88":{"start":{"line":89,"column":0},"end":{"line":89,"column":19}},"89":{"start":{"line":90,"column":0},"end":{"line":90,"column":22}},"90":{"start":{"line":91,"column":0},"end":{"line":91,"column":31}},"91":{"start":{"line":92,"column":0},"end":{"line":92,"column":31}},"92":{"start":{"line":93,"column":0},"end":{"line":93,"column":43}},"93":{"start":{"line":94,"column":0},"end":{"line":94,"column":10}},"95":{"start":{"line":96,"column":0},"end":{"line":96,"column":18}},"96":{"start":{"line":97,"column":0},"end":{"line":97,"column":23}},"97":{"start":{"line":98,"column":0},"end":{"line":98,"column":18}},"98":{"start":{"line":99,"column":0},"end":{"line":99,"column":22}},"99":{"start":{"line":100,"column":0},"end":{"line":100,"column":19}},"100":{"start":{"line":101,"column":0},"end":{"line":101,"column":22}},"101":{"start":{"line":102,"column":0},"end":{"line":102,"column":32}},"102":{"start":{"line":103,"column":0},"end":{"line":103,"column":32}},"103":{"start":{"line":104,"column":0},"end":{"line":104,"column":44}},"104":{"start":{"line":105,"column":0},"end":{"line":105,"column":10}},"106":{"start":{"line":107,"column":0},"end":{"line":107,"column":18}},"107":{"start":{"line":108,"column":0},"end":{"line":108,"column":24}},"108":{"start":{"line":109,"column":0},"end":{"line":109,"column":18}},"109":{"start":{"line":110,"column":0},"end":{"line":110,"column":19}},"110":{"start":{"line":111,"column":0},"end":{"line":111,"column":22}},"111":{"start":{"line":112,"column":0},"end":{"line":112,"column":33}},"112":{"start":{"line":113,"column":0},"end":{"line":113,"column":33}},"113":{"start":{"line":114,"column":0},"end":{"line":114,"column":45}},"114":{"start":{"line":115,"column":0},"end":{"line":115,"column":10}},"116":{"start":{"line":117,"column":0},"end":{"line":117,"column":69}},"117":{"start":{"line":118,"column":0},"end":{"line":118,"column":63}},"118":{"start":{"line":119,"column":0},"end":{"line":119,"column":21}},"119":{"start":{"line":120,"column":0},"end":{"line":120,"column":26}},"120":{"start":{"line":121,"column":0},"end":{"line":121,"column":29}},"121":{"start":{"line":122,"column":0},"end":{"line":122,"column":36}},"122":{"start":{"line":123,"column":0},"end":{"line":123,"column":103}},"123":{"start":{"line":124,"column":0},"end":{"line":124,"column":35}},"124":{"start":{"line":125,"column":0},"end":{"line":125,"column":89}},"125":{"start":{"line":126,"column":0},"end":{"line":126,"column":27}},"126":{"start":{"line":127,"column":0},"end":{"line":127,"column":44}},"127":{"start":{"line":128,"column":0},"end":{"line":128,"column":57}},"128":{"start":{"line":129,"column":0},"end":{"line":129,"column":31}},"129":{"start":{"line":130,"column":0},"end":{"line":130,"column":29}},"130":{"start":{"line":131,"column":0},"end":{"line":131,"column":19}},"131":{"start":{"line":132,"column":0},"end":{"line":132,"column":23}},"133":{"start":{"line":134,"column":0},"end":{"line":134,"column":12}},"134":{"start":{"line":135,"column":0},"end":{"line":135,"column":68}},"135":{"start":{"line":136,"column":0},"end":{"line":136,"column":22}},"137":{"start":{"line":138,"column":0},"end":{"line":138,"column":18}},"138":{"start":{"line":139,"column":0},"end":{"line":139,"column":23}},"139":{"start":{"line":140,"column":0},"end":{"line":140,"column":18}},"140":{"start":{"line":141,"column":0},"end":{"line":141,"column":19}},"141":{"start":{"line":142,"column":0},"end":{"line":142,"column":22}},"142":{"start":{"line":143,"column":0},"end":{"line":143,"column":32}},"143":{"start":{"line":144,"column":0},"end":{"line":144,"column":32}},"144":{"start":{"line":145,"column":0},"end":{"line":145,"column":44}},"145":{"start":{"line":146,"column":0},"end":{"line":146,"column":10}},"147":{"start":{"line":148,"column":0},"end":{"line":148,"column":18}},"148":{"start":{"line":149,"column":0},"end":{"line":149,"column":26}},"149":{"start":{"line":150,"column":0},"end":{"line":150,"column":18}},"150":{"start":{"line":151,"column":0},"end":{"line":151,"column":19}},"151":{"start":{"line":152,"column":0},"end":{"line":152,"column":22}},"152":{"start":{"line":153,"column":0},"end":{"line":153,"column":35}},"153":{"start":{"line":154,"column":0},"end":{"line":154,"column":35}},"154":{"start":{"line":155,"column":0},"end":{"line":155,"column":47}},"155":{"start":{"line":156,"column":0},"end":{"line":156,"column":10}},"156":{"start":{"line":157,"column":0},"end":{"line":157,"column":12}},"158":{"start":{"line":159,"column":0},"end":{"line":159,"column":17}},"159":{"start":{"line":160,"column":0},"end":{"line":160,"column":78}},"160":{"start":{"line":161,"column":0},"end":{"line":161,"column":17}},"161":{"start":{"line":162,"column":0},"end":{"line":162,"column":21}},"164":{"start":{"line":165,"column":0},"end":{"line":165,"column":43}},"165":{"start":{"line":166,"column":0},"end":{"line":166,"column":76}},"166":{"start":{"line":167,"column":0},"end":{"line":167,"column":94}},"167":{"start":{"line":168,"column":0},"end":{"line":168,"column":17}},"168":{"start":{"line":169,"column":0},"end":{"line":169,"column":21}},"169":{"start":{"line":170,"column":0},"end":{"line":170,"column":96}},"171":{"start":{"line":172,"column":0},"end":{"line":172,"column":19}},"173":{"start":{"line":174,"column":0},"end":{"line":174,"column":12}},"174":{"start":{"line":175,"column":0},"end":{"line":175,"column":10}},"176":{"start":{"line":177,"column":0},"end":{"line":177,"column":1}}},"s":{"0":1,"26":42,"27":42,"28":42,"29":42,"30":42,"31":42,"32":42,"33":42,"34":42,"35":42,"36":42,"37":42,"38":42,"39":42,"40":42,"41":42,"42":42,"43":42,"44":42,"45":42,"46":42,"47":42,"48":42,"49":42,"50":42,"51":42,"53":42,"54":1,"55":1,"56":1,"58":42,"59":42,"60":42,"61":40,"62":0,"64":42,"65":42,"66":42,"67":42,"68":42,"69":4,"70":4,"71":4,"72":4,"73":4,"74":4,"75":4,"76":4,"77":4,"78":4,"80":4,"82":42,"84":42,"85":42,"86":42,"87":42,"88":42,"89":42,"90":42,"91":42,"92":42,"93":42,"95":42,"96":42,"97":42,"98":42,"99":42,"100":42,"101":42,"102":42,"103":42,"104":42,"106":42,"107":42,"108":42,"109":42,"110":42,"111":42,"112":42,"113":42,"114":42,"116":42,"117":42,"118":42,"119":42,"120":42,"121":42,"122":42,"123":42,"124":42,"125":42,"126":42,"127":45,"128":45,"129":45,"130":42,"131":42,"133":42,"134":42,"135":42,"137":42,"138":42,"139":42,"140":42,"141":42,"142":42,"143":42,"144":42,"145":42,"147":42,"148":42,"149":42,"150":42,"151":42,"152":42,"153":42,"154":42,"155":42,"156":42,"158":42,"159":0,"160":0,"161":0,"164":42,"165":42,"166":42,"167":42,"168":42,"169":4,"171":4,"173":42,"174":42,"176":42},"branchMap":{"0":{"type":"branch","line":27,"loc":{"start":{"line":27,"column":0},"end":{"line":177,"column":1}},"locations":[{"start":{"line":27,"column":0},"end":{"line":177,"column":1}}]},"1":{"type":"branch","line":45,"loc":{"start":{"line":45,"column":12},"end":{"line":45,"column":29}},"locations":[{"start":{"line":45,"column":12},"end":{"line":45,"column":29}}]},"2":{"type":"branch","line":45,"loc":{"start":{"line":45,"column":21},"end":{"line":45,"column":32}},"locations":[{"start":{"line":45,"column":21},"end":{"line":45,"column":32}}]},"3":{"type":"branch","line":46,"loc":{"start":{"line":46,"column":13},"end":{"line":46,"column":31}},"locations":[{"start":{"line":46,"column":13},"end":{"line":46,"column":31}}]},"4":{"type":"branch","line":46,"loc":{"start":{"line":46,"column":22},"end":{"line":46,"column":34}},"locations":[{"start":{"line":46,"column":22},"end":{"line":46,"column":34}}]},"5":{"type":"branch","line":47,"loc":{"start":{"line":47,"column":14},"end":{"line":47,"column":33}},"locations":[{"start":{"line":47,"column":14},"end":{"line":47,"column":33}}]},"6":{"type":"branch","line":47,"loc":{"start":{"line":47,"column":23},"end":{"line":47,"column":36}},"locations":[{"start":{"line":47,"column":23},"end":{"line":47,"column":36}}]},"7":{"type":"branch","line":48,"loc":{"start":{"line":48,"column":15},"end":{"line":48,"column":35}},"locations":[{"start":{"line":48,"column":15},"end":{"line":48,"column":35}}]},"8":{"type":"branch","line":48,"loc":{"start":{"line":48,"column":24},"end":{"line":48,"column":38}},"locations":[{"start":{"line":48,"column":24},"end":{"line":48,"column":38}}]},"9":{"type":"branch","line":49,"loc":{"start":{"line":49,"column":13},"end":{"line":49,"column":31}},"locations":[{"start":{"line":49,"column":13},"end":{"line":49,"column":31}}]},"10":{"type":"branch","line":49,"loc":{"start":{"line":49,"column":22},"end":{"line":49,"column":34}},"locations":[{"start":{"line":49,"column":22},"end":{"line":49,"column":34}}]},"11":{"type":"branch","line":50,"loc":{"start":{"line":50,"column":16},"end":{"line":50,"column":37}},"locations":[{"start":{"line":50,"column":16},"end":{"line":50,"column":37}}]},"12":{"type":"branch","line":50,"loc":{"start":{"line":50,"column":25},"end":{"line":50,"column":40}},"locations":[{"start":{"line":50,"column":25},"end":{"line":50,"column":40}}]},"13":{"type":"branch","line":61,"loc":{"start":{"line":61,"column":5},"end":{"line":61,"column":29}},"locations":[{"start":{"line":61,"column":5},"end":{"line":61,"column":29}}]},"14":{"type":"branch","line":61,"loc":{"start":{"line":61,"column":16},"end":{"line":62,"column":17}},"locations":[{"start":{"line":61,"column":16},"end":{"line":62,"column":17}}]},"15":{"type":"branch","line":62,"loc":{"start":{"line":62,"column":8},"end":{"line":63,"column":67}},"locations":[{"start":{"line":62,"column":8},"end":{"line":63,"column":67}}]},"16":{"type":"branch","line":68,"loc":{"start":{"line":68,"column":9},"end":{"line":68,"column":37}},"locations":[{"start":{"line":68,"column":9},"end":{"line":68,"column":37}}]},"17":{"type":"branch","line":68,"loc":{"start":{"line":68,"column":19},"end":{"line":68,"column":52}},"locations":[{"start":{"line":68,"column":19},"end":{"line":68,"column":52}}]},"18":{"type":"branch","line":69,"loc":{"start":{"line":69,"column":9},"end":{"line":81,"column":17}},"locations":[{"start":{"line":69,"column":9},"end":{"line":81,"column":17}}]},"19":{"type":"branch","line":93,"loc":{"start":{"line":93,"column":29},"end":{"line":93,"column":43}},"locations":[{"start":{"line":93,"column":29},"end":{"line":93,"column":43}}]},"20":{"type":"branch","line":104,"loc":{"start":{"line":104,"column":29},"end":{"line":104,"column":44}},"locations":[{"start":{"line":104,"column":29},"end":{"line":104,"column":44}}]},"21":{"type":"branch","line":114,"loc":{"start":{"line":114,"column":29},"end":{"line":114,"column":45}},"locations":[{"start":{"line":114,"column":29},"end":{"line":114,"column":45}}]},"22":{"type":"branch","line":135,"loc":{"start":{"line":135,"column":34},"end":{"line":135,"column":51}},"locations":[{"start":{"line":135,"column":34},"end":{"line":135,"column":51}}]},"23":{"type":"branch","line":145,"loc":{"start":{"line":145,"column":29},"end":{"line":145,"column":44}},"locations":[{"start":{"line":145,"column":29},"end":{"line":145,"column":44}}]},"24":{"type":"branch","line":155,"loc":{"start":{"line":155,"column":29},"end":{"line":155,"column":47}},"locations":[{"start":{"line":155,"column":29},"end":{"line":155,"column":47}}]},"25":{"type":"branch","line":159,"loc":{"start":{"line":159,"column":7},"end":{"line":162,"column":21}},"locations":[{"start":{"line":159,"column":7},"end":{"line":162,"column":21}}]},"26":{"type":"branch","line":167,"loc":{"start":{"line":167,"column":11},"end":{"line":167,"column":58}},"locations":[{"start":{"line":167,"column":11},"end":{"line":167,"column":58}}]},"27":{"type":"branch","line":167,"loc":{"start":{"line":167,"column":43},"end":{"line":167,"column":94}},"locations":[{"start":{"line":167,"column":43},"end":{"line":167,"column":94}}]},"28":{"type":"branch","line":167,"loc":{"start":{"line":167,"column":58},"end":{"line":167,"column":79}},"locations":[{"start":{"line":167,"column":58},"end":{"line":167,"column":79}}]},"29":{"type":"branch","line":167,"loc":{"start":{"line":167,"column":68},"end":{"line":167,"column":94}},"locations":[{"start":{"line":167,"column":68},"end":{"line":167,"column":94}}]},"30":{"type":"branch","line":169,"loc":{"start":{"line":169,"column":9},"end":{"line":172,"column":19}},"locations":[{"start":{"line":169,"column":9},"end":{"line":172,"column":19}}]},"31":{"type":"branch","line":54,"loc":{"start":{"line":54,"column":17},"end":{"line":57,"column":3}},"locations":[{"start":{"line":54,"column":17},"end":{"line":57,"column":3}}]},"32":{"type":"branch","line":56,"loc":{"start":{"line":56,"column":18},"end":{"line":56,"column":25}},"locations":[{"start":{"line":56,"column":18},"end":{"line":56,"column":25}}]},"33":{"type":"branch","line":59,"loc":{"start":{"line":59,"column":39},"end":{"line":59,"column":76}},"locations":[{"start":{"line":59,"column":39},"end":{"line":59,"column":76}}]},"34":{"type":"branch","line":59,"loc":{"start":{"line":59,"column":60},"end":{"line":59,"column":76}},"locations":[{"start":{"line":59,"column":60},"end":{"line":59,"column":76}}]},"35":{"type":"branch","line":122,"loc":{"start":{"line":122,"column":20},"end":{"line":132,"column":23}},"locations":[{"start":{"line":122,"column":20},"end":{"line":132,"column":23}}]},"36":{"type":"branch","line":125,"loc":{"start":{"line":125,"column":23},"end":{"line":125,"column":67}},"locations":[{"start":{"line":125,"column":23},"end":{"line":125,"column":67}}]},"37":{"type":"branch","line":125,"loc":{"start":{"line":125,"column":42},"end":{"line":125,"column":84}},"locations":[{"start":{"line":125,"column":42},"end":{"line":125,"column":84}}]},"38":{"type":"branch","line":127,"loc":{"start":{"line":127,"column":36},"end":{"line":130,"column":29}},"locations":[{"start":{"line":127,"column":36},"end":{"line":130,"column":29}}]}},"b":{"0":[42],"1":[4],"2":[36],"3":[4],"4":[36],"5":[4],"6":[36],"7":[4],"8":[36],"9":[4],"10":[36],"11":[4],"12":[36],"13":[4],"14":[40],"15":[0],"16":[4],"17":[36],"18":[4],"19":[2],"20":[2],"21":[1],"22":[1],"23":[1],"24":[1],"25":[0],"26":[0],"27":[40],"28":[4],"29":[36],"30":[4],"31":[1],"32":[0],"33":[41],"34":[8],"35":[42],"36":[5],"37":[37],"38":[45]},"fnMap":{"0":{"name":"EmployeeForm","decl":{"start":{"line":27,"column":0},"end":{"line":177,"column":1}},"loc":{"start":{"line":27,"column":0},"end":{"line":177,"column":1}},"line":27},"1":{"name":"submit","decl":{"start":{"line":54,"column":17},"end":{"line":57,"column":3}},"loc":{"start":{"line":54,"column":17},"end":{"line":57,"column":3}},"line":54},"2":{"name":"render","decl":{"start":{"line":122,"column":20},"end":{"line":132,"column":23}},"loc":{"start":{"line":122,"column":20},"end":{"line":132,"column":23}},"line":122}},"f":{"0":42,"1":1,"2":42}}
,"/run/media/ahb/desk/task/frontend-developer-a-final-76218-abdulla/src/components/EmployeeTable.tsx": {"path":"/run/media/ahb/desk/task/frontend-developer-a-final-76218-abdulla/src/components/EmployeeTable.tsx","all":false,"statementMap":{"0":{"start":{"line":1,"column":0},"end":{"line":1,"column":8}},"21":{"start":{"line":22,"column":0},"end":{"line":22,"column":33}},"22":{"start":{"line":23,"column":0},"end":{"line":23,"column":13}},"23":{"start":{"line":24,"column":0},"end":{"line":24,"column":15}},"24":{"start":{"line":25,"column":0},"end":{"line":25,"column":20}},"25":{"start":{"line":26,"column":0},"end":{"line":26,"column":16}},"26":{"start":{"line":27,"column":0},"end":{"line":27,"column":42}},"27":{"start":{"line":28,"column":0},"end":{"line":28,"column":13}},"28":{"start":{"line":29,"column":0},"end":{"line":29,"column":1}},"30":{"start":{"line":31,"column":0},"end":{"line":31,"column":92}},"31":{"start":{"line":32,"column":0},"end":{"line":32,"column":10}},"32":{"start":{"line":33,"column":0},"end":{"line":33,"column":71}},"33":{"start":{"line":34,"column":0},"end":{"line":34,"column":41}},"34":{"start":{"line":35,"column":0},"end":{"line":35,"column":19}},"35":{"start":{"line":36,"column":0},"end":{"line":36,"column":20}},"36":{"start":{"line":37,"column":0},"end":{"line":37,"column":23}},"37":{"start":{"line":38,"column":0},"end":{"line":38,"column":35}},"38":{"start":{"line":39,"column":0},"end":{"line":39,"column":24}},"39":{"start":{"line":40,"column":0},"end":{"line":40,"column":23}},"40":{"start":{"line":41,"column":0},"end":{"line":41,"column":36}},"41":{"start":{"line":42,"column":0},"end":{"line":42,"column":24}},"42":{"start":{"line":43,"column":0},"end":{"line":43,"column":23}},"43":{"start":{"line":44,"column":0},"end":{"line":44,"column":37}},"44":{"start":{"line":45,"column":0},"end":{"line":45,"column":24}},"45":{"start":{"line":46,"column":0},"end":{"line":46,"column":23}},"46":{"start":{"line":47,"column":0},"end":{"line":47,"column":38}},"47":{"start":{"line":48,"column":0},"end":{"line":48,"column":24}},"48":{"start":{"line":49,"column":0},"end":{"line":49,"column":37}},"49":{"start":{"line":50,"column":0},"end":{"line":50,"column":38}},"50":{"start":{"line":51,"column":0},"end":{"line":51,"column":24}},"51":{"start":{"line":52,"column":0},"end":{"line":52,"column":21}},"52":{"start":{"line":53,"column":0},"end":{"line":53,"column":20}},"53":{"start":{"line":54,"column":0},"end":{"line":54,"column":19}},"54":{"start":{"line":55,"column":0},"end":{"line":55,"column":35}},"55":{"start":{"line":56,"column":0},"end":{"line":56,"column":41}},"56":{"start":{"line":57,"column":0},"end":{"line":57,"column":43}},"57":{"start":{"line":58,"column":0},"end":{"line":58,"column":66}},"58":{"start":{"line":59,"column":0},"end":{"line":59,"column":89}},"59":{"start":{"line":60,"column":0},"end":{"line":60,"column":55}},"60":{"start":{"line":61,"column":0},"end":{"line":61,"column":27}},"61":{"start":{"line":62,"column":0},"end":{"line":62,"column":23}},"62":{"start":{"line":63,"column":0},"end":{"line":63,"column":65}},"63":{"start":{"line":64,"column":0},"end":{"line":64,"column":32}},"64":{"start":{"line":65,"column":0},"end":{"line":65,"column":33}},"65":{"start":{"line":66,"column":0},"end":{"line":66,"column":73}},"66":{"start":{"line":67,"column":0},"end":{"line":67,"column":34}},"67":{"start":{"line":68,"column":0},"end":{"line":68,"column":33}},"68":{"start":{"line":69,"column":0},"end":{"line":69,"column":24}},"69":{"start":{"line":70,"column":0},"end":{"line":70,"column":22}},"70":{"start":{"line":71,"column":0},"end":{"line":71,"column":26}},"71":{"start":{"line":72,"column":0},"end":{"line":72,"column":67}},"72":{"start":{"line":73,"column":0},"end":{"line":73,"column":69}},"73":{"start":{"line":74,"column":0},"end":{"line":74,"column":71}},"74":{"start":{"line":75,"column":0},"end":{"line":75,"column":60}},"75":{"start":{"line":76,"column":0},"end":{"line":76,"column":23}},"76":{"start":{"line":77,"column":0},"end":{"line":77,"column":30}},"77":{"start":{"line":78,"column":0},"end":{"line":78,"column":36}},"78":{"start":{"line":79,"column":0},"end":{"line":79,"column":45}},"79":{"start":{"line":80,"column":0},"end":{"line":80,"column":49}},"80":{"start":{"line":81,"column":0},"end":{"line":81,"column":32}},"81":{"start":{"line":82,"column":0},"end":{"line":82,"column":17}},"83":{"start":{"line":84,"column":0},"end":{"line":84,"column":25}},"84":{"start":{"line":85,"column":0},"end":{"line":85,"column":23}},"85":{"start":{"line":86,"column":0},"end":{"line":86,"column":30}},"86":{"start":{"line":87,"column":0},"end":{"line":87,"column":37}},"87":{"start":{"line":88,"column":0},"end":{"line":88,"column":31}},"88":{"start":{"line":89,"column":0},"end":{"line":89,"column":47}},"89":{"start":{"line":90,"column":0},"end":{"line":90,"column":51}},"90":{"start":{"line":91,"column":0},"end":{"line":91,"column":17}},"92":{"start":{"line":93,"column":0},"end":{"line":93,"column":25}},"93":{"start":{"line":94,"column":0},"end":{"line":94,"column":26}},"94":{"start":{"line":95,"column":0},"end":{"line":95,"column":23}},"95":{"start":{"line":96,"column":0},"end":{"line":96,"column":13}},"96":{"start":{"line":97,"column":0},"end":{"line":97,"column":20}},"97":{"start":{"line":98,"column":0},"end":{"line":98,"column":14}},"98":{"start":{"line":99,"column":0},"end":{"line":99,"column":21}},"100":{"start":{"line":101,"column":0},"end":{"line":101,"column":1}}},"s":{"0":1,"21":13,"22":13,"23":13,"24":13,"25":13,"26":13,"27":13,"28":13,"30":13,"31":13,"32":13,"33":13,"34":13,"35":13,"36":13,"37":13,"38":13,"39":13,"40":13,"41":13,"42":13,"43":13,"44":13,"45":13,"46":13,"47":13,"48":13,"49":13,"50":13,"51":13,"52":13,"53":13,"54":13,"55":13,"56":13,"57":13,"58":13,"59":13,"60":13,"61":13,"62":13,"63":13,"64":13,"65":13,"66":13,"67":13,"68":13,"69":13,"70":13,"71":13,"72":13,"73":13,"74":13,"75":13,"76":13,"77":13,"78":13,"79":13,"80":13,"81":13,"83":13,"84":13,"85":13,"86":13,"87":13,"88":13,"89":13,"90":13,"92":13,"93":13,"94":13,"95":13,"96":13,"97":13,"98":13,"100":13},"branchMap":{"0":{"type":"branch","line":22,"loc":{"start":{"line":22,"column":0},"end":{"line":29,"column":1}},"locations":[{"start":{"line":22,"column":0},"end":{"line":29,"column":1}}]},"1":{"type":"branch","line":27,"loc":{"start":{"line":27,"column":9},"end":{"line":27,"column":41}},"locations":[{"start":{"line":27,"column":9},"end":{"line":27,"column":41}}]},"2":{"type":"branch","line":31,"loc":{"start":{"line":31,"column":0},"end":{"line":101,"column":1}},"locations":[{"start":{"line":31,"column":0},"end":{"line":101,"column":1}}]},"3":{"type":"branch","line":55,"loc":{"start":{"line":55,"column":25},"end":{"line":95,"column":23}},"locations":[{"start":{"line":55,"column":25},"end":{"line":95,"column":23}}]},"4":{"type":"branch","line":79,"loc":{"start":{"line":79,"column":27},"end":{"line":79,"column":45}},"locations":[{"start":{"line":79,"column":27},"end":{"line":79,"column":45}}]},"5":{"type":"branch","line":89,"loc":{"start":{"line":89,"column":27},"end":{"line":89,"column":47}},"locations":[{"start":{"line":89,"column":27},"end":{"line":89,"column":47}}]}},"b":{"0":[13],"1":[13],"2":[13],"3":[13],"4":[1],"5":[1]},"fnMap":{"0":{"name":"initials","decl":{"start":{"line":22,"column":0},"end":{"line":29,"column":1}},"loc":{"start":{"line":22,"column":0},"end":{"line":29,"column":1}},"line":22},"1":{"name":"EmployeeTable","decl":{"start":{"line":31,"column":0},"end":{"line":101,"column":1}},"loc":{"start":{"line":31,"column":0},"end":{"line":101,"column":1}},"line":31},"2":{"name":"onClick","decl":{"start":{"line":79,"column":27},"end":{"line":79,"column":45}},"loc":{"start":{"line":79,"column":27},"end":{"line":79,"column":45}},"line":79},"3":{"name":"onClick","decl":{"start":{"line":89,"column":27},"end":{"line":89,"column":47}},"loc":{"start":{"line":89,"column":27},"end":{"line":89,"column":47}},"line":89}},"f":{"0":13,"1":13,"2":1,"3":1}}
,"/run/media/ahb/desk/task/frontend-developer-a-final-76218-abdulla/src/components/Loader.tsx": {"path":"/run/media/ahb/desk/task/frontend-developer-a-final-76218-abdulla/src/components/Loader.tsx","all":false,"statementMap":{"0":{"start":{"line":1,"column":0},"end":{"line":1,"column":65}},"2":{"start":{"line":3,"column":0},"end":{"line":3,"column":78}},"3":{"start":{"line":4,"column":0},"end":{"line":4,"column":10}},"4":{"start":{"line":5,"column":0},"end":{"line":5,"column":72}},"5":{"start":{"line":6,"column":0},"end":{"line":6,"column":36}},"6":{"start":{"line":7,"column":0},"end":{"line":7,"column":57}},"7":{"start":{"line":8,"column":0},"end":{"line":8,"column":15}},"8":{"start":{"line":9,"column":0},"end":{"line":9,"column":19}},"9":{"start":{"line":10,"column":0},"end":{"line":10,"column":10}},"11":{"start":{"line":12,"column":0},"end":{"line":12,"column":1}}},"s":{"0":1,"2":6,"3":6,"4":6,"5":6,"6":6,"7":6,"8":6,"9":6,"11":6},"branchMap":{"0":{"type":"branch","line":3,"loc":{"start":{"line":3,"column":0},"end":{"line":12,"column":1}},"locations":[{"start":{"line":3,"column":0},"end":{"line":12,"column":1}}]}},"b":{"0":[6]},"fnMap":{"0":{"name":"Loader","decl":{"start":{"line":3,"column":0},"end":{"line":12,"column":1}},"loc":{"start":{"line":3,"column":0},"end":{"line":12,"column":1}},"line":3}},"f":{"0":6}}
,"/run/media/ahb/desk/task/frontend-developer-a-final-76218-abdulla/src/components/Message.tsx": {"path":"/run/media/ahb/desk/task/frontend-developer-a-final-76218-abdulla/src/components/Message.tsx","all":false,"statementMap":{"0":{"start":{"line":1,"column":0},"end":{"line":1,"column":54}},"8":{"start":{"line":9,"column":0},"end":{"line":9,"column":74}},"9":{"start":{"line":10,"column":0},"end":{"line":10,"column":87}},"10":{"start":{"line":11,"column":0},"end":{"line":11,"column":10}},"11":{"start":{"line":12,"column":0},"end":{"line":12,"column":61}},"12":{"start":{"line":13,"column":0},"end":{"line":13,"column":52}},"13":{"start":{"line":14,"column":0},"end":{"line":14,"column":40}},"14":{"start":{"line":15,"column":0},"end":{"line":15,"column":18}},"15":{"start":{"line":16,"column":0},"end":{"line":16,"column":14}},"16":{"start":{"line":17,"column":0},"end":{"line":17,"column":10}},"18":{"start":{"line":19,"column":0},"end":{"line":19,"column":1}}},"s":{"0":1,"8":10,"9":10,"10":10,"11":10,"12":10,"13":10,"14":10,"15":10,"16":10,"18":10},"branchMap":{"0":{"type":"branch","line":9,"loc":{"start":{"line":9,"column":0},"end":{"line":19,"column":1}},"locations":[{"start":{"line":9,"column":0},"end":{"line":19,"column":1}}]},"1":{"type":"branch","line":10,"loc":{"start":{"line":10,"column":28},"end":{"line":10,"column":48}},"locations":[{"start":{"line":10,"column":28},"end":{"line":10,"column":48}}]},"2":{"type":"branch","line":10,"loc":{"start":{"line":10,"column":57},"end":{"line":10,"column":81}},"locations":[{"start":{"line":10,"column":57},"end":{"line":10,"column":81}}]},"3":{"type":"branch","line":12,"loc":{"start":{"line":12,"column":31},"end":{"line":12,"column":51}},"locations":[{"start":{"line":12,"column":31},"end":{"line":12,"column":51}}]}},"b":{"0":[10],"1":[0],"2":[0],"3":[0]},"fnMap":{"0":{"name":"Message","decl":{"start":{"line":9,"column":0},"end":{"line":19,"column":1}},"loc":{"start":{"line":9,"column":0},"end":{"line":19,"column":1}},"line":9}},"f":{"0":10}}
,"/run/media/ahb/desk/task/frontend-developer-a-final-76218-abdulla/src/components/SearchBar.tsx": {"path":"/run/media/ahb/desk/task/frontend-developer-a-final-76218-abdulla/src/components/SearchBar.tsx","all":false,"statementMap":{"0":{"start":{"line":1,"column":0},"end":{"line":1,"column":32}},"9":{"start":{"line":10,"column":0},"end":{"line":10,"column":84}},"10":{"start":{"line":11,"column":0},"end":{"line":11,"column":34}},"12":{"start":{"line":13,"column":0},"end":{"line":13,"column":42}},"13":{"start":{"line":14,"column":0},"end":{"line":14,"column":22}},"14":{"start":{"line":15,"column":0},"end":{"line":15,"column":38}},"15":{"start":{"line":16,"column":0},"end":{"line":16,"column":3}},"17":{"start":{"line":18,"column":0},"end":{"line":18,"column":10}},"18":{"start":{"line":19,"column":0},"end":{"line":19,"column":8}},"19":{"start":{"line":20,"column":0},"end":{"line":20,"column":22}},"20":{"start":{"line":21,"column":0},"end":{"line":21,"column":23}},"21":{"start":{"line":22,"column":0},"end":{"line":22,"column":20}},"22":{"start":{"line":23,"column":0},"end":{"line":23,"column":15}},"23":{"start":{"line":24,"column":0},"end":{"line":24,"column":21}},"24":{"start":{"line":25,"column":0},"end":{"line":25,"column":19}},"25":{"start":{"line":26,"column":0},"end":{"line":26,"column":25}},"27":{"start":{"line":28,"column":0},"end":{"line":28,"column":16}},"28":{"start":{"line":29,"column":0},"end":{"line":29,"column":20}},"29":{"start":{"line":30,"column":0},"end":{"line":30,"column":37}},"30":{"start":{"line":31,"column":0},"end":{"line":31,"column":26}},"31":{"start":{"line":32,"column":0},"end":{"line":32,"column":18}},"32":{"start":{"line":33,"column":0},"end":{"line":33,"column":47}},"33":{"start":{"line":34,"column":0},"end":{"line":34,"column":27}},"34":{"start":{"line":35,"column":0},"end":{"line":35,"column":62}},"35":{"start":{"line":36,"column":0},"end":{"line":36,"column":8}},"36":{"start":{"line":37,"column":0},"end":{"line":37,"column":96}},"38":{"start":{"line":39,"column":0},"end":{"line":39,"column":15}},"39":{"start":{"line":40,"column":0},"end":{"line":40,"column":99}},"41":{"start":{"line":42,"column":0},"end":{"line":42,"column":15}},"42":{"start":{"line":43,"column":0},"end":{"line":43,"column":10}},"44":{"start":{"line":45,"column":0},"end":{"line":45,"column":1}}},"s":{"0":1,"9":34,"10":34,"12":34,"13":2,"14":2,"15":2,"17":34,"18":34,"19":34,"20":34,"21":34,"22":34,"23":34,"24":34,"25":34,"27":34,"28":34,"29":34,"30":34,"31":34,"32":34,"33":34,"34":34,"35":34,"36":34,"38":34,"39":34,"41":34,"42":34,"44":34},"branchMap":{"0":{"type":"branch","line":10,"loc":{"start":{"line":10,"column":0},"end":{"line":45,"column":1}},"locations":[{"start":{"line":10,"column":0},"end":{"line":45,"column":1}}]},"1":{"type":"branch","line":37,"loc":{"start":{"line":37,"column":58},"end":{"line":37,"column":82}},"locations":[{"start":{"line":37,"column":58},"end":{"line":37,"column":82}}]},"2":{"type":"branch","line":13,"loc":{"start":{"line":13,"column":17},"end":{"line":16,"column":3}},"locations":[{"start":{"line":13,"column":17},"end":{"line":16,"column":3}}]},"3":{"type":"branch","line":33,"loc":{"start":{"line":33,"column":18},"end":{"line":33,"column":47}},"locations":[{"start":{"line":33,"column":18},"end":{"line":33,"column":47}}]}},"b":{"0":[34],"1":[32],"2":[2],"3":[5]},"fnMap":{"0":{"name":"SearchBar","decl":{"start":{"line":10,"column":0},"end":{"line":45,"column":1}},"loc":{"start":{"line":10,"column":0},"end":{"line":45,"column":1}},"line":10},"1":{"name":"submit","decl":{"start":{"line":13,"column":17},"end":{"line":16,"column":3}},"loc":{"start":{"line":13,"column":17},"end":{"line":16,"column":3}},"line":13},"2":{"name":"onChange","decl":{"start":{"line":33,"column":18},"end":{"line":33,"column":47}},"loc":{"start":{"line":33,"column":18},"end":{"line":33,"column":47}},"line":33}},"f":{"0":34,"1":2,"2":5}}
,"/run/media/ahb/desk/task/frontend-developer-a-final-76218-abdulla/src/containers/EmployeesContainer.tsx": {"path":"/run/media/ahb/desk/task/frontend-developer-a-final-76218-abdulla/src/containers/EmployeesContainer.tsx","all":false,"statementMap":{"0":{"start":{"line":1,"column":0},"end":{"line":1,"column":43}},"19":{"start":{"line":20,"column":0},"end":{"line":20,"column":46}},"20":{"start":{"line":21,"column":0},"end":{"line":21,"column":35}},"21":{"start":{"line":22,"column":0},"end":{"line":22,"column":84}},"22":{"start":{"line":23,"column":0},"end":{"line":23,"column":23}},"23":{"start":{"line":24,"column":0},"end":{"line":24,"column":3}},"24":{"start":{"line":25,"column":0},"end":{"line":25,"column":85}},"26":{"start":{"line":27,"column":0},"end":{"line":27,"column":63}},"27":{"start":{"line":28,"column":0},"end":{"line":28,"column":65}},"28":{"start":{"line":29,"column":0},"end":{"line":29,"column":42}},"30":{"start":{"line":31,"column":0},"end":{"line":31,"column":19}},"31":{"start":{"line":32,"column":0},"end":{"line":32,"column":30}},"32":{"start":{"line":33,"column":0},"end":{"line":33,"column":30}},"33":{"start":{"line":34,"column":0},"end":{"line":34,"column":16}},"35":{"start":{"line":36,"column":0},"end":{"line":36,"column":39}},"36":{"start":{"line":37,"column":0},"end":{"line":37,"column":29}},"37":{"start":{"line":38,"column":0},"end":{"line":38,"column":23}},"38":{"start":{"line":39,"column":0},"end":{"line":39,"column":14}},"39":{"start":{"line":40,"column":0},"end":{"line":40,"column":45}},"40":{"start":{"line":41,"column":0},"end":{"line":41,"column":46}},"41":{"start":{"line":42,"column":0},"end":{"line":42,"column":47}},"42":{"start":{"line":43,"column":0},"end":{"line":43,"column":46}},"43":{"start":{"line":44,"column":0},"end":{"line":44,"column":7}},"44":{"start":{"line":45,"column":0},"end":{"line":45,"column":15}},"46":{"start":{"line":47,"column":0},"end":{"line":47,"column":40}},"47":{"start":{"line":48,"column":0},"end":{"line":48,"column":35}},"48":{"start":{"line":49,"column":0},"end":{"line":49,"column":3}},"50":{"start":{"line":51,"column":0},"end":{"line":51,"column":35}},"51":{"start":{"line":52,"column":0},"end":{"line":52,"column":27}},"52":{"start":{"line":53,"column":0},"end":{"line":53,"column":3}},"54":{"start":{"line":55,"column":0},"end":{"line":55,"column":49}},"55":{"start":{"line":56,"column":0},"end":{"line":56,"column":18}},"56":{"start":{"line":57,"column":0},"end":{"line":57,"column":56}},"57":{"start":{"line":58,"column":0},"end":{"line":58,"column":22}},"58":{"start":{"line":59,"column":0},"end":{"line":59,"column":12}},"59":{"start":{"line":60,"column":0},"end":{"line":60,"column":36}},"60":{"start":{"line":61,"column":0},"end":{"line":61,"column":5}},"61":{"start":{"line":62,"column":0},"end":{"line":62,"column":3}},"63":{"start":{"line":64,"column":0},"end":{"line":64,"column":37}},"64":{"start":{"line":65,"column":0},"end":{"line":65,"column":19}},"65":{"start":{"line":66,"column":0},"end":{"line":66,"column":43}},"66":{"start":{"line":67,"column":0},"end":{"line":67,"column":23}},"67":{"start":{"line":68,"column":0},"end":{"line":68,"column":5}},"68":{"start":{"line":69,"column":0},"end":{"line":69,"column":3}},"70":{"start":{"line":71,"column":0},"end":{"line":71,"column":121}},"72":{"start":{"line":73,"column":0},"end":{"line":73,"column":10}},"73":{"start":{"line":74,"column":0},"end":{"line":74,"column":31}},"74":{"start":{"line":75,"column":0},"end":{"line":75,"column":37}},"75":{"start":{"line":76,"column":0},"end":{"line":76,"column":58}},"76":{"start":{"line":77,"column":0},"end":{"line":77,"column":70}},"77":{"start":{"line":78,"column":0},"end":{"line":78,"column":15}},"79":{"start":{"line":80,"column":0},"end":{"line":80,"column":77}},"80":{"start":{"line":81,"column":0},"end":{"line":81,"column":18}},"81":{"start":{"line":82,"column":0},"end":{"line":82,"column":33}},"82":{"start":{"line":83,"column":0},"end":{"line":83,"column":37}},"83":{"start":{"line":84,"column":0},"end":{"line":84,"column":27}},"84":{"start":{"line":85,"column":0},"end":{"line":85,"column":10}},"85":{"start":{"line":86,"column":0},"end":{"line":86,"column":58}},"86":{"start":{"line":87,"column":0},"end":{"line":87,"column":69}},"87":{"start":{"line":88,"column":0},"end":{"line":88,"column":74}},"88":{"start":{"line":89,"column":0},"end":{"line":89,"column":58}},"89":{"start":{"line":90,"column":0},"end":{"line":90,"column":86}},"90":{"start":{"line":91,"column":0},"end":{"line":91,"column":20}},"92":{"start":{"line":93,"column":0},"end":{"line":93,"column":76}},"93":{"start":{"line":94,"column":0},"end":{"line":94,"column":39}},"95":{"start":{"line":96,"column":0},"end":{"line":96,"column":16}},"97":{"start":{"line":98,"column":0},"end":{"line":98,"column":26}},"98":{"start":{"line":99,"column":0},"end":{"line":99,"column":41}},"99":{"start":{"line":100,"column":0},"end":{"line":100,"column":59}},"100":{"start":{"line":101,"column":0},"end":{"line":101,"column":50}},"101":{"start":{"line":102,"column":0},"end":{"line":102,"column":48}},"102":{"start":{"line":103,"column":0},"end":{"line":103,"column":49}},"103":{"start":{"line":104,"column":0},"end":{"line":104,"column":50}},"104":{"start":{"line":105,"column":0},"end":{"line":105,"column":51}},"105":{"start":{"line":106,"column":0},"end":{"line":106,"column":20}},"106":{"start":{"line":107,"column":0},"end":{"line":107,"column":22}},"107":{"start":{"line":108,"column":0},"end":{"line":108,"column":16}},"109":{"start":{"line":110,"column":0},"end":{"line":110,"column":16}},"111":{"start":{"line":112,"column":0},"end":{"line":112,"column":39}},"112":{"start":{"line":113,"column":0},"end":{"line":113,"column":71}},"113":{"start":{"line":114,"column":0},"end":{"line":114,"column":40}},"114":{"start":{"line":115,"column":0},"end":{"line":115,"column":53}},"115":{"start":{"line":116,"column":0},"end":{"line":116,"column":18}},"116":{"start":{"line":117,"column":0},"end":{"line":117,"column":27}},"117":{"start":{"line":118,"column":0},"end":{"line":118,"column":37}},"118":{"start":{"line":119,"column":0},"end":{"line":119,"column":28}},"119":{"start":{"line":120,"column":0},"end":{"line":120,"column":57}},"120":{"start":{"line":121,"column":0},"end":{"line":121,"column":71}},"121":{"start":{"line":122,"column":0},"end":{"line":122,"column":43}},"122":{"start":{"line":123,"column":0},"end":{"line":123,"column":14}},"123":{"start":{"line":124,"column":0},"end":{"line":124,"column":16}},"125":{"start":{"line":126,"column":0},"end":{"line":126,"column":62}},"126":{"start":{"line":127,"column":0},"end":{"line":127,"column":59}},"127":{"start":{"line":128,"column":0},"end":{"line":128,"column":60}},"128":{"start":{"line":129,"column":0},"end":{"line":129,"column":59}},"129":{"start":{"line":130,"column":0},"end":{"line":130,"column":61}},"130":{"start":{"line":131,"column":0},"end":{"line":131,"column":22}},"132":{"start":{"line":133,"column":0},"end":{"line":133,"column":92}},"133":{"start":{"line":134,"column":0},"end":{"line":134,"column":53}},"134":{"start":{"line":135,"column":0},"end":{"line":135,"column":77}},"135":{"start":{"line":136,"column":0},"end":{"line":136,"column":22}},"137":{"start":{"line":138,"column":0},"end":{"line":138,"column":66}},"138":{"start":{"line":139,"column":0},"end":{"line":139,"column":26}},"139":{"start":{"line":140,"column":0},"end":{"line":140,"column":43}},"140":{"start":{"line":141,"column":0},"end":{"line":141,"column":33}},"141":{"start":{"line":142,"column":0},"end":{"line":142,"column":36}},"142":{"start":{"line":143,"column":0},"end":{"line":143,"column":14}},"144":{"start":{"line":145,"column":0},"end":{"line":145,"column":14}},"146":{"start":{"line":147,"column":0},"end":{"line":147,"column":14}},"147":{"start":{"line":148,"column":0},"end":{"line":148,"column":81}},"148":{"start":{"line":149,"column":0},"end":{"line":149,"column":36}},"150":{"start":{"line":151,"column":0},"end":{"line":151,"column":23}},"151":{"start":{"line":152,"column":0},"end":{"line":152,"column":38}},"152":{"start":{"line":153,"column":0},"end":{"line":153,"column":33}},"153":{"start":{"line":154,"column":0},"end":{"line":154,"column":47}},"154":{"start":{"line":155,"column":0},"end":{"line":155,"column":29}},"155":{"start":{"line":156,"column":0},"end":{"line":156,"column":35}},"156":{"start":{"line":157,"column":0},"end":{"line":157,"column":45}},"157":{"start":{"line":158,"column":0},"end":{"line":158,"column":25}},"158":{"start":{"line":159,"column":0},"end":{"line":159,"column":31}},"159":{"start":{"line":160,"column":0},"end":{"line":160,"column":12}},"160":{"start":{"line":161,"column":0},"end":{"line":161,"column":16}},"161":{"start":{"line":162,"column":0},"end":{"line":162,"column":16}},"163":{"start":{"line":164,"column":0},"end":{"line":164,"column":20}},"164":{"start":{"line":165,"column":0},"end":{"line":165,"column":21}},"165":{"start":{"line":166,"column":0},"end":{"line":166,"column":29}},"166":{"start":{"line":167,"column":0},"end":{"line":167,"column":41}},"167":{"start":{"line":168,"column":0},"end":{"line":168,"column":44}},"168":{"start":{"line":169,"column":0},"end":{"line":169,"column":23}},"169":{"start":{"line":170,"column":0},"end":{"line":170,"column":10}},"171":{"start":{"line":172,"column":0},"end":{"line":172,"column":10}},"173":{"start":{"line":174,"column":0},"end":{"line":174,"column":1}}},"s":{"0":1,"19":26,"20":26,"21":26,"22":26,"23":26,"24":26,"26":26,"27":26,"28":26,"30":26,"31":5,"32":5,"33":26,"35":26,"36":26,"37":8,"38":8,"39":8,"40":3,"41":3,"42":3,"43":8,"44":17,"46":26,"47":1,"48":1,"50":26,"51":0,"52":0,"54":26,"55":0,"56":0,"57":0,"58":0,"59":0,"60":0,"61":0,"63":26,"64":0,"65":0,"66":0,"67":0,"68":0,"70":26,"72":26,"73":26,"74":26,"75":26,"76":26,"77":26,"79":26,"80":26,"81":26,"82":26,"83":26,"84":26,"85":26,"86":26,"87":26,"88":1,"89":1,"90":1,"92":26,"93":23,"95":23,"97":26,"98":0,"99":0,"100":0,"101":0,"102":0,"103":0,"104":0,"105":0,"106":0,"107":0,"109":26,"111":26,"112":26,"113":26,"114":26,"115":26,"116":26,"117":26,"118":26,"119":26,"120":26,"121":26,"122":26,"123":26,"125":26,"126":26,"127":26,"128":6,"129":6,"130":6,"132":26,"133":3,"134":3,"135":3,"137":26,"138":11,"139":11,"140":11,"141":11,"142":11,"144":26,"146":26,"147":26,"148":26,"150":26,"151":26,"152":26,"153":26,"154":26,"155":26,"156":26,"157":26,"158":26,"159":26,"160":26,"161":26,"163":26,"164":0,"165":0,"166":0,"167":0,"168":0,"169":0,"171":26,"173":26},"branchMap":{"0":{"type":"branch","line":20,"loc":{"start":{"line":20,"column":0},"end":{"line":174,"column":1}},"locations":[{"start":{"line":20,"column":0},"end":{"line":174,"column":1}}]},"1":{"type":"branch","line":37,"loc":{"start":{"line":37,"column":28},"end":{"line":44,"column":7}},"locations":[{"start":{"line":37,"column":28},"end":{"line":44,"column":7}}]},"2":{"type":"branch","line":44,"loc":{"start":{"line":44,"column":6},"end":{"line":45,"column":15}},"locations":[{"start":{"line":44,"column":6},"end":{"line":45,"column":15}}]},"3":{"type":"branch","line":86,"loc":{"start":{"line":86,"column":9},"end":{"line":86,"column":58}},"locations":[{"start":{"line":86,"column":9},"end":{"line":86,"column":58}}]},"4":{"type":"branch","line":87,"loc":{"start":{"line":87,"column":9},"end":{"line":87,"column":69}},"locations":[{"start":{"line":87,"column":9},"end":{"line":87,"column":69}}]},"5":{"type":"branch","line":88,"loc":{"start":{"line":88,"column":10},"end":{"line":88,"column":43}},"locations":[{"start":{"line":88,"column":10},"end":{"line":88,"column":43}}]},"6":{"type":"branch","line":88,"loc":{"start":{"line":88,"column":28},"end":{"line":88,"column":61}},"locations":[{"start":{"line":88,"column":28},"end":{"line":88,"column":61}}]},"7":{"type":"branch","line":88,"loc":{"start":{"line":88,"column":43},"end":{"line":88,"column":74}},"locations":[{"start":{"line":88,"column":43},"end":{"line":88,"column":74}}]},"8":{"type":"branch","line":88,"loc":{"start":{"line":88,"column":61},"end":{"line":91,"column":20}},"locations":[{"start":{"line":88,"column":61},"end":{"line":91,"column":20}}]},"9":{"type":"branch","line":93,"loc":{"start":{"line":93,"column":10},"end":{"line":93,"column":43}},"locations":[{"start":{"line":93,"column":10},"end":{"line":93,"column":43}}]},"10":{"type":"branch","line":93,"loc":{"start":{"line":93,"column":28},"end":{"line":93,"column":62}},"locations":[{"start":{"line":93,"column":28},"end":{"line":93,"column":62}}]},"11":{"type":"branch","line":93,"loc":{"start":{"line":93,"column":44},"end":{"line":93,"column":76}},"locations":[{"start":{"line":93,"column":44},"end":{"line":93,"column":76}}]},"12":{"type":"branch","line":93,"loc":{"start":{"line":93,"column":63},"end":{"line":96,"column":16}},"locations":[{"start":{"line":93,"column":63},"end":{"line":96,"column":16}}]},"13":{"type":"branch","line":98,"loc":{"start":{"line":98,"column":9},"end":{"line":108,"column":16}},"locations":[{"start":{"line":98,"column":9},"end":{"line":108,"column":16}}]},"14":{"type":"branch","line":126,"loc":{"start":{"line":126,"column":11},"end":{"line":126,"column":62}},"locations":[{"start":{"line":126,"column":11},"end":{"line":126,"column":62}}]},"15":{"type":"branch","line":127,"loc":{"start":{"line":127,"column":11},"end":{"line":127,"column":59}},"locations":[{"start":{"line":127,"column":11},"end":{"line":127,"column":59}}]},"16":{"type":"branch","line":128,"loc":{"start":{"line":128,"column":12},"end":{"line":128,"column":33}},"locations":[{"start":{"line":128,"column":12},"end":{"line":128,"column":33}}]},"17":{"type":"branch","line":128,"loc":{"start":{"line":128,"column":24},"end":{"line":128,"column":60}},"locations":[{"start":{"line":128,"column":24},"end":{"line":128,"column":60}}]},"18":{"type":"branch","line":128,"loc":{"start":{"line":128,"column":54},"end":{"line":131,"column":22}},"locations":[{"start":{"line":128,"column":54},"end":{"line":131,"column":22}}]},"19":{"type":"branch","line":133,"loc":{"start":{"line":133,"column":12},"end":{"line":133,"column":33}},"locations":[{"start":{"line":133,"column":12},"end":{"line":133,"column":33}}]},"20":{"type":"branch","line":133,"loc":{"start":{"line":133,"column":24},"end":{"line":133,"column":57}},"locations":[{"start":{"line":133,"column":24},"end":{"line":133,"column":57}}]},"21":{"type":"branch","line":133,"loc":{"start":{"line":133,"column":52},"end":{"line":133,"column":92}},"locations":[{"start":{"line":133,"column":52},"end":{"line":133,"column":92}}]},"22":{"type":"branch","line":133,"loc":{"start":{"line":133,"column":86},"end":{"line":136,"column":22}},"locations":[{"start":{"line":133,"column":86},"end":{"line":136,"column":22}}]},"23":{"type":"branch","line":138,"loc":{"start":{"line":138,"column":12},"end":{"line":138,"column":33}},"locations":[{"start":{"line":138,"column":12},"end":{"line":138,"column":33}}]},"24":{"type":"branch","line":138,"loc":{"start":{"line":138,"column":24},"end":{"line":138,"column":66}},"locations":[{"start":{"line":138,"column":24},"end":{"line":138,"column":66}}]},"25":{"type":"branch","line":138,"loc":{"start":{"line":138,"column":60},"end":{"line":143,"column":14}},"locations":[{"start":{"line":138,"column":60},"end":{"line":143,"column":14}}]},"26":{"type":"branch","line":148,"loc":{"start":{"line":148,"column":42},"end":{"line":148,"column":76}},"locations":[{"start":{"line":148,"column":42},"end":{"line":148,"column":76}}]},"27":{"type":"branch","line":148,"loc":{"start":{"line":148,"column":52},"end":{"line":148,"column":78}},"locations":[{"start":{"line":148,"column":52},"end":{"line":148,"column":78}}]},"28":{"type":"branch","line":159,"loc":{"start":{"line":159,"column":19},"end":{"line":159,"column":31}},"locations":[{"start":{"line":159,"column":19},"end":{"line":159,"column":31}}]},"29":{"type":"branch","line":159,"loc":{"start":{"line":159,"column":19},"end":{"line":159,"column":31}},"locations":[{"start":{"line":159,"column":19},"end":{"line":159,"column":31}}]},"30":{"type":"branch","line":164,"loc":{"start":{"line":164,"column":7},"end":{"line":170,"column":10}},"locations":[{"start":{"line":164,"column":7},"end":{"line":170,"column":10}}]},"31":{"type":"branch","line":23,"loc":{"start":{"line":23,"column":4},"end":{"line":23,"column":23}},"locations":[{"start":{"line":23,"column":4},"end":{"line":23,"column":23}}]},"32":{"type":"branch","line":25,"loc":{"start":{"line":25,"column":66},"end":{"line":25,"column":84}},"locations":[{"start":{"line":25,"column":66},"end":{"line":25,"column":84}}]},"33":{"type":"branch","line":31,"loc":{"start":{"line":31,"column":12},"end":{"line":34,"column":5}},"locations":[{"start":{"line":31,"column":12},"end":{"line":34,"column":5}}]},"34":{"type":"branch","line":39,"loc":{"start":{"line":39,"column":8},"end":{"line":43,"column":46}},"locations":[{"start":{"line":39,"column":8},"end":{"line":43,"column":46}}]},"35":{"type":"branch","line":40,"loc":{"start":{"line":40,"column":41},"end":{"line":41,"column":46}},"locations":[{"start":{"line":40,"column":41},"end":{"line":41,"column":46}}]},"36":{"type":"branch","line":41,"loc":{"start":{"line":41,"column":42},"end":{"line":42,"column":47}},"locations":[{"start":{"line":41,"column":42},"end":{"line":42,"column":47}}]},"37":{"type":"branch","line":42,"loc":{"start":{"line":42,"column":43},"end":{"line":43,"column":46}},"locations":[{"start":{"line":42,"column":43},"end":{"line":43,"column":46}}]},"38":{"type":"branch","line":47,"loc":{"start":{"line":47,"column":23},"end":{"line":49,"column":3}},"locations":[{"start":{"line":47,"column":23},"end":{"line":49,"column":3}}]},"39":{"type":"branch","line":120,"loc":{"start":{"line":120,"column":24},"end":{"line":120,"column":57}},"locations":[{"start":{"line":120,"column":24},"end":{"line":120,"column":57}}]}},"b":{"0":[26],"1":[8],"2":[17],"3":[1],"4":[0],"5":[24],"6":[24],"7":[1],"8":[1],"9":[24],"10":[24],"11":[23],"12":[23],"13":[0],"14":[5],"15":[0],"16":[20],"17":[20],"18":[6],"19":[20],"20":[20],"21":[14],"22":[3],"23":[20],"24":[20],"25":[11],"26":[0],"27":[25],"28":[0],"29":[25],"30":[0],"31":[52],"32":[52],"33":[5],"34":[8],"35":[3],"36":[3],"37":[3],"38":[1],"39":[8]},"fnMap":{"0":{"name":"EmployeesContainer","decl":{"start":{"line":20,"column":0},"end":{"line":174,"column":1}},"loc":{"start":{"line":20,"column":0},"end":{"line":174,"column":1}},"line":20},"1":{"name":"handleSearch","decl":{"start":{"line":47,"column":23},"end":{"line":49,"column":3}},"loc":{"start":{"line":47,"column":23},"end":{"line":49,"column":3}},"line":47},"2":{"name":"handleClearSearch","decl":{"start":{"line":51,"column":28},"end":{"line":53,"column":3}},"loc":{"start":{"line":51,"column":28},"end":{"line":53,"column":3}},"line":51},"3":{"name":"handleSubmit","decl":{"start":{"line":55,"column":23},"end":{"line":62,"column":3}},"loc":{"start":{"line":55,"column":23},"end":{"line":62,"column":3}},"line":55},"4":{"name":"handleDeleteConfirm","decl":{"start":{"line":64,"column":30},"end":{"line":69,"column":3}},"loc":{"start":{"line":64,"column":30},"end":{"line":69,"column":3}},"line":64},"5":{"name":"onChange","decl":{"start":{"line":120,"column":24},"end":{"line":120,"column":57}},"loc":{"start":{"line":120,"column":24},"end":{"line":120,"column":57}},"line":120},"6":{"name":"onCancel","decl":{"start":{"line":157,"column":22},"end":{"line":157,"column":45}},"loc":{"start":{"line":157,"column":22},"end":{"line":157,"column":45}},"line":157},"7":{"name":"onCancel","decl":{"start":{"line":168,"column":20},"end":{"line":168,"column":44}},"loc":{"start":{"line":168,"column":20},"end":{"line":168,"column":44}},"line":168}},"f":{"0":26,"1":1,"2":0,"3":0,"4":0,"5":8,"6":0,"7":0}}
,"/run/media/ahb/desk/task/frontend-developer-a-final-76218-abdulla/src/features/countriesSlice.ts": {"path":"/run/media/ahb/desk/task/frontend-developer-a-final-76218-abdulla/src/features/countriesSlice.ts","all":false,"statementMap":{"0":{"start":{"line":1,"column":0},"end":{"line":1,"column":64}},"10":{"start":{"line":11,"column":0},"end":{"line":11,"column":36}},"11":{"start":{"line":12,"column":0},"end":{"line":12,"column":16}},"12":{"start":{"line":13,"column":0},"end":{"line":13,"column":17}},"13":{"start":{"line":14,"column":0},"end":{"line":14,"column":14}},"14":{"start":{"line":15,"column":0},"end":{"line":15,"column":1}},"16":{"start":{"line":17,"column":0},"end":{"line":17,"column":87}},"18":{"start":{"line":19,"column":0},"end":{"line":19,"column":36}},"19":{"start":{"line":20,"column":0},"end":{"line":20,"column":20}},"20":{"start":{"line":21,"column":0},"end":{"line":21,"column":15}},"21":{"start":{"line":22,"column":0},"end":{"line":22,"column":15}},"22":{"start":{"line":23,"column":0},"end":{"line":23,"column":31}},"23":{"start":{"line":24,"column":0},"end":{"line":24,"column":11}},"24":{"start":{"line":25,"column":0},"end":{"line":25,"column":51}},"25":{"start":{"line":26,"column":0},"end":{"line":26,"column":28}},"26":{"start":{"line":27,"column":0},"end":{"line":27,"column":26}},"27":{"start":{"line":28,"column":0},"end":{"line":28,"column":8}},"28":{"start":{"line":29,"column":0},"end":{"line":29,"column":61}},"29":{"start":{"line":30,"column":0},"end":{"line":30,"column":29}},"30":{"start":{"line":31,"column":0},"end":{"line":31,"column":40}},"31":{"start":{"line":32,"column":0},"end":{"line":32,"column":8}},"32":{"start":{"line":33,"column":0},"end":{"line":33,"column":52}},"33":{"start":{"line":34,"column":0},"end":{"line":34,"column":29}},"34":{"start":{"line":35,"column":0},"end":{"line":35,"column":49}},"35":{"start":{"line":36,"column":0},"end":{"line":36,"column":8}},"36":{"start":{"line":37,"column":0},"end":{"line":37,"column":4}},"37":{"start":{"line":38,"column":0},"end":{"line":38,"column":2}},"39":{"start":{"line":40,"column":0},"end":{"line":40,"column":37}}},"s":{"0":1,"10":1,"11":1,"12":1,"13":1,"14":1,"16":1,"18":1,"19":1,"20":1,"21":1,"22":1,"23":1,"24":1,"25":5,"26":5,"27":1,"28":1,"29":5,"30":5,"31":1,"32":1,"33":0,"34":0,"35":1,"36":1,"37":1,"39":1},"branchMap":{"0":{"type":"branch","line":23,"loc":{"start":{"line":23,"column":17},"end":{"line":37,"column":4}},"locations":[{"start":{"line":23,"column":17},"end":{"line":37,"column":4}}]},"1":{"type":"branch","line":25,"loc":{"start":{"line":25,"column":39},"end":{"line":28,"column":7}},"locations":[{"start":{"line":25,"column":39},"end":{"line":28,"column":7}}]},"2":{"type":"branch","line":29,"loc":{"start":{"line":29,"column":41},"end":{"line":32,"column":7}},"locations":[{"start":{"line":29,"column":41},"end":{"line":32,"column":7}}]}},"b":{"0":[1],"1":[5],"2":[5]},"fnMap":{"0":{"name":"extraReducers","decl":{"start":{"line":23,"column":17},"end":{"line":37,"column":4}},"loc":{"start":{"line":23,"column":17},"end":{"line":37,"column":4}},"line":23}},"f":{"0":1}}
,"/run/media/ahb/desk/task/frontend-developer-a-final-76218-abdulla/src/features/employeesSlice.ts": {"path":"/run/media/ahb/desk/task/frontend-developer-a-final-76218-abdulla/src/features/employeesSlice.ts","all":false,"statementMap":{"0":{"start":{"line":1,"column":0},"end":{"line":1,"column":64}},"19":{"start":{"line":20,"column":0},"end":{"line":20,"column":37}},"20":{"start":{"line":21,"column":0},"end":{"line":21,"column":16}},"21":{"start":{"line":22,"column":0},"end":{"line":22,"column":17}},"22":{"start":{"line":23,"column":0},"end":{"line":23,"column":14}},"23":{"start":{"line":24,"column":0},"end":{"line":24,"column":90}},"24":{"start":{"line":25,"column":0},"end":{"line":25,"column":16}},"25":{"start":{"line":26,"column":0},"end":{"line":26,"column":20}},"26":{"start":{"line":27,"column":0},"end":{"line":27,"column":1}},"28":{"start":{"line":29,"column":0},"end":{"line":29,"column":88}},"29":{"start":{"line":30,"column":0},"end":{"line":30,"column":50}},"33":{"start":{"line":34,"column":0},"end":{"line":34,"column":61}},"34":{"start":{"line":35,"column":0},"end":{"line":35,"column":7}},"35":{"start":{"line":36,"column":0},"end":{"line":36,"column":40}},"36":{"start":{"line":37,"column":0},"end":{"line":37,"column":17}},"37":{"start":{"line":38,"column":0},"end":{"line":38,"column":68}},"38":{"start":{"line":39,"column":0},"end":{"line":39,"column":3}},"39":{"start":{"line":40,"column":0},"end":{"line":40,"column":2}},"40":{"start":{"line":41,"column":0},"end":{"line":41,"column":47}},"41":{"start":{"line":42,"column":0},"end":{"line":42,"column":21}},"42":{"start":{"line":43,"column":0},"end":{"line":43,"column":52}},"43":{"start":{"line":44,"column":0},"end":{"line":44,"column":1}},"44":{"start":{"line":45,"column":0},"end":{"line":45,"column":47}},"45":{"start":{"line":46,"column":0},"end":{"line":46,"column":21}},"46":{"start":{"line":47,"column":0},"end":{"line":47,"column":86}},"47":{"start":{"line":48,"column":0},"end":{"line":48,"column":1}},"48":{"start":{"line":49,"column":0},"end":{"line":49,"column":47}},"49":{"start":{"line":50,"column":0},"end":{"line":50,"column":21}},"50":{"start":{"line":51,"column":0},"end":{"line":51,"column":41}},"51":{"start":{"line":52,"column":0},"end":{"line":52,"column":1}},"53":{"start":{"line":54,"column":0},"end":{"line":54,"column":36}},"54":{"start":{"line":55,"column":0},"end":{"line":55,"column":20}},"55":{"start":{"line":56,"column":0},"end":{"line":56,"column":15}},"56":{"start":{"line":57,"column":0},"end":{"line":57,"column":13}},"57":{"start":{"line":58,"column":0},"end":{"line":58,"column":29}},"58":{"start":{"line":59,"column":0},"end":{"line":59,"column":100}},"59":{"start":{"line":60,"column":0},"end":{"line":60,"column":6}},"60":{"start":{"line":61,"column":0},"end":{"line":61,"column":34}},"61":{"start":{"line":62,"column":0},"end":{"line":62,"column":30}},"62":{"start":{"line":63,"column":0},"end":{"line":63,"column":6}},"63":{"start":{"line":64,"column":0},"end":{"line":64,"column":4}},"64":{"start":{"line":65,"column":0},"end":{"line":65,"column":31}},"65":{"start":{"line":66,"column":0},"end":{"line":66,"column":11}},"66":{"start":{"line":67,"column":0},"end":{"line":67,"column":51}},"67":{"start":{"line":68,"column":0},"end":{"line":68,"column":28}},"68":{"start":{"line":69,"column":0},"end":{"line":69,"column":26}},"69":{"start":{"line":70,"column":0},"end":{"line":70,"column":8}},"70":{"start":{"line":71,"column":0},"end":{"line":71,"column":61}},"71":{"start":{"line":72,"column":0},"end":{"line":72,"column":29}},"72":{"start":{"line":73,"column":0},"end":{"line":73,"column":40}},"73":{"start":{"line":74,"column":0},"end":{"line":74,"column":8}},"74":{"start":{"line":75,"column":0},"end":{"line":75,"column":52}},"75":{"start":{"line":76,"column":0},"end":{"line":76,"column":29}},"76":{"start":{"line":77,"column":0},"end":{"line":77,"column":49}},"77":{"start":{"line":78,"column":0},"end":{"line":78,"column":8}},"78":{"start":{"line":79,"column":0},"end":{"line":79,"column":54}},"79":{"start":{"line":80,"column":0},"end":{"line":80,"column":35}},"80":{"start":{"line":81,"column":0},"end":{"line":81,"column":33}},"81":{"start":{"line":82,"column":0},"end":{"line":82,"column":34}},"82":{"start":{"line":83,"column":0},"end":{"line":83,"column":37}},"83":{"start":{"line":84,"column":0},"end":{"line":84,"column":8}},"84":{"start":{"line":85,"column":0},"end":{"line":85,"column":64}},"85":{"start":{"line":86,"column":0},"end":{"line":86,"column":36}},"86":{"start":{"line":87,"column":0},"end":{"line":87,"column":44}},"87":{"start":{"line":88,"column":0},"end":{"line":88,"column":37}},"88":{"start":{"line":89,"column":0},"end":{"line":89,"column":36}},"89":{"start":{"line":90,"column":0},"end":{"line":90,"column":8}},"90":{"start":{"line":91,"column":0},"end":{"line":91,"column":63}},"91":{"start":{"line":92,"column":0},"end":{"line":92,"column":36}},"92":{"start":{"line":93,"column":0},"end":{"line":93,"column":36}},"93":{"start":{"line":94,"column":0},"end":{"line":94,"column":37}},"94":{"start":{"line":95,"column":0},"end":{"line":95,"column":38}},"95":{"start":{"line":96,"column":0},"end":{"line":96,"column":35}},"96":{"start":{"line":97,"column":0},"end":{"line":97,"column":16}},"97":{"start":{"line":98,"column":0},"end":{"line":98,"column":39}},"98":{"start":{"line":99,"column":0},"end":{"line":99,"column":65}},"99":{"start":{"line":100,"column":0},"end":{"line":100,"column":9}},"100":{"start":{"line":101,"column":0},"end":{"line":101,"column":8}},"101":{"start":{"line":102,"column":0},"end":{"line":102,"column":51}},"102":{"start":{"line":103,"column":0},"end":{"line":103,"column":27}},"103":{"start":{"line":104,"column":0},"end":{"line":104,"column":32}},"104":{"start":{"line":105,"column":0},"end":{"line":105,"column":8}},"105":{"start":{"line":106,"column":0},"end":{"line":106,"column":61}},"106":{"start":{"line":107,"column":0},"end":{"line":107,"column":28}},"107":{"start":{"line":108,"column":0},"end":{"line":108,"column":47}},"108":{"start":{"line":109,"column":0},"end":{"line":109,"column":8}},"109":{"start":{"line":110,"column":0},"end":{"line":110,"column":52}},"110":{"start":{"line":111,"column":0},"end":{"line":111,"column":28}},"111":{"start":{"line":112,"column":0},"end":{"line":112,"column":56}},"112":{"start":{"line":113,"column":0},"end":{"line":113,"column":8}},"113":{"start":{"line":114,"column":0},"end":{"line":114,"column":51}},"114":{"start":{"line":115,"column":0},"end":{"line":115,"column":27}},"115":{"start":{"line":116,"column":0},"end":{"line":116,"column":32}},"116":{"start":{"line":117,"column":0},"end":{"line":117,"column":8}},"117":{"start":{"line":118,"column":0},"end":{"line":118,"column":61}},"118":{"start":{"line":119,"column":0},"end":{"line":119,"column":28}},"119":{"start":{"line":120,"column":0},"end":{"line":120,"column":80}},"120":{"start":{"line":121,"column":0},"end":{"line":121,"column":61}},"121":{"start":{"line":122,"column":0},"end":{"line":122,"column":95}},"122":{"start":{"line":123,"column":0},"end":{"line":123,"column":8}},"123":{"start":{"line":124,"column":0},"end":{"line":124,"column":52}},"124":{"start":{"line":125,"column":0},"end":{"line":125,"column":28}},"125":{"start":{"line":126,"column":0},"end":{"line":126,"column":56}},"126":{"start":{"line":127,"column":0},"end":{"line":127,"column":8}},"127":{"start":{"line":128,"column":0},"end":{"line":128,"column":51}},"128":{"start":{"line":129,"column":0},"end":{"line":129,"column":27}},"129":{"start":{"line":130,"column":0},"end":{"line":130,"column":32}},"130":{"start":{"line":131,"column":0},"end":{"line":131,"column":8}},"131":{"start":{"line":132,"column":0},"end":{"line":132,"column":61}},"132":{"start":{"line":133,"column":0},"end":{"line":133,"column":28}},"133":{"start":{"line":134,"column":0},"end":{"line":134,"column":81}},"134":{"start":{"line":135,"column":0},"end":{"line":135,"column":58}},"135":{"start":{"line":136,"column":0},"end":{"line":136,"column":36}},"136":{"start":{"line":137,"column":0},"end":{"line":137,"column":35}},"137":{"start":{"line":138,"column":0},"end":{"line":138,"column":9}},"138":{"start":{"line":139,"column":0},"end":{"line":139,"column":8}},"139":{"start":{"line":140,"column":0},"end":{"line":140,"column":52}},"140":{"start":{"line":141,"column":0},"end":{"line":141,"column":28}},"141":{"start":{"line":142,"column":0},"end":{"line":142,"column":56}},"142":{"start":{"line":143,"column":0},"end":{"line":143,"column":8}},"143":{"start":{"line":144,"column":0},"end":{"line":144,"column":4}},"144":{"start":{"line":145,"column":0},"end":{"line":145,"column":2}},"146":{"start":{"line":147,"column":0},"end":{"line":147,"column":71}},"147":{"start":{"line":148,"column":0},"end":{"line":148,"column":37}}},"s":{"0":1,"19":1,"20":1,"21":1,"22":1,"23":1,"24":1,"25":1,"26":1,"28":1,"29":1,"33":1,"34":1,"35":1,"36":1,"37":1,"38":1,"39":1,"40":1,"41":1,"42":1,"43":1,"44":1,"45":1,"46":1,"47":1,"48":1,"49":1,"50":1,"51":1,"53":1,"54":1,"55":1,"56":1,"57":1,"58":0,"59":0,"60":1,"61":0,"62":0,"63":1,"64":1,"65":2,"66":2,"67":6,"68":6,"69":2,"70":2,"71":8,"72":8,"73":2,"74":2,"75":1,"76":1,"77":2,"78":2,"79":1,"80":1,"81":1,"82":1,"83":2,"84":2,"85":1,"86":1,"87":1,"88":1,"89":2,"90":2,"91":1,"92":1,"93":1,"94":1,"95":1,"96":1,"97":0,"98":0,"99":0,"100":2,"101":2,"102":0,"103":0,"104":2,"105":2,"106":1,"107":1,"108":2,"109":2,"110":0,"111":0,"112":2,"113":2,"114":0,"115":0,"116":2,"117":2,"118":1,"119":1,"120":1,"121":1,"122":2,"123":2,"124":0,"125":0,"126":2,"127":2,"128":0,"129":0,"130":2,"131":2,"132":1,"133":1,"134":1,"135":0,"136":0,"137":0,"138":2,"139":2,"140":0,"141":0,"142":2,"143":2,"144":1,"146":1,"147":1},"branchMap":{"0":{"type":"branch","line":34,"loc":{"start":{"line":34,"column":25},"end":{"line":40,"column":2}},"locations":[{"start":{"line":34,"column":25},"end":{"line":40,"column":2}}]},"1":{"type":"branch","line":38,"loc":{"start":{"line":38,"column":57},"end":{"line":38,"column":67}},"locations":[{"start":{"line":38,"column":57},"end":{"line":38,"column":67}}]},"2":{"type":"branch","line":65,"loc":{"start":{"line":65,"column":17},"end":{"line":144,"column":4}},"locations":[{"start":{"line":65,"column":17},"end":{"line":144,"column":4}}]},"3":{"type":"branch","line":67,"loc":{"start":{"line":67,"column":39},"end":{"line":70,"column":7}},"locations":[{"start":{"line":67,"column":39},"end":{"line":70,"column":7}}]},"4":{"type":"branch","line":71,"loc":{"start":{"line":71,"column":41},"end":{"line":74,"column":7}},"locations":[{"start":{"line":71,"column":41},"end":{"line":74,"column":7}}]},"5":{"type":"branch","line":75,"loc":{"start":{"line":75,"column":40},"end":{"line":78,"column":7}},"locations":[{"start":{"line":75,"column":40},"end":{"line":78,"column":7}}]},"6":{"type":"branch","line":79,"loc":{"start":{"line":79,"column":42},"end":{"line":84,"column":7}},"locations":[{"start":{"line":79,"column":42},"end":{"line":84,"column":7}}]},"7":{"type":"branch","line":85,"loc":{"start":{"line":85,"column":44},"end":{"line":90,"column":7}},"locations":[{"start":{"line":85,"column":44},"end":{"line":90,"column":7}}]},"8":{"type":"branch","line":91,"loc":{"start":{"line":91,"column":43},"end":{"line":101,"column":7}},"locations":[{"start":{"line":91,"column":43},"end":{"line":101,"column":7}}]},"9":{"type":"branch","line":97,"loc":{"start":{"line":97,"column":8},"end":{"line":100,"column":9}},"locations":[{"start":{"line":97,"column":8},"end":{"line":100,"column":9}}]},"10":{"type":"branch","line":106,"loc":{"start":{"line":106,"column":41},"end":{"line":109,"column":7}},"locations":[{"start":{"line":106,"column":41},"end":{"line":109,"column":7}}]},"11":{"type":"branch","line":118,"loc":{"start":{"line":118,"column":41},"end":{"line":123,"column":7}},"locations":[{"start":{"line":118,"column":41},"end":{"line":123,"column":7}}]},"12":{"type":"branch","line":122,"loc":{"start":{"line":122,"column":25},"end":{"line":122,"column":40}},"locations":[{"start":{"line":122,"column":25},"end":{"line":122,"column":40}}]},"13":{"type":"branch","line":122,"loc":{"start":{"line":122,"column":59},"end":{"line":122,"column":95}},"locations":[{"start":{"line":122,"column":59},"end":{"line":122,"column":95}}]},"14":{"type":"branch","line":120,"loc":{"start":{"line":120,"column":46},"end":{"line":120,"column":79}},"locations":[{"start":{"line":120,"column":46},"end":{"line":120,"column":79}}]},"15":{"type":"branch","line":132,"loc":{"start":{"line":132,"column":41},"end":{"line":139,"column":7}},"locations":[{"start":{"line":132,"column":41},"end":{"line":139,"column":7}}]},"16":{"type":"branch","line":135,"loc":{"start":{"line":135,"column":25},"end":{"line":135,"column":40}},"locations":[{"start":{"line":135,"column":25},"end":{"line":135,"column":40}}]},"17":{"type":"branch","line":135,"loc":{"start":{"line":135,"column":57},"end":{"line":138,"column":9}},"locations":[{"start":{"line":135,"column":57},"end":{"line":138,"column":9}}]},"18":{"type":"branch","line":134,"loc":{"start":{"line":134,"column":49},"end":{"line":134,"column":80}},"locations":[{"start":{"line":134,"column":49},"end":{"line":134,"column":80}}]}},"b":{"0":[1],"1":[0],"2":[2],"3":[6],"4":[8],"5":[1],"6":[1],"7":[1],"8":[1],"9":[0],"10":[1],"11":[1],"12":[0],"13":[0],"14":[1],"15":[1],"16":[0],"17":[0],"18":[1]},"fnMap":{"0":{"name":"clearSearch","decl":{"start":{"line":58,"column":17},"end":{"line":60,"column":6}},"loc":{"start":{"line":58,"column":17},"end":{"line":60,"column":6}},"line":58},"1":{"name":"clearSavingError","decl":{"start":{"line":61,"column":22},"end":{"line":63,"column":6}},"loc":{"start":{"line":61,"column":22},"end":{"line":63,"column":6}},"line":61},"2":{"name":"extraReducers","decl":{"start":{"line":65,"column":17},"end":{"line":144,"column":4}},"loc":{"start":{"line":65,"column":17},"end":{"line":144,"column":4}},"line":65}},"f":{"0":0,"1":0,"2":2}}
,"/run/media/ahb/desk/task/frontend-developer-a-final-76218-abdulla/src/test/vitest-to-jest.ts": {"path":"/run/media/ahb/desk/task/frontend-developer-a-final-76218-abdulla/src/test/vitest-to-jest.ts","all":true,"statementMap":{"0":{"start":{"line":1,"column":0},"end":{"line":1,"column":45}},"2":{"start":{"line":3,"column":0},"end":{"line":3,"column":18}},"3":{"start":{"line":4,"column":0},"end":{"line":4,"column":33}},"4":{"start":{"line":5,"column":0},"end":{"line":5,"column":21}},"5":{"start":{"line":6,"column":0},"end":{"line":6,"column":25}},"6":{"start":{"line":7,"column":0},"end":{"line":7,"column":29}},"7":{"start":{"line":8,"column":0},"end":{"line":8,"column":37}},"8":{"start":{"line":9,"column":0},"end":{"line":9,"column":35}},"9":{"start":{"line":10,"column":0},"end":{"line":10,"column":35}},"10":{"start":{"line":11,"column":0},"end":{"line":11,"column":33}},"11":{"start":{"line":12,"column":0},"end":{"line":12,"column":7}},"12":{"start":{"line":13,"column":0},"end":{"line":13,"column":28}},"13":{"start":{"line":14,"column":0},"end":{"line":14,"column":34}},"14":{"start":{"line":15,"column":0},"end":{"line":15,"column":50}},"15":{"start":{"line":16,"column":0},"end":{"line":16,"column":50}},"16":{"start":{"line":17,"column":0},"end":{"line":17,"column":32}},"17":{"start":{"line":18,"column":0},"end":{"line":18,"column":4}},"18":{"start":{"line":19,"column":0},"end":{"line":19,"column":2}}},"s":{"0":0,"2":0,"3":0,"4":0,"5":0,"6":0,"7":0,"8":0,"9":0,"10":0,"11":0,"12":0,"13":0,"14":0,"15":0,"16":0,"17":0,"18":0},"branchMap":{"0":{"type":"branch","line":1,"loc":{"start":{"line":1,"column":536},"end":{"line":19,"column":2}},"locations":[{"start":{"line":1,"column":536},"end":{"line":19,"column":2}}]}},"b":{"0":[0]},"fnMap":{"0":{"name":"(empty-report)","decl":{"start":{"line":1,"column":536},"end":{"line":19,"column":2}},"loc":{"start":{"line":1,"column":536},"end":{"line":19,"column":2}},"line":1}},"f":{"0":0}}
,"/run/media/ahb/desk/task/frontend-developer-a-final-76218-abdulla/src/types/index.ts": {"path":"/run/media/ahb/desk/task/frontend-developer-a-final-76218-abdulla/src/types/index.ts","all":true,"statementMap":{},"s":{},"branchMap":{"0":{"type":"branch","line":1,"loc":{"start":{"line":1,"column":272},"end":{"line":17,"column":48}},"locations":[{"start":{"line":1,"column":272},"end":{"line":17,"column":48}}]}},"b":{"0":[1]},"fnMap":{"0":{"name":"(empty-report)","decl":{"start":{"line":1,"column":272},"end":{"line":17,"column":48}},"loc":{"start":{"line":1,"column":272},"end":{"line":17,"column":48}},"line":1}},"f":{"0":1}}
,"/run/media/ahb/desk/task/frontend-developer-a-final-76218-abdulla/src/validation/schema.ts": {"path":"/run/media/ahb/desk/task/frontend-developer-a-final-76218-abdulla/src/validation/schema.ts","all":false,"statementMap":{"0":{"start":{"line":1,"column":0},"end":{"line":1,"column":23}},"2":{"start":{"line":3,"column":0},"end":{"line":3,"column":40}},"3":{"start":{"line":4,"column":0},"end":{"line":4,"column":9}},"4":{"start":{"line":5,"column":0},"end":{"line":5,"column":13}},"5":{"start":{"line":6,"column":0},"end":{"line":6,"column":49}},"6":{"start":{"line":7,"column":0},"end":{"line":7,"column":51}},"7":{"start":{"line":8,"column":0},"end":{"line":8,"column":57}},"8":{"start":{"line":9,"column":0},"end":{"line":9,"column":11}},"9":{"start":{"line":10,"column":0},"end":{"line":10,"column":13}},"10":{"start":{"line":11,"column":0},"end":{"line":11,"column":77}},"11":{"start":{"line":12,"column":0},"end":{"line":12,"column":52}},"12":{"start":{"line":13,"column":0},"end":{"line":13,"column":95}},"13":{"start":{"line":14,"column":0},"end":{"line":14,"column":13}},"14":{"start":{"line":15,"column":0},"end":{"line":15,"column":13}},"15":{"start":{"line":16,"column":0},"end":{"line":16,"column":35}},"16":{"start":{"line":17,"column":0},"end":{"line":17,"column":55}},"17":{"start":{"line":18,"column":0},"end":{"line":18,"column":2}}},"s":{"0":1,"2":1,"3":1,"4":1,"5":1,"6":1,"7":1,"8":1,"9":1,"10":1,"11":1,"12":1,"13":1,"14":1,"15":1,"16":1,"17":1},"branchMap":{},"b":{},"fnMap":{},"f":{}}
}
