{"/run/media/ahb/desk/task/frontend-developer-a-final-76218-abdulla/src/App.tsx": {"path":"/run/media/ahb/desk/task/frontend-developer-a-final-76218-abdulla/src/App.tsx","all":true,"statementMap":{"0":{"start":{"line":1,"column":0},"end":{"line":1,"column":64}},"2":{"start":{"line":3,"column":0},"end":{"line":3,"column":31}},"3":{"start":{"line":4,"column":0},"end":{"line":4,"column":31}},"4":{"start":{"line":5,"column":0},"end":{"line":5,"column":1}}},"s":{"0":0,"2":0,"3":0,"4":0},"branchMap":{"0":{"type":"branch","line":1,"loc":{"start":{"line":1,"column":131},"end":{"line":5,"column":1}},"locations":[{"start":{"line":1,"column":131},"end":{"line":5,"column":1}}]}},"b":{"0":[0]},"fnMap":{"0":{"name":"(empty-report)","decl":{"start":{"line":1,"column":131},"end":{"line":5,"column":1}},"loc":{"start":{"line":1,"column":131},"end":{"line":5,"column":1}},"line":1}},"f":{"0":0}}
,"/run/media/ahb/desk/task/frontend-developer-a-final-76218-abdulla/src/hooks.ts": {"path":"/run/media/ahb/desk/task/frontend-developer-a-final-76218-abdulla/src/hooks.ts","all":false,"statementMap":{"0":{"start":{"line":1,"column":0},"end":{"line":1,"column":54}},"3":{"start":{"line":4,"column":0},"end":{"line":4,"column":66}},"4":{"start":{"line":5,"column":0},"end":{"line":5,"column":64}}},"s":{"0":1,"3":1,"4":1},"branchMap":{},"b":{},"fnMap":{},"f":{}}
,"/run/media/ahb/desk/task/frontend-developer-a-final-76218-abdulla/src/main.tsx": {"path":"/run/media/ahb/desk/task/frontend-developer-a-final-76218-abdulla/src/main.tsx","all":true,"statementMap":{"0":{"start":{"line":1,"column":0},"end":{"line":1,"column":25}},"1":{"start":{"line":2,"column":0},"end":{"line":2,"column":39}},"2":{"start":{"line":3,"column":0},"end":{"line":3,"column":38}},"3":{"start":{"line":4,"column":0},"end":{"line":4,"column":31}},"4":{"start":{"line":5,"column":0},"end":{"line":5,"column":23}},"5":{"start":{"line":6,"column":0},"end":{"line":6,"column":20}},"7":{"start":{"line":8,"column":0},"end":{"line":8,"column":61}},"8":{"start":{"line":9,"column":0},"end":{"line":9,"column":20}},"9":{"start":{"line":10,"column":0},"end":{"line":10,"column":28}},"10":{"start":{"line":11,"column":0},"end":{"line":11,"column":13}},"11":{"start":{"line":12,"column":0},"end":{"line":12,"column":15}},"12":{"start":{"line":13,"column":0},"end":{"line":13,"column":22}},"13":{"start":{"line":14,"column":0},"end":{"line":14,"column":1}}},"s":{"0":0,"1":0,"2":0,"3":0,"4":0,"5":0,"7":0,"8":0,"9":0,"10":0,"11":0,"12":0,"13":0},"branchMap":{"0":{"type":"branch","line":1,"loc":{"start":{"line":1,"column":349},"end":{"line":14,"column":1}},"locations":[{"start":{"line":1,"column":349},"end":{"line":14,"column":1}}]}},"b":{"0":[0]},"fnMap":{"0":{"name":"(empty-report)","decl":{"start":{"line":1,"column":349},"end":{"line":14,"column":1}},"loc":{"start":{"line":1,"column":349},"end":{"line":14,"column":1}},"line":1}},"f":{"0":0}}
,"/run/media/ahb/desk/task/frontend-developer-a-final-76218-abdulla/src/store.ts": {"path":"/run/media/ahb/desk/task/frontend-developer-a-final-76218-abdulla/src/store.ts","all":true,"statementMap":{"0":{"start":{"line":1,"column":0},"end":{"line":1,"column":49}},"4":{"start":{"line":5,"column":0},"end":{"line":5,"column":37}},"5":{"start":{"line":6,"column":0},"end":{"line":6,"column":12}},"6":{"start":{"line":7,"column":0},"end":{"line":7,"column":32}},"7":{"start":{"line":8,"column":0},"end":{"line":8,"column":32}},"8":{"start":{"line":9,"column":0},"end":{"line":9,"column":4}},"9":{"start":{"line":10,"column":0},"end":{"line":10,"column":2}}},"s":{"0":0,"4":0,"5":0,"6":0,"7":0,"8":0,"9":0},"branchMap":{"0":{"type":"branch","line":1,"loc":{"start":{"line":1,"column":0},"end":{"line":13,"column":-148}},"locations":[{"start":{"line":1,"column":0},"end":{"line":13,"column":-148}}]}},"b":{"0":[0]},"fnMap":{"0":{"name":"(empty-report)","decl":{"start":{"line":1,"column":0},"end":{"line":13,"column":-148}},"loc":{"start":{"line":1,"column":0},"end":{"line":13,"column":-148}},"line":1}},"f":{"0":0}}
,"/run/media/ahb/desk/task/frontend-developer-a-final-76218-abdulla/src/api/employeeApi.ts": {"path":"/run/media/ahb/desk/task/frontend-developer-a-final-76218-abdulla/src/api/employeeApi.ts","all":false,"statementMap":{"2":{"start":{"line":3,"column":0},"end":{"line":3,"column":65}},"4":{"start":{"line":5,"column":0},"end":{"line":5,"column":37}},"5":{"start":{"line":6,"column":0},"end":{"line":6,"column":16}},"6":{"start":{"line":7,"column":0},"end":{"line":7,"column":31}},"7":{"start":{"line":8,"column":0},"end":{"line":8,"column":49}},"8":{"start":{"line":9,"column":0},"end":{"line":9,"column":24}},"9":{"start":{"line":10,"column":0},"end":{"line":10,"column":3}},"10":{"start":{"line":11,"column":0},"end":{"line":11,"column":1}},"12":{"start":{"line":13,"column":0},"end":{"line":13,"column":73}},"13":{"start":{"line":14,"column":0},"end":{"line":14,"column":45}},"14":{"start":{"line":15,"column":0},"end":{"line":15,"column":52}},"15":{"start":{"line":16,"column":0},"end":{"line":16,"column":12}},"16":{"start":{"line":17,"column":0},"end":{"line":17,"column":4}},"17":{"start":{"line":18,"column":0},"end":{"line":18,"column":16}},"18":{"start":{"line":19,"column":0},"end":{"line":19,"column":34}},"19":{"start":{"line":20,"column":0},"end":{"line":20,"column":3}},"20":{"start":{"line":21,"column":0},"end":{"line":21,"column":33}},"21":{"start":{"line":22,"column":0},"end":{"line":22,"column":1}},"23":{"start":{"line":24,"column":0},"end":{"line":24,"column":28}},"24":{"start":{"line":25,"column":0},"end":{"line":25,"column":49}},"25":{"start":{"line":26,"column":0},"end":{"line":26,"column":71}},"26":{"start":{"line":27,"column":0},"end":{"line":27,"column":34}},"27":{"start":{"line":28,"column":0},"end":{"line":28,"column":83}},"28":{"start":{"line":29,"column":0},"end":{"line":29,"column":46}},"29":{"start":{"line":30,"column":0},"end":{"line":30,"column":88}},"30":{"start":{"line":31,"column":0},"end":{"line":31,"column":81}},"31":{"start":{"line":32,"column":0},"end":{"line":32,"column":1}},"33":{"start":{"line":34,"column":0},"end":{"line":34,"column":27}},"34":{"start":{"line":35,"column":0},"end":{"line":35,"column":47}},"35":{"start":{"line":36,"column":0},"end":{"line":36,"column":1}}},"s":{"2":1,"4":1,"5":1,"6":1,"7":3,"8":3,"9":3,"10":1,"12":19,"13":19,"14":19,"15":19,"16":19,"17":19,"18":2,"19":2,"20":16,"21":16,"23":1,"24":1,"25":1,"26":1,"27":1,"28":1,"29":1,"30":1,"31":1,"33":1,"34":1,"35":1},"branchMap":{"0":{"type":"branch","line":6,"loc":{"start":{"line":6,"column":2},"end":{"line":6,"column":16}},"locations":[{"start":{"line":6,"column":2},"end":{"line":6,"column":16}}]},"1":{"type":"branch","line":7,"loc":{"start":{"line":7,"column":2},"end":{"line":10,"column":3}},"locations":[{"start":{"line":7,"column":2},"end":{"line":10,"column":3}}]},"2":{"type":"branch","line":13,"loc":{"start":{"line":13,"column":0},"end":{"line":22,"column":1}},"locations":[{"start":{"line":13,"column":0},"end":{"line":22,"column":1}}]},"3":{"type":"branch","line":17,"loc":{"start":{"line":17,"column":3},"end":{"line":18,"column":15}},"locations":[{"start":{"line":17,"column":3},"end":{"line":18,"column":15}}]},"4":{"type":"branch","line":18,"loc":{"start":{"line":18,"column":15},"end":{"line":20,"column":3}},"locations":[{"start":{"line":18,"column":15},"end":{"line":20,"column":3}}]},"5":{"type":"branch","line":20,"loc":{"start":{"line":20,"column":2},"end":{"line":22,"column":1}},"locations":[{"start":{"line":20,"column":2},"end":{"line":22,"column":1}}]},"6":{"type":"branch","line":25,"loc":{"start":{"line":25,"column":10},"end":{"line":25,"column":49}},"locations":[{"start":{"line":25,"column":10},"end":{"line":25,"column":49}}]},"7":{"type":"branch","line":26,"loc":{"start":{"line":26,"column":11},"end":{"line":26,"column":71}},"locations":[{"start":{"line":26,"column":11},"end":{"line":26,"column":71}}]},"8":{"type":"branch","line":27,"loc":{"start":{"line":27,"column":10},"end":{"line":28,"column":83}},"locations":[{"start":{"line":27,"column":10},"end":{"line":28,"column":83}}]},"9":{"type":"branch","line":29,"loc":{"start":{"line":29,"column":10},"end":{"line":30,"column":88}},"locations":[{"start":{"line":29,"column":10},"end":{"line":30,"column":88}}]},"10":{"type":"branch","line":31,"loc":{"start":{"line":31,"column":10},"end":{"line":31,"column":81}},"locations":[{"start":{"line":31,"column":10},"end":{"line":31,"column":81}}]},"11":{"type":"branch","line":35,"loc":{"start":{"line":35,"column":10},"end":{"line":35,"column":47}},"locations":[{"start":{"line":35,"column":10},"end":{"line":35,"column":47}}]}},"b":{"0":[3],"1":[3],"2":[19],"3":[18],"4":[2],"5":[16],"6":[7],"7":[3],"8":[1],"9":[1],"10":[1],"11":[6]},"fnMap":{"0":{"name":"<instance_members_initializer>","decl":{"start":{"line":6,"column":2},"end":{"line":6,"column":16}},"loc":{"start":{"line":6,"column":2},"end":{"line":6,"column":16}},"line":6},"1":{"name":"ApiError","decl":{"start":{"line":7,"column":2},"end":{"line":10,"column":3}},"loc":{"start":{"line":7,"column":2},"end":{"line":10,"column":3}},"line":7},"2":{"name":"request","decl":{"start":{"line":13,"column":0},"end":{"line":22,"column":1}},"loc":{"start":{"line":13,"column":0},"end":{"line":22,"column":1}},"line":13},"3":{"name":"getAll","decl":{"start":{"line":25,"column":10},"end":{"line":25,"column":49}},"loc":{"start":{"line":25,"column":10},"end":{"line":25,"column":49}},"line":25},"4":{"name":"getById","decl":{"start":{"line":26,"column":11},"end":{"line":26,"column":71}},"loc":{"start":{"line":26,"column":11},"end":{"line":26,"column":71}},"line":26},"5":{"name":"create","decl":{"start":{"line":27,"column":10},"end":{"line":28,"column":83}},"loc":{"start":{"line":27,"column":10},"end":{"line":28,"column":83}},"line":27},"6":{"name":"update","decl":{"start":{"line":29,"column":10},"end":{"line":30,"column":88}},"loc":{"start":{"line":29,"column":10},"end":{"line":30,"column":88}},"line":29},"7":{"name":"delete","decl":{"start":{"line":31,"column":10},"end":{"line":31,"column":81}},"loc":{"start":{"line":31,"column":10},"end":{"line":31,"column":81}},"line":31},"8":{"name":"getAll","decl":{"start":{"line":35,"column":10},"end":{"line":35,"column":47}},"loc":{"start":{"line":35,"column":10},"end":{"line":35,"column":47}},"line":35}},"f":{"0":3,"1":3,"2":19,"3":7,"4":3,"5":1,"6":1,"7":1,"8":6}}
,"/run/media/ahb/desk/task/frontend-developer-a-final-76218-abdulla/src/components/DeleteDialog.tsx": {"path":"/run/media/ahb/desk/task/frontend-developer-a-final-76218-abdulla/src/components/DeleteDialog.tsx","all":false,"statementMap":{"0":{"start":{"line":1,"column":0},"end":{"line":1,"column":40}},"9":{"start":{"line":10,"column":0},"end":{"line":10,"column":98}},"10":{"start":{"line":11,"column":0},"end":{"line":11,"column":10}},"11":{"start":{"line":12,"column":0},"end":{"line":12,"column":89}},"12":{"start":{"line":13,"column":0},"end":{"line":13,"column":30}},"13":{"start":{"line":14,"column":0},"end":{"line":14,"column":59}},"14":{"start":{"line":15,"column":0},"end":{"line":15,"column":36}},"15":{"start":{"line":16,"column":0},"end":{"line":16,"column":97}},"17":{"start":{"line":18,"column":0},"end":{"line":18,"column":12}},"18":{"start":{"line":19,"column":0},"end":{"line":19,"column":41}},"19":{"start":{"line":20,"column":0},"end":{"line":20,"column":94}},"21":{"start":{"line":22,"column":0},"end":{"line":22,"column":19}},"22":{"start":{"line":23,"column":0},"end":{"line":23,"column":96}},"23":{"start":{"line":24,"column":0},"end":{"line":24,"column":45}},"24":{"start":{"line":25,"column":0},"end":{"line":25,"column":19}},"25":{"start":{"line":26,"column":0},"end":{"line":26,"column":14}},"26":{"start":{"line":27,"column":0},"end":{"line":27,"column":12}},"27":{"start":{"line":28,"column":0},"end":{"line":28,"column":10}},"29":{"start":{"line":30,"column":0},"end":{"line":30,"column":1}}},"s":{"0":1,"9":1,"10":1,"11":1,"12":1,"13":1,"14":1,"15":1,"17":1,"18":1,"19":1,"21":1,"22":1,"23":1,"24":1,"25":1,"26":1,"27":1,"29":1},"branchMap":{"0":{"type":"branch","line":10,"loc":{"start":{"line":10,"column":0},"end":{"line":30,"column":1}},"locations":[{"start":{"line":10,"column":0},"end":{"line":30,"column":1}}]},"1":{"type":"branch","line":24,"loc":{"start":{"line":24,"column":13},"end":{"line":24,"column":36}},"locations":[{"start":{"line":24,"column":13},"end":{"line":24,"column":36}}]}},"b":{"0":[1],"1":[0]},"fnMap":{"0":{"name":"DeleteDialog","decl":{"start":{"line":10,"column":0},"end":{"line":30,"column":1}},"loc":{"start":{"line":10,"column":0},"end":{"line":30,"column":1}},"line":10}},"f":{"0":1}}
,"/run/media/ahb/desk/task/frontend-developer-a-final-76218-abdulla/src/components/EmployeeForm.tsx": {"path":"/run/media/ahb/desk/task/frontend-developer-a-final-76218-abdulla/src/components/EmployeeForm.tsx","all":false,"statementMap":{"0":{"start":{"line":1,"column":0},"end":{"line":1,"column":41}},"15":{"start":{"line":16,"column":0},"end":{"line":16,"column":38}},"16":{"start":{"line":17,"column":0},"end":{"line":17,"column":12}},"17":{"start":{"line":18,"column":0},"end":{"line":18,"column":19}},"18":{"start":{"line":19,"column":0},"end":{"line":19,"column":10}},"19":{"start":{"line":20,"column":0},"end":{"line":20,"column":11}},"20":{"start":{"line":21,"column":0},"end":{"line":21,"column":11}},"21":{"start":{"line":22,"column":0},"end":{"line":22,"column":7}},"22":{"start":{"line":23,"column":0},"end":{"line":23,"column":8}},"23":{"start":{"line":24,"column":0},"end":{"line":24,"column":23}},"24":{"start":{"line":25,"column":0},"end":{"line":25,"column":9}},"25":{"start":{"line":26,"column":0},"end":{"line":26,"column":13}},"26":{"start":{"line":27,"column":0},"end":{"line":27,"column":17}},"27":{"start":{"line":28,"column":0},"end":{"line":28,"column":26}},"28":{"start":{"line":29,"column":0},"end":{"line":29,"column":10}},"29":{"start":{"line":30,"column":0},"end":{"line":30,"column":35}},"30":{"start":{"line":31,"column":0},"end":{"line":31,"column":42}},"31":{"start":{"line":32,"column":0},"end":{"line":32,"column":20}},"32":{"start":{"line":33,"column":0},"end":{"line":33,"column":32}},"33":{"start":{"line":34,"column":0},"end":{"line":34,"column":34}},"34":{"start":{"line":35,"column":0},"end":{"line":35,"column":36}},"35":{"start":{"line":36,"column":0},"end":{"line":36,"column":38}},"36":{"start":{"line":37,"column":0},"end":{"line":37,"column":34}},"37":{"start":{"line":38,"column":0},"end":{"line":38,"column":40}},"38":{"start":{"line":39,"column":0},"end":{"line":39,"column":6}},"39":{"start":{"line":40,"column":0},"end":{"line":40,"column":4}},"41":{"start":{"line":42,"column":0},"end":{"line":42,"column":50}},"42":{"start":{"line":43,"column":0},"end":{"line":43,"column":20}},"43":{"start":{"line":44,"column":0},"end":{"line":44,"column":25}},"44":{"start":{"line":45,"column":0},"end":{"line":45,"column":3}},"46":{"start":{"line":47,"column":0},"end":{"line":47,"column":56}},"47":{"start":{"line":48,"column":0},"end":{"line":48,"column":87}},"49":{"start":{"line":50,"column":0},"end":{"line":50,"column":77}},"50":{"start":{"line":51,"column":0},"end":{"line":51,"column":124}},"52":{"start":{"line":53,"column":0},"end":{"line":53,"column":10}},"53":{"start":{"line":54,"column":0},"end":{"line":54,"column":79}},"54":{"start":{"line":55,"column":0},"end":{"line":55,"column":33}},"55":{"start":{"line":56,"column":0},"end":{"line":56,"column":52}},"56":{"start":{"line":57,"column":0},"end":{"line":57,"column":62}},"57":{"start":{"line":58,"column":0},"end":{"line":58,"column":11}},"59":{"start":{"line":60,"column":0},"end":{"line":60,"column":33}},"60":{"start":{"line":61,"column":0},"end":{"line":61,"column":31}},"61":{"start":{"line":62,"column":0},"end":{"line":62,"column":46}},"62":{"start":{"line":63,"column":0},"end":{"line":63,"column":75}},"63":{"start":{"line":64,"column":0},"end":{"line":64,"column":30}},"64":{"start":{"line":65,"column":0},"end":{"line":65,"column":14}},"66":{"start":{"line":67,"column":0},"end":{"line":67,"column":31}},"67":{"start":{"line":68,"column":0},"end":{"line":68,"column":48}},"68":{"start":{"line":69,"column":0},"end":{"line":69,"column":97}},"69":{"start":{"line":70,"column":0},"end":{"line":70,"column":31}},"70":{"start":{"line":71,"column":0},"end":{"line":71,"column":14}},"72":{"start":{"line":73,"column":0},"end":{"line":73,"column":31}},"73":{"start":{"line":74,"column":0},"end":{"line":74,"column":50}},"74":{"start":{"line":75,"column":0},"end":{"line":75,"column":85}},"75":{"start":{"line":76,"column":0},"end":{"line":76,"column":32}},"76":{"start":{"line":77,"column":0},"end":{"line":77,"column":14}},"78":{"start":{"line":79,"column":0},"end":{"line":79,"column":31}},"79":{"start":{"line":80,"column":0},"end":{"line":80,"column":52}},"80":{"start":{"line":81,"column":0},"end":{"line":81,"column":84}},"81":{"start":{"line":82,"column":0},"end":{"line":82,"column":100}},"82":{"start":{"line":83,"column":0},"end":{"line":83,"column":40}},"83":{"start":{"line":84,"column":0},"end":{"line":84,"column":51}},"84":{"start":{"line":85,"column":0},"end":{"line":85,"column":27}},"85":{"start":{"line":86,"column":0},"end":{"line":86,"column":23}},"86":{"start":{"line":87,"column":0},"end":{"line":87,"column":15}},"87":{"start":{"line":88,"column":0},"end":{"line":88,"column":19}},"88":{"start":{"line":89,"column":0},"end":{"line":89,"column":33}},"89":{"start":{"line":90,"column":0},"end":{"line":90,"column":14}},"91":{"start":{"line":92,"column":0},"end":{"line":92,"column":31}},"92":{"start":{"line":93,"column":0},"end":{"line":93,"column":48}},"93":{"start":{"line":94,"column":0},"end":{"line":94,"column":73}},"94":{"start":{"line":95,"column":0},"end":{"line":95,"column":31}},"95":{"start":{"line":96,"column":0},"end":{"line":96,"column":14}},"97":{"start":{"line":98,"column":0},"end":{"line":98,"column":31}},"98":{"start":{"line":99,"column":0},"end":{"line":99,"column":54}},"99":{"start":{"line":100,"column":0},"end":{"line":100,"column":82}},"100":{"start":{"line":101,"column":0},"end":{"line":101,"column":34}},"101":{"start":{"line":102,"column":0},"end":{"line":102,"column":14}},"102":{"start":{"line":103,"column":0},"end":{"line":103,"column":12}},"104":{"start":{"line":105,"column":0},"end":{"line":105,"column":17}},"105":{"start":{"line":106,"column":0},"end":{"line":106,"column":47}},"106":{"start":{"line":107,"column":0},"end":{"line":107,"column":17}},"107":{"start":{"line":108,"column":0},"end":{"line":108,"column":12}},"110":{"start":{"line":111,"column":0},"end":{"line":111,"column":36}},"111":{"start":{"line":112,"column":0},"end":{"line":112,"column":75}},"112":{"start":{"line":113,"column":0},"end":{"line":113,"column":94}},"113":{"start":{"line":114,"column":0},"end":{"line":114,"column":17}},"114":{"start":{"line":115,"column":0},"end":{"line":115,"column":21}},"115":{"start":{"line":116,"column":0},"end":{"line":116,"column":94}},"117":{"start":{"line":118,"column":0},"end":{"line":118,"column":19}},"119":{"start":{"line":120,"column":0},"end":{"line":120,"column":12}},"120":{"start":{"line":121,"column":0},"end":{"line":121,"column":11}},"122":{"start":{"line":123,"column":0},"end":{"line":123,"column":1}}},"s":{"0":1,"15":40,"16":40,"17":40,"18":40,"19":40,"20":40,"21":40,"22":40,"23":40,"24":40,"25":40,"26":40,"27":40,"28":40,"29":40,"30":40,"31":40,"32":40,"33":40,"34":40,"35":40,"36":40,"37":40,"38":40,"39":40,"41":40,"42":1,"43":1,"44":1,"46":40,"47":240,"49":40,"50":40,"52":40,"53":40,"54":40,"55":40,"56":40,"57":40,"59":40,"60":40,"61":40,"62":40,"63":40,"64":40,"66":40,"67":40,"68":40,"69":40,"70":40,"72":40,"73":40,"74":40,"75":40,"76":40,"78":40,"79":40,"80":40,"81":40,"82":40,"83":41,"84":41,"85":41,"86":40,"87":40,"88":40,"89":40,"91":40,"92":40,"93":40,"94":40,"95":40,"97":40,"98":40,"99":40,"100":40,"101":40,"102":40,"104":40,"105":0,"106":0,"107":0,"110":40,"111":40,"112":40,"113":40,"114":40,"115":4,"117":4,"119":40,"120":40,"122":40},"branchMap":{"0":{"type":"branch","line":16,"loc":{"start":{"line":16,"column":0},"end":{"line":123,"column":1}},"locations":[{"start":{"line":16,"column":0},"end":{"line":123,"column":1}}]},"1":{"type":"branch","line":33,"loc":{"start":{"line":33,"column":12},"end":{"line":33,"column":29}},"locations":[{"start":{"line":33,"column":12},"end":{"line":33,"column":29}}]},"2":{"type":"branch","line":33,"loc":{"start":{"line":33,"column":21},"end":{"line":33,"column":32}},"locations":[{"start":{"line":33,"column":21},"end":{"line":33,"column":32}}]},"3":{"type":"branch","line":34,"loc":{"start":{"line":34,"column":13},"end":{"line":34,"column":31}},"locations":[{"start":{"line":34,"column":13},"end":{"line":34,"column":31}}]},"4":{"type":"branch","line":34,"loc":{"start":{"line":34,"column":22},"end":{"line":34,"column":34}},"locations":[{"start":{"line":34,"column":22},"end":{"line":34,"column":34}}]},"5":{"type":"branch","line":35,"loc":{"start":{"line":35,"column":14},"end":{"line":35,"column":33}},"locations":[{"start":{"line":35,"column":14},"end":{"line":35,"column":33}}]},"6":{"type":"branch","line":35,"loc":{"start":{"line":35,"column":23},"end":{"line":35,"column":36}},"locations":[{"start":{"line":35,"column":23},"end":{"line":35,"column":36}}]},"7":{"type":"branch","line":36,"loc":{"start":{"line":36,"column":15},"end":{"line":36,"column":35}},"locations":[{"start":{"line":36,"column":15},"end":{"line":36,"column":35}}]},"8":{"type":"branch","line":36,"loc":{"start":{"line":36,"column":24},"end":{"line":36,"column":38}},"locations":[{"start":{"line":36,"column":24},"end":{"line":36,"column":38}}]},"9":{"type":"branch","line":37,"loc":{"start":{"line":37,"column":13},"end":{"line":37,"column":31}},"locations":[{"start":{"line":37,"column":13},"end":{"line":37,"column":31}}]},"10":{"type":"branch","line":37,"loc":{"start":{"line":37,"column":22},"end":{"line":37,"column":34}},"locations":[{"start":{"line":37,"column":22},"end":{"line":37,"column":34}}]},"11":{"type":"branch","line":38,"loc":{"start":{"line":38,"column":16},"end":{"line":38,"column":37}},"locations":[{"start":{"line":38,"column":16},"end":{"line":38,"column":37}}]},"12":{"type":"branch","line":38,"loc":{"start":{"line":38,"column":25},"end":{"line":38,"column":40}},"locations":[{"start":{"line":38,"column":25},"end":{"line":38,"column":40}}]},"13":{"type":"branch","line":51,"loc":{"start":{"line":51,"column":26},"end":{"line":51,"column":53}},"locations":[{"start":{"line":51,"column":26},"end":{"line":51,"column":53}}]},"14":{"type":"branch","line":51,"loc":{"start":{"line":51,"column":53},"end":{"line":51,"column":124}},"locations":[{"start":{"line":51,"column":53},"end":{"line":51,"column":124}}]},"15":{"type":"branch","line":56,"loc":{"start":{"line":56,"column":9},"end":{"line":56,"column":37}},"locations":[{"start":{"line":56,"column":9},"end":{"line":56,"column":37}}]},"16":{"type":"branch","line":56,"loc":{"start":{"line":56,"column":19},"end":{"line":56,"column":52}},"locations":[{"start":{"line":56,"column":19},"end":{"line":56,"column":52}}]},"17":{"type":"branch","line":57,"loc":{"start":{"line":57,"column":9},"end":{"line":57,"column":62}},"locations":[{"start":{"line":57,"column":9},"end":{"line":57,"column":62}}]},"18":{"type":"branch","line":82,"loc":{"start":{"line":82,"column":30},"end":{"line":82,"column":74}},"locations":[{"start":{"line":82,"column":30},"end":{"line":82,"column":74}}]},"19":{"type":"branch","line":82,"loc":{"start":{"line":82,"column":49},"end":{"line":82,"column":91}},"locations":[{"start":{"line":82,"column":49},"end":{"line":82,"column":91}}]},"20":{"type":"branch","line":105,"loc":{"start":{"line":105,"column":7},"end":{"line":108,"column":12}},"locations":[{"start":{"line":105,"column":7},"end":{"line":108,"column":12}}]},"21":{"type":"branch","line":113,"loc":{"start":{"line":113,"column":11},"end":{"line":113,"column":58}},"locations":[{"start":{"line":113,"column":11},"end":{"line":113,"column":58}}]},"22":{"type":"branch","line":113,"loc":{"start":{"line":113,"column":58},"end":{"line":113,"column":79}},"locations":[{"start":{"line":113,"column":58},"end":{"line":113,"column":79}}]},"23":{"type":"branch","line":113,"loc":{"start":{"line":113,"column":68},"end":{"line":113,"column":94}},"locations":[{"start":{"line":113,"column":68},"end":{"line":113,"column":94}}]},"24":{"type":"branch","line":115,"loc":{"start":{"line":115,"column":9},"end":{"line":118,"column":19}},"locations":[{"start":{"line":115,"column":9},"end":{"line":118,"column":19}}]},"25":{"type":"branch","line":42,"loc":{"start":{"line":42,"column":17},"end":{"line":45,"column":3}},"locations":[{"start":{"line":42,"column":17},"end":{"line":45,"column":3}}]},"26":{"type":"branch","line":44,"loc":{"start":{"line":44,"column":18},"end":{"line":44,"column":25}},"locations":[{"start":{"line":44,"column":18},"end":{"line":44,"column":25}}]},"27":{"type":"branch","line":47,"loc":{"start":{"line":47,"column":21},"end":{"line":48,"column":87}},"locations":[{"start":{"line":47,"column":21},"end":{"line":48,"column":87}}]},"28":{"type":"branch","line":48,"loc":{"start":{"line":48,"column":15},"end":{"line":48,"column":83}},"locations":[{"start":{"line":48,"column":15},"end":{"line":48,"column":83}}]},"29":{"type":"branch","line":48,"loc":{"start":{"line":48,"column":73},"end":{"line":48,"column":87}},"locations":[{"start":{"line":48,"column":73},"end":{"line":48,"column":87}}]},"30":{"type":"branch","line":50,"loc":{"start":{"line":50,"column":39},"end":{"line":50,"column":76}},"locations":[{"start":{"line":50,"column":39},"end":{"line":50,"column":76}}]},"31":{"type":"branch","line":50,"loc":{"start":{"line":50,"column":60},"end":{"line":50,"column":76}},"locations":[{"start":{"line":50,"column":60},"end":{"line":50,"column":76}}]},"32":{"type":"branch","line":83,"loc":{"start":{"line":83,"column":32},"end":{"line":86,"column":23}},"locations":[{"start":{"line":83,"column":32},"end":{"line":86,"column":23}}]}},"b":{"0":[40],"1":[4],"2":[36],"3":[4],"4":[36],"5":[4],"6":[36],"7":[4],"8":[36],"9":[4],"10":[36],"11":[4],"12":[36],"13":[4],"14":[0],"15":[4],"16":[36],"17":[4],"18":[5],"19":[35],"20":[0],"21":[0],"22":[4],"23":[36],"24":[4],"25":[1],"26":[0],"27":[240],"28":[8],"29":[232],"30":[41],"31":[8],"32":[41]},"fnMap":{"0":{"name":"EmployeeForm","decl":{"start":{"line":16,"column":0},"end":{"line":123,"column":1}},"loc":{"start":{"line":16,"column":0},"end":{"line":123,"column":1}},"line":16},"1":{"name":"submit","decl":{"start":{"line":42,"column":17},"end":{"line":45,"column":3}},"loc":{"start":{"line":42,"column":17},"end":{"line":45,"column":3}},"line":42},"2":{"name":"fieldError","decl":{"start":{"line":47,"column":21},"end":{"line":48,"column":87}},"loc":{"start":{"line":47,"column":21},"end":{"line":48,"column":87}},"line":47}},"f":{"0":40,"1":1,"2":240}}
,"/run/media/ahb/desk/task/frontend-developer-a-final-76218-abdulla/src/components/EmployeeTable.tsx": {"path":"/run/media/ahb/desk/task/frontend-developer-a-final-76218-abdulla/src/components/EmployeeTable.tsx","all":false,"statementMap":{"0":{"start":{"line":1,"column":0},"end":{"line":1,"column":40}},"8":{"start":{"line":9,"column":0},"end":{"line":9,"column":33}},"9":{"start":{"line":10,"column":0},"end":{"line":10,"column":13}},"10":{"start":{"line":11,"column":0},"end":{"line":11,"column":15}},"11":{"start":{"line":12,"column":0},"end":{"line":12,"column":20}},"12":{"start":{"line":13,"column":0},"end":{"line":13,"column":16}},"13":{"start":{"line":14,"column":0},"end":{"line":14,"column":42}},"14":{"start":{"line":15,"column":0},"end":{"line":15,"column":13}},"15":{"start":{"line":16,"column":0},"end":{"line":16,"column":1}},"17":{"start":{"line":18,"column":0},"end":{"line":18,"column":55}},"18":{"start":{"line":19,"column":0},"end":{"line":19,"column":24}},"19":{"start":{"line":20,"column":0},"end":{"line":20,"column":81}},"20":{"start":{"line":21,"column":0},"end":{"line":21,"column":3}},"21":{"start":{"line":22,"column":0},"end":{"line":22,"column":10}},"22":{"start":{"line":23,"column":0},"end":{"line":23,"column":65}},"23":{"start":{"line":24,"column":0},"end":{"line":24,"column":38}},"24":{"start":{"line":25,"column":0},"end":{"line":25,"column":11}},"26":{"start":{"line":27,"column":0},"end":{"line":27,"column":1}},"28":{"start":{"line":29,"column":0},"end":{"line":29,"column":92}},"29":{"start":{"line":30,"column":0},"end":{"line":30,"column":10}},"30":{"start":{"line":31,"column":0},"end":{"line":31,"column":32}},"31":{"start":{"line":32,"column":0},"end":{"line":32,"column":40}},"32":{"start":{"line":33,"column":0},"end":{"line":33,"column":15}},"33":{"start":{"line":34,"column":0},"end":{"line":34,"column":14}},"34":{"start":{"line":35,"column":0},"end":{"line":35,"column":25}},"35":{"start":{"line":36,"column":0},"end":{"line":36,"column":26}},"36":{"start":{"line":37,"column":0},"end":{"line":37,"column":27}},"37":{"start":{"line":38,"column":0},"end":{"line":38,"column":28}},"38":{"start":{"line":39,"column":0},"end":{"line":39,"column":54}},"39":{"start":{"line":40,"column":0},"end":{"line":40,"column":15}},"40":{"start":{"line":41,"column":0},"end":{"line":41,"column":16}},"41":{"start":{"line":42,"column":0},"end":{"line":42,"column":15}},"42":{"start":{"line":43,"column":0},"end":{"line":43,"column":35}},"43":{"start":{"line":44,"column":0},"end":{"line":44,"column":29}},"44":{"start":{"line":45,"column":0},"end":{"line":45,"column":36}},"45":{"start":{"line":46,"column":0},"end":{"line":46,"column":43}},"46":{"start":{"line":47,"column":0},"end":{"line":47,"column":43}},"47":{"start":{"line":48,"column":0},"end":{"line":48,"column":51}},"48":{"start":{"line":49,"column":0},"end":{"line":49,"column":71}},"49":{"start":{"line":50,"column":0},"end":{"line":50,"column":70}},"50":{"start":{"line":51,"column":0},"end":{"line":51,"column":24}},"51":{"start":{"line":52,"column":0},"end":{"line":52,"column":22}},"52":{"start":{"line":53,"column":0},"end":{"line":53,"column":19}},"53":{"start":{"line":54,"column":0},"end":{"line":54,"column":53}},"54":{"start":{"line":55,"column":0},"end":{"line":55,"column":55}},"55":{"start":{"line":56,"column":0},"end":{"line":56,"column":39}},"56":{"start":{"line":57,"column":0},"end":{"line":57,"column":68}},"57":{"start":{"line":58,"column":0},"end":{"line":58,"column":19}},"58":{"start":{"line":59,"column":0},"end":{"line":59,"column":65}},"59":{"start":{"line":60,"column":0},"end":{"line":60,"column":23}},"60":{"start":{"line":61,"column":0},"end":{"line":61,"column":31}},"61":{"start":{"line":62,"column":0},"end":{"line":62,"column":44}},"62":{"start":{"line":63,"column":0},"end":{"line":63,"column":45}},"63":{"start":{"line":64,"column":0},"end":{"line":64,"column":49}},"64":{"start":{"line":65,"column":0},"end":{"line":65,"column":17}},"66":{"start":{"line":67,"column":0},"end":{"line":67,"column":25}},"67":{"start":{"line":68,"column":0},"end":{"line":68,"column":23}},"68":{"start":{"line":69,"column":0},"end":{"line":69,"column":31}},"69":{"start":{"line":70,"column":0},"end":{"line":70,"column":45}},"70":{"start":{"line":71,"column":0},"end":{"line":71,"column":47}},"71":{"start":{"line":72,"column":0},"end":{"line":72,"column":51}},"72":{"start":{"line":73,"column":0},"end":{"line":73,"column":17}},"74":{"start":{"line":75,"column":0},"end":{"line":75,"column":25}},"75":{"start":{"line":76,"column":0},"end":{"line":76,"column":19}},"76":{"start":{"line":77,"column":0},"end":{"line":77,"column":17}},"77":{"start":{"line":78,"column":0},"end":{"line":78,"column":13}},"78":{"start":{"line":79,"column":0},"end":{"line":79,"column":16}},"79":{"start":{"line":80,"column":0},"end":{"line":80,"column":14}},"80":{"start":{"line":81,"column":0},"end":{"line":81,"column":10}},"82":{"start":{"line":83,"column":0},"end":{"line":83,"column":1}}},"s":{"0":1,"8":13,"9":13,"10":13,"11":13,"12":13,"13":13,"14":13,"15":13,"17":13,"18":13,"19":0,"20":0,"21":13,"22":13,"23":13,"24":13,"26":13,"28":13,"29":13,"30":13,"31":13,"32":13,"33":13,"34":13,"35":13,"36":13,"37":13,"38":13,"39":13,"40":13,"41":13,"42":13,"43":13,"44":13,"45":13,"46":13,"47":13,"48":13,"49":13,"50":13,"51":13,"52":13,"53":13,"54":13,"55":13,"56":13,"57":13,"58":13,"59":13,"60":13,"61":13,"62":13,"63":13,"64":13,"66":13,"67":13,"68":13,"69":13,"70":13,"71":13,"72":13,"74":13,"75":13,"76":13,"77":13,"78":13,"79":13,"80":13,"82":13},"branchMap":{"0":{"type":"branch","line":9,"loc":{"start":{"line":9,"column":0},"end":{"line":16,"column":1}},"locations":[{"start":{"line":9,"column":0},"end":{"line":16,"column":1}}]},"1":{"type":"branch","line":14,"loc":{"start":{"line":14,"column":9},"end":{"line":14,"column":41}},"locations":[{"start":{"line":14,"column":9},"end":{"line":14,"column":41}}]},"2":{"type":"branch","line":18,"loc":{"start":{"line":18,"column":0},"end":{"line":27,"column":1}},"locations":[{"start":{"line":18,"column":0},"end":{"line":27,"column":1}}]},"3":{"type":"branch","line":19,"loc":{"start":{"line":19,"column":23},"end":{"line":21,"column":3}},"locations":[{"start":{"line":19,"column":23},"end":{"line":21,"column":3}}]},"4":{"type":"branch","line":24,"loc":{"start":{"line":24,"column":29},"end":{"line":24,"column":38}},"locations":[{"start":{"line":24,"column":29},"end":{"line":24,"column":38}}]},"5":{"type":"branch","line":29,"loc":{"start":{"line":29,"column":0},"end":{"line":83,"column":1}},"locations":[{"start":{"line":29,"column":0},"end":{"line":83,"column":1}}]},"6":{"type":"branch","line":43,"loc":{"start":{"line":43,"column":25},"end":{"line":77,"column":17}},"locations":[{"start":{"line":43,"column":25},"end":{"line":77,"column":17}}]},"7":{"type":"branch","line":63,"loc":{"start":{"line":63,"column":27},"end":{"line":63,"column":45}},"locations":[{"start":{"line":63,"column":27},"end":{"line":63,"column":45}}]},"8":{"type":"branch","line":71,"loc":{"start":{"line":71,"column":27},"end":{"line":71,"column":47}},"locations":[{"start":{"line":71,"column":27},"end":{"line":71,"column":47}}]}},"b":{"0":[13],"1":[13],"2":[13],"3":[0],"4":[0],"5":[13],"6":[13],"7":[1],"8":[1]},"fnMap":{"0":{"name":"initials","decl":{"start":{"line":9,"column":0},"end":{"line":16,"column":1}},"loc":{"start":{"line":9,"column":0},"end":{"line":16,"column":1}},"line":9},"1":{"name":"Avatar","decl":{"start":{"line":18,"column":0},"end":{"line":27,"column":1}},"loc":{"start":{"line":18,"column":0},"end":{"line":27,"column":1}},"line":18},"2":{"name":"EmployeeTable","decl":{"start":{"line":29,"column":0},"end":{"line":83,"column":1}},"loc":{"start":{"line":29,"column":0},"end":{"line":83,"column":1}},"line":29},"3":{"name":"onClick","decl":{"start":{"line":63,"column":27},"end":{"line":63,"column":45}},"loc":{"start":{"line":63,"column":27},"end":{"line":63,"column":45}},"line":63},"4":{"name":"onClick","decl":{"start":{"line":71,"column":27},"end":{"line":71,"column":47}},"loc":{"start":{"line":71,"column":27},"end":{"line":71,"column":47}},"line":71}},"f":{"0":13,"1":13,"2":13,"3":1,"4":1}}
,"/run/media/ahb/desk/task/frontend-developer-a-final-76218-abdulla/src/components/Loader.tsx": {"path":"/run/media/ahb/desk/task/frontend-developer-a-final-76218-abdulla/src/components/Loader.tsx","all":false,"statementMap":{"0":{"start":{"line":1,"column":0},"end":{"line":1,"column":78}},"1":{"start":{"line":2,"column":0},"end":{"line":2,"column":10}},"2":{"start":{"line":3,"column":0},"end":{"line":3,"column":42}},"3":{"start":{"line":4,"column":0},"end":{"line":4,"column":60}},"4":{"start":{"line":5,"column":0},"end":{"line":5,"column":26}},"5":{"start":{"line":6,"column":0},"end":{"line":6,"column":10}},"7":{"start":{"line":8,"column":0},"end":{"line":8,"column":1}}},"s":{"0":6,"1":6,"2":6,"3":6,"4":6,"5":6,"7":6},"branchMap":{"0":{"type":"branch","line":1,"loc":{"start":{"line":1,"column":0},"end":{"line":8,"column":1}},"locations":[{"start":{"line":1,"column":0},"end":{"line":8,"column":1}}]}},"b":{"0":[6]},"fnMap":{"0":{"name":"Loader","decl":{"start":{"line":1,"column":0},"end":{"line":8,"column":1}},"loc":{"start":{"line":1,"column":0},"end":{"line":8,"column":1}},"line":1}},"f":{"0":6}}
,"/run/media/ahb/desk/task/frontend-developer-a-final-76218-abdulla/src/components/Message.tsx": {"path":"/run/media/ahb/desk/task/frontend-developer-a-final-76218-abdulla/src/components/Message.tsx","all":false,"statementMap":{"0":{"start":{"line":1,"column":0},"end":{"line":1,"column":24}},"6":{"start":{"line":7,"column":0},"end":{"line":7,"column":74}},"7":{"start":{"line":8,"column":0},"end":{"line":8,"column":10}},"8":{"start":{"line":9,"column":0},"end":{"line":9,"column":93}},"9":{"start":{"line":10,"column":0},"end":{"line":10,"column":47}},"10":{"start":{"line":11,"column":0},"end":{"line":11,"column":67}},"11":{"start":{"line":12,"column":0},"end":{"line":12,"column":10}},"13":{"start":{"line":14,"column":0},"end":{"line":14,"column":1}}},"s":{"0":1,"6":10,"7":10,"8":10,"9":10,"10":10,"11":10,"13":10},"branchMap":{"0":{"type":"branch","line":7,"loc":{"start":{"line":7,"column":0},"end":{"line":14,"column":1}},"locations":[{"start":{"line":7,"column":0},"end":{"line":14,"column":1}}]},"1":{"type":"branch","line":9,"loc":{"start":{"line":9,"column":63},"end":{"line":9,"column":83}},"locations":[{"start":{"line":9,"column":63},"end":{"line":9,"column":83}}]}},"b":{"0":[10],"1":[0]},"fnMap":{"0":{"name":"Message","decl":{"start":{"line":7,"column":0},"end":{"line":14,"column":1}},"loc":{"start":{"line":7,"column":0},"end":{"line":14,"column":1}},"line":7}},"f":{"0":10}}
,"/run/media/ahb/desk/task/frontend-developer-a-final-76218-abdulla/src/components/SearchBar.tsx": {"path":"/run/media/ahb/desk/task/frontend-developer-a-final-76218-abdulla/src/components/SearchBar.tsx","all":false,"statementMap":{"0":{"start":{"line":1,"column":0},"end":{"line":1,"column":32}},"8":{"start":{"line":9,"column":0},"end":{"line":9,"column":84}},"9":{"start":{"line":10,"column":0},"end":{"line":10,"column":34}},"11":{"start":{"line":12,"column":0},"end":{"line":12,"column":42}},"12":{"start":{"line":13,"column":0},"end":{"line":13,"column":22}},"13":{"start":{"line":14,"column":0},"end":{"line":14,"column":38}},"14":{"start":{"line":15,"column":0},"end":{"line":15,"column":3}},"16":{"start":{"line":17,"column":0},"end":{"line":17,"column":10}},"17":{"start":{"line":18,"column":0},"end":{"line":18,"column":65}},"18":{"start":{"line":19,"column":0},"end":{"line":19,"column":12}},"19":{"start":{"line":20,"column":0},"end":{"line":20,"column":19}},"20":{"start":{"line":21,"column":0},"end":{"line":21,"column":27}},"21":{"start":{"line":22,"column":0},"end":{"line":22,"column":18}},"22":{"start":{"line":23,"column":0},"end":{"line":23,"column":47}},"23":{"start":{"line":24,"column":0},"end":{"line":24,"column":43}},"24":{"start":{"line":25,"column":0},"end":{"line":25,"column":42}},"25":{"start":{"line":26,"column":0},"end":{"line":26,"column":27}},"26":{"start":{"line":27,"column":0},"end":{"line":27,"column":8}},"27":{"start":{"line":28,"column":0},"end":{"line":28,"column":91}},"29":{"start":{"line":30,"column":0},"end":{"line":30,"column":15}},"30":{"start":{"line":31,"column":0},"end":{"line":31,"column":93}},"32":{"start":{"line":33,"column":0},"end":{"line":33,"column":15}},"33":{"start":{"line":34,"column":0},"end":{"line":34,"column":11}},"35":{"start":{"line":36,"column":0},"end":{"line":36,"column":1}}},"s":{"0":1,"8":32,"9":32,"11":32,"12":2,"13":2,"14":2,"16":32,"17":32,"18":32,"19":32,"20":32,"21":32,"22":32,"23":32,"24":32,"25":32,"26":32,"27":32,"29":32,"30":32,"32":32,"33":32,"35":32},"branchMap":{"0":{"type":"branch","line":9,"loc":{"start":{"line":9,"column":0},"end":{"line":36,"column":1}},"locations":[{"start":{"line":9,"column":0},"end":{"line":36,"column":1}}]},"1":{"type":"branch","line":12,"loc":{"start":{"line":12,"column":17},"end":{"line":15,"column":3}},"locations":[{"start":{"line":12,"column":17},"end":{"line":15,"column":3}}]},"2":{"type":"branch","line":23,"loc":{"start":{"line":23,"column":18},"end":{"line":23,"column":47}},"locations":[{"start":{"line":23,"column":18},"end":{"line":23,"column":47}}]}},"b":{"0":[32],"1":[2],"2":[5]},"fnMap":{"0":{"name":"SearchBar","decl":{"start":{"line":9,"column":0},"end":{"line":36,"column":1}},"loc":{"start":{"line":9,"column":0},"end":{"line":36,"column":1}},"line":9},"1":{"name":"submit","decl":{"start":{"line":12,"column":17},"end":{"line":15,"column":3}},"loc":{"start":{"line":12,"column":17},"end":{"line":15,"column":3}},"line":12},"2":{"name":"onChange","decl":{"start":{"line":23,"column":18},"end":{"line":23,"column":47}},"loc":{"start":{"line":23,"column":18},"end":{"line":23,"column":47}},"line":23}},"f":{"0":32,"1":2,"2":5}}
,"/run/media/ahb/desk/task/frontend-developer-a-final-76218-abdulla/src/containers/EmployeesContainer.tsx": {"path":"/run/media/ahb/desk/task/frontend-developer-a-final-76218-abdulla/src/containers/EmployeesContainer.tsx","all":false,"statementMap":{"0":{"start":{"line":1,"column":0},"end":{"line":1,"column":43}},"19":{"start":{"line":20,"column":0},"end":{"line":20,"column":46}},"20":{"start":{"line":21,"column":0},"end":{"line":21,"column":35}},"21":{"start":{"line":22,"column":0},"end":{"line":22,"column":84}},"22":{"start":{"line":23,"column":0},"end":{"line":23,"column":23}},"23":{"start":{"line":24,"column":0},"end":{"line":24,"column":3}},"24":{"start":{"line":25,"column":0},"end":{"line":25,"column":85}},"26":{"start":{"line":27,"column":0},"end":{"line":27,"column":63}},"27":{"start":{"line":28,"column":0},"end":{"line":28,"column":65}},"28":{"start":{"line":29,"column":0},"end":{"line":29,"column":42}},"30":{"start":{"line":31,"column":0},"end":{"line":31,"column":19}},"31":{"start":{"line":32,"column":0},"end":{"line":32,"column":30}},"32":{"start":{"line":33,"column":0},"end":{"line":33,"column":30}},"33":{"start":{"line":34,"column":0},"end":{"line":34,"column":16}},"35":{"start":{"line":36,"column":0},"end":{"line":36,"column":39}},"36":{"start":{"line":37,"column":0},"end":{"line":37,"column":29}},"37":{"start":{"line":38,"column":0},"end":{"line":38,"column":23}},"38":{"start":{"line":39,"column":0},"end":{"line":39,"column":14}},"39":{"start":{"line":40,"column":0},"end":{"line":40,"column":45}},"40":{"start":{"line":41,"column":0},"end":{"line":41,"column":46}},"41":{"start":{"line":42,"column":0},"end":{"line":42,"column":47}},"42":{"start":{"line":43,"column":0},"end":{"line":43,"column":46}},"43":{"start":{"line":44,"column":0},"end":{"line":44,"column":7}},"44":{"start":{"line":45,"column":0},"end":{"line":45,"column":15}},"46":{"start":{"line":47,"column":0},"end":{"line":47,"column":40}},"47":{"start":{"line":48,"column":0},"end":{"line":48,"column":35}},"48":{"start":{"line":49,"column":0},"end":{"line":49,"column":3}},"50":{"start":{"line":51,"column":0},"end":{"line":51,"column":35}},"51":{"start":{"line":52,"column":0},"end":{"line":52,"column":27}},"52":{"start":{"line":53,"column":0},"end":{"line":53,"column":3}},"54":{"start":{"line":55,"column":0},"end":{"line":55,"column":49}},"55":{"start":{"line":56,"column":0},"end":{"line":56,"column":18}},"56":{"start":{"line":57,"column":0},"end":{"line":57,"column":56}},"57":{"start":{"line":58,"column":0},"end":{"line":58,"column":22}},"58":{"start":{"line":59,"column":0},"end":{"line":59,"column":12}},"59":{"start":{"line":60,"column":0},"end":{"line":60,"column":36}},"60":{"start":{"line":61,"column":0},"end":{"line":61,"column":5}},"61":{"start":{"line":62,"column":0},"end":{"line":62,"column":3}},"63":{"start":{"line":64,"column":0},"end":{"line":64,"column":37}},"64":{"start":{"line":65,"column":0},"end":{"line":65,"column":19}},"65":{"start":{"line":66,"column":0},"end":{"line":66,"column":43}},"66":{"start":{"line":67,"column":0},"end":{"line":67,"column":23}},"67":{"start":{"line":68,"column":0},"end":{"line":68,"column":5}},"68":{"start":{"line":69,"column":0},"end":{"line":69,"column":3}},"70":{"start":{"line":71,"column":0},"end":{"line":71,"column":121}},"72":{"start":{"line":73,"column":0},"end":{"line":73,"column":10}},"73":{"start":{"line":74,"column":0},"end":{"line":74,"column":31}},"74":{"start":{"line":75,"column":0},"end":{"line":75,"column":37}},"75":{"start":{"line":76,"column":0},"end":{"line":76,"column":58}},"76":{"start":{"line":77,"column":0},"end":{"line":77,"column":70}},"77":{"start":{"line":78,"column":0},"end":{"line":78,"column":15}},"79":{"start":{"line":80,"column":0},"end":{"line":80,"column":77}},"80":{"start":{"line":81,"column":0},"end":{"line":81,"column":18}},"81":{"start":{"line":82,"column":0},"end":{"line":82,"column":33}},"82":{"start":{"line":83,"column":0},"end":{"line":83,"column":37}},"83":{"start":{"line":84,"column":0},"end":{"line":84,"column":27}},"84":{"start":{"line":85,"column":0},"end":{"line":85,"column":10}},"85":{"start":{"line":86,"column":0},"end":{"line":86,"column":58}},"86":{"start":{"line":87,"column":0},"end":{"line":87,"column":69}},"87":{"start":{"line":88,"column":0},"end":{"line":88,"column":74}},"88":{"start":{"line":89,"column":0},"end":{"line":89,"column":58}},"89":{"start":{"line":90,"column":0},"end":{"line":90,"column":86}},"90":{"start":{"line":91,"column":0},"end":{"line":91,"column":20}},"92":{"start":{"line":93,"column":0},"end":{"line":93,"column":76}},"93":{"start":{"line":94,"column":0},"end":{"line":94,"column":39}},"95":{"start":{"line":96,"column":0},"end":{"line":96,"column":16}},"97":{"start":{"line":98,"column":0},"end":{"line":98,"column":26}},"98":{"start":{"line":99,"column":0},"end":{"line":99,"column":41}},"99":{"start":{"line":100,"column":0},"end":{"line":100,"column":59}},"100":{"start":{"line":101,"column":0},"end":{"line":101,"column":50}},"101":{"start":{"line":102,"column":0},"end":{"line":102,"column":48}},"102":{"start":{"line":103,"column":0},"end":{"line":103,"column":49}},"103":{"start":{"line":104,"column":0},"end":{"line":104,"column":50}},"104":{"start":{"line":105,"column":0},"end":{"line":105,"column":51}},"105":{"start":{"line":106,"column":0},"end":{"line":106,"column":20}},"106":{"start":{"line":107,"column":0},"end":{"line":107,"column":22}},"107":{"start":{"line":108,"column":0},"end":{"line":108,"column":16}},"109":{"start":{"line":110,"column":0},"end":{"line":110,"column":16}},"111":{"start":{"line":112,"column":0},"end":{"line":112,"column":39}},"112":{"start":{"line":113,"column":0},"end":{"line":113,"column":71}},"113":{"start":{"line":114,"column":0},"end":{"line":114,"column":40}},"114":{"start":{"line":115,"column":0},"end":{"line":115,"column":53}},"115":{"start":{"line":116,"column":0},"end":{"line":116,"column":18}},"116":{"start":{"line":117,"column":0},"end":{"line":117,"column":27}},"117":{"start":{"line":118,"column":0},"end":{"line":118,"column":37}},"118":{"start":{"line":119,"column":0},"end":{"line":119,"column":28}},"119":{"start":{"line":120,"column":0},"end":{"line":120,"column":57}},"120":{"start":{"line":121,"column":0},"end":{"line":121,"column":71}},"121":{"start":{"line":122,"column":0},"end":{"line":122,"column":43}},"122":{"start":{"line":123,"column":0},"end":{"line":123,"column":14}},"123":{"start":{"line":124,"column":0},"end":{"line":124,"column":16}},"125":{"start":{"line":126,"column":0},"end":{"line":126,"column":62}},"126":{"start":{"line":127,"column":0},"end":{"line":127,"column":59}},"127":{"start":{"line":128,"column":0},"end":{"line":128,"column":60}},"128":{"start":{"line":129,"column":0},"end":{"line":129,"column":59}},"129":{"start":{"line":130,"column":0},"end":{"line":130,"column":61}},"130":{"start":{"line":131,"column":0},"end":{"line":131,"column":22}},"132":{"start":{"line":133,"column":0},"end":{"line":133,"column":92}},"133":{"start":{"line":134,"column":0},"end":{"line":134,"column":53}},"134":{"start":{"line":135,"column":0},"end":{"line":135,"column":77}},"135":{"start":{"line":136,"column":0},"end":{"line":136,"column":22}},"137":{"start":{"line":138,"column":0},"end":{"line":138,"column":66}},"138":{"start":{"line":139,"column":0},"end":{"line":139,"column":26}},"139":{"start":{"line":140,"column":0},"end":{"line":140,"column":43}},"140":{"start":{"line":141,"column":0},"end":{"line":141,"column":33}},"141":{"start":{"line":142,"column":0},"end":{"line":142,"column":36}},"142":{"start":{"line":143,"column":0},"end":{"line":143,"column":14}},"144":{"start":{"line":145,"column":0},"end":{"line":145,"column":14}},"146":{"start":{"line":147,"column":0},"end":{"line":147,"column":14}},"147":{"start":{"line":148,"column":0},"end":{"line":148,"column":81}},"148":{"start":{"line":149,"column":0},"end":{"line":149,"column":36}},"150":{"start":{"line":151,"column":0},"end":{"line":151,"column":23}},"151":{"start":{"line":152,"column":0},"end":{"line":152,"column":38}},"152":{"start":{"line":153,"column":0},"end":{"line":153,"column":33}},"153":{"start":{"line":154,"column":0},"end":{"line":154,"column":47}},"154":{"start":{"line":155,"column":0},"end":{"line":155,"column":29}},"155":{"start":{"line":156,"column":0},"end":{"line":156,"column":35}},"156":{"start":{"line":157,"column":0},"end":{"line":157,"column":45}},"157":{"start":{"line":158,"column":0},"end":{"line":158,"column":25}},"158":{"start":{"line":159,"column":0},"end":{"line":159,"column":31}},"159":{"start":{"line":160,"column":0},"end":{"line":160,"column":12}},"160":{"start":{"line":161,"column":0},"end":{"line":161,"column":16}},"161":{"start":{"line":162,"column":0},"end":{"line":162,"column":16}},"163":{"start":{"line":164,"column":0},"end":{"line":164,"column":20}},"164":{"start":{"line":165,"column":0},"end":{"line":165,"column":21}},"165":{"start":{"line":166,"column":0},"end":{"line":166,"column":29}},"166":{"start":{"line":167,"column":0},"end":{"line":167,"column":41}},"167":{"start":{"line":168,"column":0},"end":{"line":168,"column":44}},"168":{"start":{"line":169,"column":0},"end":{"line":169,"column":23}},"169":{"start":{"line":170,"column":0},"end":{"line":170,"column":10}},"171":{"start":{"line":172,"column":0},"end":{"line":172,"column":10}},"173":{"start":{"line":174,"column":0},"end":{"line":174,"column":1}}},"s":{"0":1,"19":25,"20":25,"21":25,"22":25,"23":25,"24":25,"26":25,"27":25,"28":25,"30":25,"31":5,"32":5,"33":25,"35":25,"36":25,"37":8,"38":8,"39":8,"40":3,"41":3,"42":3,"43":8,"44":17,"46":25,"47":1,"48":1,"50":25,"51":0,"52":0,"54":25,"55":0,"56":0,"57":0,"58":0,"59":0,"60":0,"61":0,"63":25,"64":0,"65":0,"66":0,"67":0,"68":0,"70":25,"72":25,"73":25,"74":25,"75":25,"76":25,"77":25,"79":25,"80":25,"81":25,"82":25,"83":25,"84":25,"85":25,"86":25,"87":25,"88":1,"89":1,"90":1,"92":25,"93":23,"95":23,"97":25,"98":0,"99":0,"100":0,"101":0,"102":0,"103":0,"104":0,"105":0,"106":0,"107":0,"109":25,"111":25,"112":25,"113":25,"114":25,"115":25,"116":25,"117":25,"118":25,"119":25,"120":25,"121":25,"122":25,"123":25,"125":25,"126":25,"127":25,"128":6,"129":6,"130":6,"132":25,"133":3,"134":3,"135":3,"137":25,"138":11,"139":11,"140":11,"141":11,"142":11,"144":25,"146":25,"147":25,"148":25,"150":25,"151":25,"152":25,"153":25,"154":25,"155":25,"156":25,"157":25,"158":25,"159":25,"160":25,"161":25,"163":25,"164":0,"165":0,"166":0,"167":0,"168":0,"169":0,"171":25,"173":25},"branchMap":{"0":{"type":"branch","line":20,"loc":{"start":{"line":20,"column":0},"end":{"line":174,"column":1}},"locations":[{"start":{"line":20,"column":0},"end":{"line":174,"column":1}}]},"1":{"type":"branch","line":37,"loc":{"start":{"line":37,"column":28},"end":{"line":44,"column":7}},"locations":[{"start":{"line":37,"column":28},"end":{"line":44,"column":7}}]},"2":{"type":"branch","line":44,"loc":{"start":{"line":44,"column":6},"end":{"line":45,"column":15}},"locations":[{"start":{"line":44,"column":6},"end":{"line":45,"column":15}}]},"3":{"type":"branch","line":86,"loc":{"start":{"line":86,"column":9},"end":{"line":86,"column":58}},"locations":[{"start":{"line":86,"column":9},"end":{"line":86,"column":58}}]},"4":{"type":"branch","line":87,"loc":{"start":{"line":87,"column":9},"end":{"line":87,"column":69}},"locations":[{"start":{"line":87,"column":9},"end":{"line":87,"column":69}}]},"5":{"type":"branch","line":88,"loc":{"start":{"line":88,"column":10},"end":{"line":88,"column":43}},"locations":[{"start":{"line":88,"column":10},"end":{"line":88,"column":43}}]},"6":{"type":"branch","line":88,"loc":{"start":{"line":88,"column":28},"end":{"line":88,"column":61}},"locations":[{"start":{"line":88,"column":28},"end":{"line":88,"column":61}}]},"7":{"type":"branch","line":88,"loc":{"start":{"line":88,"column":43},"end":{"line":88,"column":74}},"locations":[{"start":{"line":88,"column":43},"end":{"line":88,"column":74}}]},"8":{"type":"branch","line":88,"loc":{"start":{"line":88,"column":61},"end":{"line":91,"column":20}},"locations":[{"start":{"line":88,"column":61},"end":{"line":91,"column":20}}]},"9":{"type":"branch","line":93,"loc":{"start":{"line":93,"column":10},"end":{"line":93,"column":43}},"locations":[{"start":{"line":93,"column":10},"end":{"line":93,"column":43}}]},"10":{"type":"branch","line":93,"loc":{"start":{"line":93,"column":28},"end":{"line":93,"column":62}},"locations":[{"start":{"line":93,"column":28},"end":{"line":93,"column":62}}]},"11":{"type":"branch","line":93,"loc":{"start":{"line":93,"column":44},"end":{"line":93,"column":76}},"locations":[{"start":{"line":93,"column":44},"end":{"line":93,"column":76}}]},"12":{"type":"branch","line":93,"loc":{"start":{"line":93,"column":63},"end":{"line":96,"column":16}},"locations":[{"start":{"line":93,"column":63},"end":{"line":96,"column":16}}]},"13":{"type":"branch","line":98,"loc":{"start":{"line":98,"column":9},"end":{"line":108,"column":16}},"locations":[{"start":{"line":98,"column":9},"end":{"line":108,"column":16}}]},"14":{"type":"branch","line":126,"loc":{"start":{"line":126,"column":11},"end":{"line":126,"column":62}},"locations":[{"start":{"line":126,"column":11},"end":{"line":126,"column":62}}]},"15":{"type":"branch","line":127,"loc":{"start":{"line":127,"column":11},"end":{"line":127,"column":59}},"locations":[{"start":{"line":127,"column":11},"end":{"line":127,"column":59}}]},"16":{"type":"branch","line":128,"loc":{"start":{"line":128,"column":12},"end":{"line":128,"column":33}},"locations":[{"start":{"line":128,"column":12},"end":{"line":128,"column":33}}]},"17":{"type":"branch","line":128,"loc":{"start":{"line":128,"column":24},"end":{"line":128,"column":60}},"locations":[{"start":{"line":128,"column":24},"end":{"line":128,"column":60}}]},"18":{"type":"branch","line":128,"loc":{"start":{"line":128,"column":54},"end":{"line":131,"column":22}},"locations":[{"start":{"line":128,"column":54},"end":{"line":131,"column":22}}]},"19":{"type":"branch","line":133,"loc":{"start":{"line":133,"column":12},"end":{"line":133,"column":33}},"locations":[{"start":{"line":133,"column":12},"end":{"line":133,"column":33}}]},"20":{"type":"branch","line":133,"loc":{"start":{"line":133,"column":24},"end":{"line":133,"column":57}},"locations":[{"start":{"line":133,"column":24},"end":{"line":133,"column":57}}]},"21":{"type":"branch","line":133,"loc":{"start":{"line":133,"column":52},"end":{"line":133,"column":92}},"locations":[{"start":{"line":133,"column":52},"end":{"line":133,"column":92}}]},"22":{"type":"branch","line":133,"loc":{"start":{"line":133,"column":86},"end":{"line":136,"column":22}},"locations":[{"start":{"line":133,"column":86},"end":{"line":136,"column":22}}]},"23":{"type":"branch","line":138,"loc":{"start":{"line":138,"column":12},"end":{"line":138,"column":33}},"locations":[{"start":{"line":138,"column":12},"end":{"line":138,"column":33}}]},"24":{"type":"branch","line":138,"loc":{"start":{"line":138,"column":24},"end":{"line":138,"column":66}},"locations":[{"start":{"line":138,"column":24},"end":{"line":138,"column":66}}]},"25":{"type":"branch","line":138,"loc":{"start":{"line":138,"column":60},"end":{"line":143,"column":14}},"locations":[{"start":{"line":138,"column":60},"end":{"line":143,"column":14}}]},"26":{"type":"branch","line":148,"loc":{"start":{"line":148,"column":42},"end":{"line":148,"column":76}},"locations":[{"start":{"line":148,"column":42},"end":{"line":148,"column":76}}]},"27":{"type":"branch","line":159,"loc":{"start":{"line":159,"column":19},"end":{"line":159,"column":31}},"locations":[{"start":{"line":159,"column":19},"end":{"line":159,"column":31}}]},"28":{"type":"branch","line":164,"loc":{"start":{"line":164,"column":7},"end":{"line":170,"column":10}},"locations":[{"start":{"line":164,"column":7},"end":{"line":170,"column":10}}]},"29":{"type":"branch","line":23,"loc":{"start":{"line":23,"column":4},"end":{"line":23,"column":23}},"locations":[{"start":{"line":23,"column":4},"end":{"line":23,"column":23}}]},"30":{"type":"branch","line":25,"loc":{"start":{"line":25,"column":66},"end":{"line":25,"column":84}},"locations":[{"start":{"line":25,"column":66},"end":{"line":25,"column":84}}]},"31":{"type":"branch","line":31,"loc":{"start":{"line":31,"column":12},"end":{"line":34,"column":5}},"locations":[{"start":{"line":31,"column":12},"end":{"line":34,"column":5}}]},"32":{"type":"branch","line":39,"loc":{"start":{"line":39,"column":8},"end":{"line":43,"column":46}},"locations":[{"start":{"line":39,"column":8},"end":{"line":43,"column":46}}]},"33":{"type":"branch","line":40,"loc":{"start":{"line":40,"column":41},"end":{"line":41,"column":46}},"locations":[{"start":{"line":40,"column":41},"end":{"line":41,"column":46}}]},"34":{"type":"branch","line":41,"loc":{"start":{"line":41,"column":42},"end":{"line":42,"column":47}},"locations":[{"start":{"line":41,"column":42},"end":{"line":42,"column":47}}]},"35":{"type":"branch","line":42,"loc":{"start":{"line":42,"column":43},"end":{"line":43,"column":46}},"locations":[{"start":{"line":42,"column":43},"end":{"line":43,"column":46}}]},"36":{"type":"branch","line":47,"loc":{"start":{"line":47,"column":23},"end":{"line":49,"column":3}},"locations":[{"start":{"line":47,"column":23},"end":{"line":49,"column":3}}]},"37":{"type":"branch","line":120,"loc":{"start":{"line":120,"column":24},"end":{"line":120,"column":57}},"locations":[{"start":{"line":120,"column":24},"end":{"line":120,"column":57}}]}},"b":{"0":[25],"1":[8],"2":[17],"3":[1],"4":[0],"5":[24],"6":[24],"7":[1],"8":[1],"9":[24],"10":[24],"11":[23],"12":[23],"13":[0],"14":[5],"15":[0],"16":[20],"17":[20],"18":[6],"19":[20],"20":[20],"21":[14],"22":[3],"23":[20],"24":[20],"25":[11],"26":[0],"27":[0],"28":[0],"29":[52],"30":[52],"31":[5],"32":[8],"33":[3],"34":[3],"35":[3],"36":[1],"37":[8]},"fnMap":{"0":{"name":"EmployeesContainer","decl":{"start":{"line":20,"column":0},"end":{"line":174,"column":1}},"loc":{"start":{"line":20,"column":0},"end":{"line":174,"column":1}},"line":20},"1":{"name":"handleSearch","decl":{"start":{"line":47,"column":23},"end":{"line":49,"column":3}},"loc":{"start":{"line":47,"column":23},"end":{"line":49,"column":3}},"line":47},"2":{"name":"handleClearSearch","decl":{"start":{"line":51,"column":28},"end":{"line":53,"column":3}},"loc":{"start":{"line":51,"column":28},"end":{"line":53,"column":3}},"line":51},"3":{"name":"handleSubmit","decl":{"start":{"line":55,"column":23},"end":{"line":62,"column":3}},"loc":{"start":{"line":55,"column":23},"end":{"line":62,"column":3}},"line":55},"4":{"name":"handleDeleteConfirm","decl":{"start":{"line":64,"column":30},"end":{"line":69,"column":3}},"loc":{"start":{"line":64,"column":30},"end":{"line":69,"column":3}},"line":64},"5":{"name":"onChange","decl":{"start":{"line":120,"column":24},"end":{"line":120,"column":57}},"loc":{"start":{"line":120,"column":24},"end":{"line":120,"column":57}},"line":120},"6":{"name":"onCancel","decl":{"start":{"line":157,"column":22},"end":{"line":157,"column":45}},"loc":{"start":{"line":157,"column":22},"end":{"line":157,"column":45}},"line":157},"7":{"name":"onCancel","decl":{"start":{"line":168,"column":20},"end":{"line":168,"column":44}},"loc":{"start":{"line":168,"column":20},"end":{"line":168,"column":44}},"line":168}},"f":{"0":25,"1":1,"2":0,"3":0,"4":0,"5":8,"6":0,"7":0}}
,"/run/media/ahb/desk/task/frontend-developer-a-final-76218-abdulla/src/features/countriesSlice.ts": {"path":"/run/media/ahb/desk/task/frontend-developer-a-final-76218-abdulla/src/features/countriesSlice.ts","all":false,"statementMap":{"0":{"start":{"line":1,"column":0},"end":{"line":1,"column":64}},"10":{"start":{"line":11,"column":0},"end":{"line":11,"column":36}},"11":{"start":{"line":12,"column":0},"end":{"line":12,"column":16}},"12":{"start":{"line":13,"column":0},"end":{"line":13,"column":17}},"13":{"start":{"line":14,"column":0},"end":{"line":14,"column":14}},"14":{"start":{"line":15,"column":0},"end":{"line":15,"column":1}},"16":{"start":{"line":17,"column":0},"end":{"line":17,"column":87}},"18":{"start":{"line":19,"column":0},"end":{"line":19,"column":36}},"19":{"start":{"line":20,"column":0},"end":{"line":20,"column":20}},"20":{"start":{"line":21,"column":0},"end":{"line":21,"column":15}},"21":{"start":{"line":22,"column":0},"end":{"line":22,"column":15}},"22":{"start":{"line":23,"column":0},"end":{"line":23,"column":31}},"23":{"start":{"line":24,"column":0},"end":{"line":24,"column":11}},"24":{"start":{"line":25,"column":0},"end":{"line":25,"column":51}},"25":{"start":{"line":26,"column":0},"end":{"line":26,"column":28}},"26":{"start":{"line":27,"column":0},"end":{"line":27,"column":26}},"27":{"start":{"line":28,"column":0},"end":{"line":28,"column":8}},"28":{"start":{"line":29,"column":0},"end":{"line":29,"column":61}},"29":{"start":{"line":30,"column":0},"end":{"line":30,"column":29}},"30":{"start":{"line":31,"column":0},"end":{"line":31,"column":40}},"31":{"start":{"line":32,"column":0},"end":{"line":32,"column":8}},"32":{"start":{"line":33,"column":0},"end":{"line":33,"column":52}},"33":{"start":{"line":34,"column":0},"end":{"line":34,"column":29}},"34":{"start":{"line":35,"column":0},"end":{"line":35,"column":49}},"35":{"start":{"line":36,"column":0},"end":{"line":36,"column":8}},"36":{"start":{"line":37,"column":0},"end":{"line":37,"column":4}},"37":{"start":{"line":38,"column":0},"end":{"line":38,"column":2}},"39":{"start":{"line":40,"column":0},"end":{"line":40,"column":37}}},"s":{"0":1,"10":1,"11":1,"12":1,"13":1,"14":1,"16":1,"18":1,"19":1,"20":1,"21":1,"22":1,"23":1,"24":1,"25":5,"26":5,"27":1,"28":1,"29":5,"30":5,"31":1,"32":1,"33":0,"34":0,"35":1,"36":1,"37":1,"39":1},"branchMap":{"0":{"type":"branch","line":23,"loc":{"start":{"line":23,"column":17},"end":{"line":37,"column":4}},"locations":[{"start":{"line":23,"column":17},"end":{"line":37,"column":4}}]},"1":{"type":"branch","line":25,"loc":{"start":{"line":25,"column":39},"end":{"line":28,"column":7}},"locations":[{"start":{"line":25,"column":39},"end":{"line":28,"column":7}}]},"2":{"type":"branch","line":29,"loc":{"start":{"line":29,"column":41},"end":{"line":32,"column":7}},"locations":[{"start":{"line":29,"column":41},"end":{"line":32,"column":7}}]}},"b":{"0":[1],"1":[5],"2":[5]},"fnMap":{"0":{"name":"extraReducers","decl":{"start":{"line":23,"column":17},"end":{"line":37,"column":4}},"loc":{"start":{"line":23,"column":17},"end":{"line":37,"column":4}},"line":23}},"f":{"0":1}}
,"/run/media/ahb/desk/task/frontend-developer-a-final-76218-abdulla/src/features/employeesSlice.ts": {"path":"/run/media/ahb/desk/task/frontend-developer-a-final-76218-abdulla/src/features/employeesSlice.ts","all":false,"statementMap":{"0":{"start":{"line":1,"column":0},"end":{"line":1,"column":64}},"19":{"start":{"line":20,"column":0},"end":{"line":20,"column":37}},"20":{"start":{"line":21,"column":0},"end":{"line":21,"column":16}},"21":{"start":{"line":22,"column":0},"end":{"line":22,"column":17}},"22":{"start":{"line":23,"column":0},"end":{"line":23,"column":14}},"23":{"start":{"line":24,"column":0},"end":{"line":24,"column":90}},"24":{"start":{"line":25,"column":0},"end":{"line":25,"column":16}},"25":{"start":{"line":26,"column":0},"end":{"line":26,"column":20}},"26":{"start":{"line":27,"column":0},"end":{"line":27,"column":1}},"28":{"start":{"line":29,"column":0},"end":{"line":29,"column":88}},"29":{"start":{"line":30,"column":0},"end":{"line":30,"column":50}},"33":{"start":{"line":34,"column":0},"end":{"line":34,"column":61}},"34":{"start":{"line":35,"column":0},"end":{"line":35,"column":7}},"35":{"start":{"line":36,"column":0},"end":{"line":36,"column":40}},"36":{"start":{"line":37,"column":0},"end":{"line":37,"column":17}},"37":{"start":{"line":38,"column":0},"end":{"line":38,"column":68}},"38":{"start":{"line":39,"column":0},"end":{"line":39,"column":3}},"39":{"start":{"line":40,"column":0},"end":{"line":40,"column":2}},"40":{"start":{"line":41,"column":0},"end":{"line":41,"column":47}},"41":{"start":{"line":42,"column":0},"end":{"line":42,"column":21}},"42":{"start":{"line":43,"column":0},"end":{"line":43,"column":52}},"43":{"start":{"line":44,"column":0},"end":{"line":44,"column":1}},"44":{"start":{"line":45,"column":0},"end":{"line":45,"column":47}},"45":{"start":{"line":46,"column":0},"end":{"line":46,"column":21}},"46":{"start":{"line":47,"column":0},"end":{"line":47,"column":86}},"47":{"start":{"line":48,"column":0},"end":{"line":48,"column":1}},"48":{"start":{"line":49,"column":0},"end":{"line":49,"column":47}},"49":{"start":{"line":50,"column":0},"end":{"line":50,"column":21}},"50":{"start":{"line":51,"column":0},"end":{"line":51,"column":41}},"51":{"start":{"line":52,"column":0},"end":{"line":52,"column":1}},"53":{"start":{"line":54,"column":0},"end":{"line":54,"column":36}},"54":{"start":{"line":55,"column":0},"end":{"line":55,"column":20}},"55":{"start":{"line":56,"column":0},"end":{"line":56,"column":15}},"56":{"start":{"line":57,"column":0},"end":{"line":57,"column":13}},"57":{"start":{"line":58,"column":0},"end":{"line":58,"column":29}},"58":{"start":{"line":59,"column":0},"end":{"line":59,"column":100}},"59":{"start":{"line":60,"column":0},"end":{"line":60,"column":6}},"60":{"start":{"line":61,"column":0},"end":{"line":61,"column":34}},"61":{"start":{"line":62,"column":0},"end":{"line":62,"column":30}},"62":{"start":{"line":63,"column":0},"end":{"line":63,"column":6}},"63":{"start":{"line":64,"column":0},"end":{"line":64,"column":4}},"64":{"start":{"line":65,"column":0},"end":{"line":65,"column":31}},"65":{"start":{"line":66,"column":0},"end":{"line":66,"column":11}},"66":{"start":{"line":67,"column":0},"end":{"line":67,"column":51}},"67":{"start":{"line":68,"column":0},"end":{"line":68,"column":28}},"68":{"start":{"line":69,"column":0},"end":{"line":69,"column":26}},"69":{"start":{"line":70,"column":0},"end":{"line":70,"column":8}},"70":{"start":{"line":71,"column":0},"end":{"line":71,"column":61}},"71":{"start":{"line":72,"column":0},"end":{"line":72,"column":29}},"72":{"start":{"line":73,"column":0},"end":{"line":73,"column":40}},"73":{"start":{"line":74,"column":0},"end":{"line":74,"column":8}},"74":{"start":{"line":75,"column":0},"end":{"line":75,"column":52}},"75":{"start":{"line":76,"column":0},"end":{"line":76,"column":29}},"76":{"start":{"line":77,"column":0},"end":{"line":77,"column":49}},"77":{"start":{"line":78,"column":0},"end":{"line":78,"column":8}},"78":{"start":{"line":79,"column":0},"end":{"line":79,"column":54}},"79":{"start":{"line":80,"column":0},"end":{"line":80,"column":35}},"80":{"start":{"line":81,"column":0},"end":{"line":81,"column":33}},"81":{"start":{"line":82,"column":0},"end":{"line":82,"column":34}},"82":{"start":{"line":83,"column":0},"end":{"line":83,"column":37}},"83":{"start":{"line":84,"column":0},"end":{"line":84,"column":8}},"84":{"start":{"line":85,"column":0},"end":{"line":85,"column":64}},"85":{"start":{"line":86,"column":0},"end":{"line":86,"column":36}},"86":{"start":{"line":87,"column":0},"end":{"line":87,"column":44}},"87":{"start":{"line":88,"column":0},"end":{"line":88,"column":37}},"88":{"start":{"line":89,"column":0},"end":{"line":89,"column":36}},"89":{"start":{"line":90,"column":0},"end":{"line":90,"column":8}},"90":{"start":{"line":91,"column":0},"end":{"line":91,"column":63}},"91":{"start":{"line":92,"column":0},"end":{"line":92,"column":36}},"92":{"start":{"line":93,"column":0},"end":{"line":93,"column":36}},"93":{"start":{"line":94,"column":0},"end":{"line":94,"column":37}},"94":{"start":{"line":95,"column":0},"end":{"line":95,"column":38}},"95":{"start":{"line":96,"column":0},"end":{"line":96,"column":35}},"96":{"start":{"line":97,"column":0},"end":{"line":97,"column":16}},"97":{"start":{"line":98,"column":0},"end":{"line":98,"column":39}},"98":{"start":{"line":99,"column":0},"end":{"line":99,"column":65}},"99":{"start":{"line":100,"column":0},"end":{"line":100,"column":9}},"100":{"start":{"line":101,"column":0},"end":{"line":101,"column":8}},"101":{"start":{"line":102,"column":0},"end":{"line":102,"column":51}},"102":{"start":{"line":103,"column":0},"end":{"line":103,"column":27}},"103":{"start":{"line":104,"column":0},"end":{"line":104,"column":32}},"104":{"start":{"line":105,"column":0},"end":{"line":105,"column":8}},"105":{"start":{"line":106,"column":0},"end":{"line":106,"column":61}},"106":{"start":{"line":107,"column":0},"end":{"line":107,"column":28}},"107":{"start":{"line":108,"column":0},"end":{"line":108,"column":47}},"108":{"start":{"line":109,"column":0},"end":{"line":109,"column":8}},"109":{"start":{"line":110,"column":0},"end":{"line":110,"column":52}},"110":{"start":{"line":111,"column":0},"end":{"line":111,"column":28}},"111":{"start":{"line":112,"column":0},"end":{"line":112,"column":56}},"112":{"start":{"line":113,"column":0},"end":{"line":113,"column":8}},"113":{"start":{"line":114,"column":0},"end":{"line":114,"column":51}},"114":{"start":{"line":115,"column":0},"end":{"line":115,"column":27}},"115":{"start":{"line":116,"column":0},"end":{"line":116,"column":32}},"116":{"start":{"line":117,"column":0},"end":{"line":117,"column":8}},"117":{"start":{"line":118,"column":0},"end":{"line":118,"column":61}},"118":{"start":{"line":119,"column":0},"end":{"line":119,"column":28}},"119":{"start":{"line":120,"column":0},"end":{"line":120,"column":80}},"120":{"start":{"line":121,"column":0},"end":{"line":121,"column":61}},"121":{"start":{"line":122,"column":0},"end":{"line":122,"column":95}},"122":{"start":{"line":123,"column":0},"end":{"line":123,"column":8}},"123":{"start":{"line":124,"column":0},"end":{"line":124,"column":52}},"124":{"start":{"line":125,"column":0},"end":{"line":125,"column":28}},"125":{"start":{"line":126,"column":0},"end":{"line":126,"column":56}},"126":{"start":{"line":127,"column":0},"end":{"line":127,"column":8}},"127":{"start":{"line":128,"column":0},"end":{"line":128,"column":51}},"128":{"start":{"line":129,"column":0},"end":{"line":129,"column":27}},"129":{"start":{"line":130,"column":0},"end":{"line":130,"column":32}},"130":{"start":{"line":131,"column":0},"end":{"line":131,"column":8}},"131":{"start":{"line":132,"column":0},"end":{"line":132,"column":61}},"132":{"start":{"line":133,"column":0},"end":{"line":133,"column":28}},"133":{"start":{"line":134,"column":0},"end":{"line":134,"column":81}},"134":{"start":{"line":135,"column":0},"end":{"line":135,"column":58}},"135":{"start":{"line":136,"column":0},"end":{"line":136,"column":36}},"136":{"start":{"line":137,"column":0},"end":{"line":137,"column":35}},"137":{"start":{"line":138,"column":0},"end":{"line":138,"column":9}},"138":{"start":{"line":139,"column":0},"end":{"line":139,"column":8}},"139":{"start":{"line":140,"column":0},"end":{"line":140,"column":52}},"140":{"start":{"line":141,"column":0},"end":{"line":141,"column":28}},"141":{"start":{"line":142,"column":0},"end":{"line":142,"column":56}},"142":{"start":{"line":143,"column":0},"end":{"line":143,"column":8}},"143":{"start":{"line":144,"column":0},"end":{"line":144,"column":4}},"144":{"start":{"line":145,"column":0},"end":{"line":145,"column":2}},"146":{"start":{"line":147,"column":0},"end":{"line":147,"column":71}},"147":{"start":{"line":148,"column":0},"end":{"line":148,"column":37}}},"s":{"0":1,"19":1,"20":1,"21":1,"22":1,"23":1,"24":1,"25":1,"26":1,"28":1,"29":1,"33":1,"34":1,"35":1,"36":1,"37":1,"38":1,"39":1,"40":1,"41":1,"42":1,"43":1,"44":1,"45":1,"46":1,"47":1,"48":1,"49":1,"50":1,"51":1,"53":1,"54":1,"55":1,"56":1,"57":1,"58":0,"59":0,"60":1,"61":0,"62":0,"63":1,"64":1,"65":2,"66":2,"67":6,"68":6,"69":2,"70":2,"71":8,"72":8,"73":2,"74":2,"75":1,"76":1,"77":2,"78":2,"79":1,"80":1,"81":1,"82":1,"83":2,"84":2,"85":1,"86":1,"87":1,"88":1,"89":2,"90":2,"91":1,"92":1,"93":1,"94":1,"95":1,"96":1,"97":0,"98":0,"99":0,"100":2,"101":2,"102":0,"103":0,"104":2,"105":2,"106":1,"107":1,"108":2,"109":2,"110":0,"111":0,"112":2,"113":2,"114":0,"115":0,"116":2,"117":2,"118":1,"119":1,"120":1,"121":1,"122":2,"123":2,"124":0,"125":0,"126":2,"127":2,"128":0,"129":0,"130":2,"131":2,"132":1,"133":1,"134":1,"135":0,"136":0,"137":0,"138":2,"139":2,"140":0,"141":0,"142":2,"143":2,"144":1,"146":1,"147":1},"branchMap":{"0":{"type":"branch","line":34,"loc":{"start":{"line":34,"column":25},"end":{"line":40,"column":2}},"locations":[{"start":{"line":34,"column":25},"end":{"line":40,"column":2}}]},"1":{"type":"branch","line":38,"loc":{"start":{"line":38,"column":57},"end":{"line":38,"column":67}},"locations":[{"start":{"line":38,"column":57},"end":{"line":38,"column":67}}]},"2":{"type":"branch","line":65,"loc":{"start":{"line":65,"column":17},"end":{"line":144,"column":4}},"locations":[{"start":{"line":65,"column":17},"end":{"line":144,"column":4}}]},"3":{"type":"branch","line":67,"loc":{"start":{"line":67,"column":39},"end":{"line":70,"column":7}},"locations":[{"start":{"line":67,"column":39},"end":{"line":70,"column":7}}]},"4":{"type":"branch","line":71,"loc":{"start":{"line":71,"column":41},"end":{"line":74,"column":7}},"locations":[{"start":{"line":71,"column":41},"end":{"line":74,"column":7}}]},"5":{"type":"branch","line":75,"loc":{"start":{"line":75,"column":40},"end":{"line":78,"column":7}},"locations":[{"start":{"line":75,"column":40},"end":{"line":78,"column":7}}]},"6":{"type":"branch","line":79,"loc":{"start":{"line":79,"column":42},"end":{"line":84,"column":7}},"locations":[{"start":{"line":79,"column":42},"end":{"line":84,"column":7}}]},"7":{"type":"branch","line":85,"loc":{"start":{"line":85,"column":44},"end":{"line":90,"column":7}},"locations":[{"start":{"line":85,"column":44},"end":{"line":90,"column":7}}]},"8":{"type":"branch","line":91,"loc":{"start":{"line":91,"column":43},"end":{"line":101,"column":7}},"locations":[{"start":{"line":91,"column":43},"end":{"line":101,"column":7}}]},"9":{"type":"branch","line":97,"loc":{"start":{"line":97,"column":8},"end":{"line":100,"column":9}},"locations":[{"start":{"line":97,"column":8},"end":{"line":100,"column":9}}]},"10":{"type":"branch","line":106,"loc":{"start":{"line":106,"column":41},"end":{"line":109,"column":7}},"locations":[{"start":{"line":106,"column":41},"end":{"line":109,"column":7}}]},"11":{"type":"branch","line":118,"loc":{"start":{"line":118,"column":41},"end":{"line":123,"column":7}},"locations":[{"start":{"line":118,"column":41},"end":{"line":123,"column":7}}]},"12":{"type":"branch","line":122,"loc":{"start":{"line":122,"column":25},"end":{"line":122,"column":40}},"locations":[{"start":{"line":122,"column":25},"end":{"line":122,"column":40}}]},"13":{"type":"branch","line":122,"loc":{"start":{"line":122,"column":59},"end":{"line":122,"column":95}},"locations":[{"start":{"line":122,"column":59},"end":{"line":122,"column":95}}]},"14":{"type":"branch","line":120,"loc":{"start":{"line":120,"column":46},"end":{"line":120,"column":79}},"locations":[{"start":{"line":120,"column":46},"end":{"line":120,"column":79}}]},"15":{"type":"branch","line":132,"loc":{"start":{"line":132,"column":41},"end":{"line":139,"column":7}},"locations":[{"start":{"line":132,"column":41},"end":{"line":139,"column":7}}]},"16":{"type":"branch","line":135,"loc":{"start":{"line":135,"column":25},"end":{"line":135,"column":40}},"locations":[{"start":{"line":135,"column":25},"end":{"line":135,"column":40}}]},"17":{"type":"branch","line":135,"loc":{"start":{"line":135,"column":57},"end":{"line":138,"column":9}},"locations":[{"start":{"line":135,"column":57},"end":{"line":138,"column":9}}]},"18":{"type":"branch","line":134,"loc":{"start":{"line":134,"column":49},"end":{"line":134,"column":80}},"locations":[{"start":{"line":134,"column":49},"end":{"line":134,"column":80}}]}},"b":{"0":[1],"1":[0],"2":[2],"3":[6],"4":[8],"5":[1],"6":[1],"7":[1],"8":[1],"9":[0],"10":[1],"11":[1],"12":[0],"13":[0],"14":[1],"15":[1],"16":[0],"17":[0],"18":[1]},"fnMap":{"0":{"name":"clearSearch","decl":{"start":{"line":58,"column":17},"end":{"line":60,"column":6}},"loc":{"start":{"line":58,"column":17},"end":{"line":60,"column":6}},"line":58},"1":{"name":"clearSavingError","decl":{"start":{"line":61,"column":22},"end":{"line":63,"column":6}},"loc":{"start":{"line":61,"column":22},"end":{"line":63,"column":6}},"line":61},"2":{"name":"extraReducers","decl":{"start":{"line":65,"column":17},"end":{"line":144,"column":4}},"loc":{"start":{"line":65,"column":17},"end":{"line":144,"column":4}},"line":65}},"f":{"0":0,"1":0,"2":2}}
,"/run/media/ahb/desk/task/frontend-developer-a-final-76218-abdulla/src/types/index.ts": {"path":"/run/media/ahb/desk/task/frontend-developer-a-final-76218-abdulla/src/types/index.ts","all":true,"statementMap":{},"s":{},"branchMap":{"0":{"type":"branch","line":1,"loc":{"start":{"line":1,"column":272},"end":{"line":17,"column":48}},"locations":[{"start":{"line":1,"column":272},"end":{"line":17,"column":48}}]}},"b":{"0":[1]},"fnMap":{"0":{"name":"(empty-report)","decl":{"start":{"line":1,"column":272},"end":{"line":17,"column":48}},"loc":{"start":{"line":1,"column":272},"end":{"line":17,"column":48}},"line":1}},"f":{"0":1}}
,"/run/media/ahb/desk/task/frontend-developer-a-final-76218-abdulla/src/validation/schema.ts": {"path":"/run/media/ahb/desk/task/frontend-developer-a-final-76218-abdulla/src/validation/schema.ts","all":false,"statementMap":{"0":{"start":{"line":1,"column":0},"end":{"line":1,"column":23}},"2":{"start":{"line":3,"column":0},"end":{"line":3,"column":40}},"3":{"start":{"line":4,"column":0},"end":{"line":4,"column":9}},"4":{"start":{"line":5,"column":0},"end":{"line":5,"column":13}},"5":{"start":{"line":6,"column":0},"end":{"line":6,"column":49}},"6":{"start":{"line":7,"column":0},"end":{"line":7,"column":51}},"7":{"start":{"line":8,"column":0},"end":{"line":8,"column":57}},"8":{"start":{"line":9,"column":0},"end":{"line":9,"column":11}},"9":{"start":{"line":10,"column":0},"end":{"line":10,"column":13}},"10":{"start":{"line":11,"column":0},"end":{"line":11,"column":77}},"11":{"start":{"line":12,"column":0},"end":{"line":12,"column":52}},"12":{"start":{"line":13,"column":0},"end":{"line":13,"column":95}},"13":{"start":{"line":14,"column":0},"end":{"line":14,"column":13}},"14":{"start":{"line":15,"column":0},"end":{"line":15,"column":13}},"15":{"start":{"line":16,"column":0},"end":{"line":16,"column":35}},"16":{"start":{"line":17,"column":0},"end":{"line":17,"column":55}},"17":{"start":{"line":18,"column":0},"end":{"line":18,"column":2}}},"s":{"0":1,"2":1,"3":1,"4":1,"5":1,"6":1,"7":1,"8":1,"9":1,"10":1,"11":1,"12":1,"13":1,"14":1,"15":1,"16":1,"17":1},"branchMap":{},"b":{},"fnMap":{},"f":{}}
}
