TN:
SF:src/App.tsx
FN:1,(empty-report)
FNF:1
FNH:0
FNDA:0,(empty-report)
DA:1,0
DA:3,0
DA:4,0
DA:5,0
LF:4
LH:0
BRDA:1,0,0,0
BRF:1
BRH:0
end_of_record
TN:
SF:src/hooks.ts
FNF:0
FNH:0
DA:1,1
DA:4,1
DA:5,1
LF:3
LH:3
BRF:0
BRH:0
end_of_record
TN:
SF:src/main.tsx
FN:1,(empty-report)
FNF:1
FNH:0
FNDA:0,(empty-report)
DA:1,0
DA:2,0
DA:3,0
DA:4,0
DA:5,0
DA:6,0
DA:8,0
DA:9,0
DA:10,0
DA:11,0
DA:12,0
DA:13,0
DA:14,0
LF:13
LH:0
BRDA:1,0,0,0
BRF:1
BRH:0
end_of_record
TN:
SF:src/store.ts
FN:1,(empty-report)
FNF:1
FNH:0
FNDA:0,(empty-report)
DA:1,0
DA:5,0
DA:6,0
DA:7,0
DA:8,0
DA:9,0
DA:10,0
LF:7
LH:0
BRDA:1,0,0,0
BRF:1
BRH:0
end_of_record
TN:
SF:src/api/employeeApi.ts
FN:6,<instance_members_initializer>
FN:7,ApiError
FN:13,request
FN:25,getAll
FN:26,getById
FN:27,create
FN:29,update
FN:31,delete
FN:35,getAll
FNF:9
FNH:9
FNDA:3,<instance_members_initializer>
FNDA:3,ApiError
FNDA:19,request
FNDA:7,getAll
FNDA:3,getById
FNDA:1,create
FNDA:1,update
FNDA:1,delete
FNDA:6,getAll
DA:3,1
DA:5,1
DA:6,1
DA:7,1
DA:8,3
DA:9,3
DA:10,3
DA:11,1
DA:13,19
DA:14,19
DA:15,19
DA:16,19
DA:17,19
DA:18,19
DA:19,2
DA:20,2
DA:21,16
DA:22,16
DA:24,1
DA:25,1
DA:26,1
DA:27,1
DA:28,1
DA:29,1
DA:30,1
DA:31,1
DA:32,1
DA:34,1
DA:35,1
DA:36,1
LF:30
LH:30
BRDA:6,0,0,3
BRDA:7,1,0,3
BRDA:13,2,0,19
BRDA:17,3,0,18
BRDA:18,4,0,2
BRDA:20,5,0,16
BRDA:25,6,0,7
BRDA:26,7,0,3
BRDA:27,8,0,1
BRDA:29,9,0,1
BRDA:31,10,0,1
BRDA:35,11,0,6
BRF:12
BRH:12
end_of_record
TN:
SF:src/components/DeleteDialog.tsx
FN:18,DeleteDialog
FNF:1
FNH:1
FNDA:1,DeleteDialog
DA:1,1
DA:18,1
DA:19,1
DA:20,1
DA:21,1
DA:22,1
DA:23,1
DA:24,1
DA:26,1
DA:27,1
DA:28,1
DA:29,1
DA:31,1
DA:32,1
DA:33,1
DA:34,1
DA:35,1
DA:36,1
DA:38,1
LF:19
LH:19
BRDA:18,0,0,1
BRDA:33,1,0,0
BRF:2
BRH:1
end_of_record
TN:
SF:src/components/EmployeeForm.tsx
FN:27,EmployeeForm
FN:54,submit
FN:122,render
FNF:3
FNH:3
FNDA:42,EmployeeForm
FNDA:1,submit
FNDA:42,render
DA:1,1
DA:27,42
DA:28,42
DA:29,42
DA:30,42
DA:31,42
DA:32,42
DA:33,42
DA:34,42
DA:35,42
DA:36,42
DA:37,42
DA:38,42
DA:39,42
DA:40,42
DA:41,42
DA:42,42
DA:43,42
DA:44,42
DA:45,42
DA:46,42
DA:47,42
DA:48,42
DA:49,42
DA:50,42
DA:51,42
DA:52,42
DA:54,42
DA:55,1
DA:56,1
DA:57,1
DA:59,42
DA:60,42
DA:61,42
DA:62,40
DA:63,0
DA:65,42
DA:66,42
DA:67,42
DA:68,42
DA:69,42
DA:70,4
DA:71,4
DA:72,4
DA:73,4
DA:74,4
DA:75,4
DA:76,4
DA:77,4
DA:78,4
DA:79,4
DA:81,4
DA:83,42
DA:85,42
DA:86,42
DA:87,42
DA:88,42
DA:89,42
DA:90,42
DA:91,42
DA:92,42
DA:93,42
DA:94,42
DA:96,42
DA:97,42
DA:98,42
DA:99,42
DA:100,42
DA:101,42
DA:102,42
DA:103,42
DA:104,42
DA:105,42
DA:107,42
DA:108,42
DA:109,42
DA:110,42
DA:111,42
DA:112,42
DA:113,42
DA:114,42
DA:115,42
DA:117,42
DA:118,42
DA:119,42
DA:120,42
DA:121,42
DA:122,42
DA:123,42
DA:124,42
DA:125,42
DA:126,42
DA:127,42
DA:128,45
DA:129,45
DA:130,45
DA:131,42
DA:132,42
DA:134,42
DA:135,42
DA:136,42
DA:138,42
DA:139,42
DA:140,42
DA:141,42
DA:142,42
DA:143,42
DA:144,42
DA:145,42
DA:146,42
DA:148,42
DA:149,42
DA:150,42
DA:151,42
DA:152,42
DA:153,42
DA:154,42
DA:155,42
DA:156,42
DA:157,42
DA:159,42
DA:160,0
DA:161,0
DA:162,0
DA:165,42
DA:166,42
DA:167,42
DA:168,42
DA:169,42
DA:170,4
DA:172,4
DA:174,42
DA:175,42
DA:177,42
LF:134
LH:130
BRDA:27,0,0,42
BRDA:45,1,0,4
BRDA:45,2,0,36
BRDA:46,3,0,4
BRDA:46,4,0,36
BRDA:47,5,0,4
BRDA:47,6,0,36
BRDA:48,7,0,4
BRDA:48,8,0,36
BRDA:49,9,0,4
BRDA:49,10,0,36
BRDA:50,11,0,4
BRDA:50,12,0,36
BRDA:61,13,0,4
BRDA:61,14,0,40
BRDA:62,15,0,0
BRDA:68,16,0,4
BRDA:68,17,0,36
BRDA:69,18,0,4
BRDA:93,19,0,2
BRDA:104,20,0,2
BRDA:114,21,0,1
BRDA:135,22,0,1
BRDA:145,23,0,1
BRDA:155,24,0,1
BRDA:159,25,0,0
BRDA:167,26,0,0
BRDA:167,27,0,40
BRDA:167,28,0,4
BRDA:167,29,0,36
BRDA:169,30,0,4
BRDA:54,31,0,1
BRDA:56,32,0,0
BRDA:59,33,0,41
BRDA:59,34,0,8
BRDA:122,35,0,42
BRDA:125,36,0,5
BRDA:125,37,0,37
BRDA:127,38,0,45
BRF:39
BRH:35
end_of_record
TN:
SF:src/components/EmployeeTable.tsx
FN:22,initials
FN:31,EmployeeTable
FN:79,onClick
FN:89,onClick
FNF:4
FNH:4
FNDA:13,initials
FNDA:13,EmployeeTable
FNDA:1,onClick
FNDA:1,onClick
DA:1,1
DA:22,13
DA:23,13
DA:24,13
DA:25,13
DA:26,13
DA:27,13
DA:28,13
DA:29,13
DA:31,13
DA:32,13
DA:33,13
DA:34,13
DA:35,13
DA:36,13
DA:37,13
DA:38,13
DA:39,13
DA:40,13
DA:41,13
DA:42,13
DA:43,13
DA:44,13
DA:45,13
DA:46,13
DA:47,13
DA:48,13
DA:49,13
DA:50,13
DA:51,13
DA:52,13
DA:53,13
DA:54,13
DA:55,13
DA:56,13
DA:57,13
DA:58,13
DA:59,13
DA:60,13
DA:61,13
DA:62,13
DA:63,13
DA:64,13
DA:65,13
DA:66,13
DA:67,13
DA:68,13
DA:69,13
DA:70,13
DA:71,13
DA:72,13
DA:73,13
DA:74,13
DA:75,13
DA:76,13
DA:77,13
DA:78,13
DA:79,13
DA:80,13
DA:81,13
DA:82,13
DA:84,13
DA:85,13
DA:86,13
DA:87,13
DA:88,13
DA:89,13
DA:90,13
DA:91,13
DA:93,13
DA:94,13
DA:95,13
DA:96,13
DA:97,13
DA:98,13
DA:99,13
DA:101,13
LF:77
LH:77
BRDA:22,0,0,13
BRDA:27,1,0,13
BRDA:31,2,0,13
BRDA:55,3,0,13
BRDA:79,4,0,1
BRDA:89,5,0,1
BRF:6
BRH:6
end_of_record
TN:
SF:src/components/Loader.tsx
FN:3,Loader
FNF:1
FNH:1
FNDA:6,Loader
DA:1,1
DA:3,6
DA:4,6
DA:5,6
DA:6,6
DA:7,6
DA:8,6
DA:9,6
DA:10,6
DA:12,6
LF:10
LH:10
BRDA:3,0,0,6
BRF:1
BRH:1
end_of_record
TN:
SF:src/components/Message.tsx
FN:9,Message
FNF:1
FNH:1
FNDA:10,Message
DA:1,1
DA:9,10
DA:10,10
DA:11,10
DA:12,10
DA:13,10
DA:14,10
DA:15,10
DA:16,10
DA:17,10
DA:19,10
LF:11
LH:11
BRDA:9,0,0,10
BRDA:10,1,0,0
BRDA:10,2,0,0
BRDA:12,3,0,0
BRF:4
BRH:1
end_of_record
TN:
SF:src/components/SearchBar.tsx
FN:10,SearchBar
FN:13,submit
FN:33,onChange
FNF:3
FNH:3
FNDA:34,SearchBar
FNDA:2,submit
FNDA:5,onChange
DA:1,1
DA:10,34
DA:11,34
DA:13,34
DA:14,2
DA:15,2
DA:16,2
DA:18,34
DA:19,34
DA:20,34
DA:21,34
DA:22,34
DA:23,34
DA:24,34
DA:25,34
DA:26,34
DA:28,34
DA:29,34
DA:30,34
DA:31,34
DA:32,34
DA:33,34
DA:34,34
DA:35,34
DA:36,34
DA:37,34
DA:39,34
DA:40,34
DA:42,34
DA:43,34
DA:45,34
LF:31
LH:31
BRDA:10,0,0,34
BRDA:37,1,0,32
BRDA:13,2,0,2
BRDA:33,3,0,5
BRF:4
BRH:4
end_of_record
TN:
SF:src/containers/EmployeesContainer.tsx
FN:20,EmployeesContainer
FN:47,handleSearch
FN:51,handleClearSearch
FN:55,handleSubmit
FN:64,handleDeleteConfirm
FN:120,onChange
FN:157,onCancel
FN:168,onCancel
FNF:8
FNH:3
FNDA:26,EmployeesContainer
FNDA:1,handleSearch
FNDA:0,handleClearSearch
FNDA:0,handleSubmit
FNDA:0,handleDeleteConfirm
FNDA:8,onChange
FNDA:0,onCancel
FNDA:0,onCancel
DA:1,1
DA:20,26
DA:21,26
DA:22,26
DA:23,26
DA:24,26
DA:25,26
DA:27,26
DA:28,26
DA:29,26
DA:31,26
DA:32,5
DA:33,5
DA:34,26
DA:36,26
DA:37,26
DA:38,8
DA:39,8
DA:40,8
DA:41,3
DA:42,3
DA:43,3
DA:44,8
DA:45,17
DA:47,26
DA:48,1
DA:49,1
DA:51,26
DA:52,0
DA:53,0
DA:55,26
DA:56,0
DA:57,0
DA:58,0
DA:59,0
DA:60,0
DA:61,0
DA:62,0
DA:64,26
DA:65,0
DA:66,0
DA:67,0
DA:68,0
DA:69,0
DA:71,26
DA:73,26
DA:74,26
DA:75,26
DA:76,26
DA:77,26
DA:78,26
DA:80,26
DA:81,26
DA:82,26
DA:83,26
DA:84,26
DA:85,26
DA:86,26
DA:87,26
DA:88,26
DA:89,1
DA:90,1
DA:91,1
DA:93,26
DA:94,23
DA:96,23
DA:98,26
DA:99,0
DA:100,0
DA:101,0
DA:102,0
DA:103,0
DA:104,0
DA:105,0
DA:106,0
DA:107,0
DA:108,0
DA:110,26
DA:112,26
DA:113,26
DA:114,26
DA:115,26
DA:116,26
DA:117,26
DA:118,26
DA:119,26
DA:120,26
DA:121,26
DA:122,26
DA:123,26
DA:124,26
DA:126,26
DA:127,26
DA:128,26
DA:129,6
DA:130,6
DA:131,6
DA:133,26
DA:134,3
DA:135,3
DA:136,3
DA:138,26
DA:139,11
DA:140,11
DA:141,11
DA:142,11
DA:143,11
DA:145,26
DA:147,26
DA:148,26
DA:149,26
DA:151,26
DA:152,26
DA:153,26
DA:154,26
DA:155,26
DA:156,26
DA:157,26
DA:158,26
DA:159,26
DA:160,26
DA:161,26
DA:162,26
DA:164,26
DA:165,0
DA:166,0
DA:167,0
DA:168,0
DA:169,0
DA:170,0
DA:172,26
DA:174,26
LF:132
LH:102
BRDA:20,0,0,26
BRDA:37,1,0,8
BRDA:44,2,0,17
BRDA:86,3,0,1
BRDA:87,4,0,0
BRDA:88,5,0,24
BRDA:88,6,0,24
BRDA:88,7,0,1
BRDA:88,8,0,1
BRDA:93,9,0,24
BRDA:93,10,0,24
BRDA:93,11,0,23
BRDA:93,12,0,23
BRDA:98,13,0,0
BRDA:126,14,0,5
BRDA:127,15,0,0
BRDA:128,16,0,20
BRDA:128,17,0,20
BRDA:128,18,0,6
BRDA:133,19,0,20
BRDA:133,20,0,20
BRDA:133,21,0,14
BRDA:133,22,0,3
BRDA:138,23,0,20
BRDA:138,24,0,20
BRDA:138,25,0,11
BRDA:148,26,0,0
BRDA:148,27,0,25
BRDA:159,28,0,0
BRDA:159,29,0,25
BRDA:164,30,0,0
BRDA:23,31,0,52
BRDA:25,32,0,52
BRDA:31,33,0,5
BRDA:39,34,0,8
BRDA:40,35,0,3
BRDA:41,36,0,3
BRDA:42,37,0,3
BRDA:47,38,0,1
BRDA:120,39,0,8
BRF:40
BRH:34
end_of_record
TN:
SF:src/features/countriesSlice.ts
FN:23,extraReducers
FNF:1
FNH:1
FNDA:1,extraReducers
DA:1,1
DA:11,1
DA:12,1
DA:13,1
DA:14,1
DA:15,1
DA:17,1
DA:19,1
DA:20,1
DA:21,1
DA:22,1
DA:23,1
DA:24,1
DA:25,1
DA:26,5
DA:27,5
DA:28,1
DA:29,1
DA:30,5
DA:31,5
DA:32,1
DA:33,1
DA:34,0
DA:35,0
DA:36,1
DA:37,1
DA:38,1
DA:40,1
LF:28
LH:26
BRDA:23,0,0,1
BRDA:25,1,0,5
BRDA:29,2,0,5
BRF:3
BRH:3
end_of_record
TN:
SF:src/features/employeesSlice.ts
FN:58,clearSearch
FN:61,clearSavingError
FN:65,extraReducers
FNF:3
FNH:1
FNDA:0,clearSearch
FNDA:0,clearSavingError
FNDA:2,extraReducers
DA:1,1
DA:20,1
DA:21,1
DA:22,1
DA:23,1
DA:24,1
DA:25,1
DA:26,1
DA:27,1
DA:29,1
DA:30,1
DA:34,1
DA:35,1
DA:36,1
DA:37,1
DA:38,1
DA:39,1
DA:40,1
DA:41,1
DA:42,1
DA:43,1
DA:44,1
DA:45,1
DA:46,1
DA:47,1
DA:48,1
DA:49,1
DA:50,1
DA:51,1
DA:52,1
DA:54,1
DA:55,1
DA:56,1
DA:57,1
DA:58,1
DA:59,0
DA:60,0
DA:61,1
DA:62,0
DA:63,0
DA:64,1
DA:65,1
DA:66,2
DA:67,2
DA:68,6
DA:69,6
DA:70,2
DA:71,2
DA:72,8
DA:73,8
DA:74,2
DA:75,2
DA:76,1
DA:77,1
DA:78,2
DA:79,2
DA:80,1
DA:81,1
DA:82,1
DA:83,1
DA:84,2
DA:85,2
DA:86,1
DA:87,1
DA:88,1
DA:89,1
DA:90,2
DA:91,2
DA:92,1
DA:93,1
DA:94,1
DA:95,1
DA:96,1
DA:97,1
DA:98,0
DA:99,0
DA:100,0
DA:101,2
DA:102,2
DA:103,0
DA:104,0
DA:105,2
DA:106,2
DA:107,1
DA:108,1
DA:109,2
DA:110,2
DA:111,0
DA:112,0
DA:113,2
DA:114,2
DA:115,0
DA:116,0
DA:117,2
DA:118,2
DA:119,1
DA:120,1
DA:121,1
DA:122,1
DA:123,2
DA:124,2
DA:125,0
DA:126,0
DA:127,2
DA:128,2
DA:129,0
DA:130,0
DA:131,2
DA:132,2
DA:133,1
DA:134,1
DA:135,1
DA:136,0
DA:137,0
DA:138,0
DA:139,2
DA:140,2
DA:141,0
DA:142,0
DA:143,2
DA:144,2
DA:145,1
DA:147,1
DA:148,1
LF:124
LH:102
BRDA:34,0,0,1
BRDA:38,1,0,0
BRDA:65,2,0,2
BRDA:67,3,0,6
BRDA:71,4,0,8
BRDA:75,5,0,1
BRDA:79,6,0,1
BRDA:85,7,0,1
BRDA:91,8,0,1
BRDA:97,9,0,0
BRDA:106,10,0,1
BRDA:118,11,0,1
BRDA:122,12,0,0
BRDA:122,13,0,0
BRDA:120,14,0,1
BRDA:132,15,0,1
BRDA:135,16,0,0
BRDA:135,17,0,0
BRDA:134,18,0,1
BRF:19
BRH:13
end_of_record
TN:
SF:src/test/vitest-to-jest.ts
FN:1,(empty-report)
FNF:1
FNH:0
FNDA:0,(empty-report)
DA:1,0
DA:3,0
DA:4,0
DA:5,0
DA:6,0
DA:7,0
DA:8,0
DA:9,0
DA:10,0
DA:11,0
DA:12,0
DA:13,0
DA:14,0
DA:15,0
DA:16,0
DA:17,0
DA:18,0
DA:19,0
LF:18
LH:0
BRDA:1,0,0,0
BRF:1
BRH:0
end_of_record
TN:
SF:src/types/index.ts
FN:1,(empty-report)
FNF:1
FNH:1
FNDA:1,(empty-report)
LF:0
LH:0
BRDA:1,0,0,1
BRF:1
BRH:1
end_of_record
TN:
SF:src/validation/schema.ts
FNF:0
FNH:0
DA:1,1
DA:3,1
DA:4,1
DA:5,1
DA:6,1
DA:7,1
DA:8,1
DA:9,1
DA:10,1
DA:11,1
DA:12,1
DA:13,1
DA:14,1
DA:15,1
DA:16,1
DA:17,1
DA:18,1
LF:17
LH:17
BRF:0
BRH:0
end_of_record
