TN:
SF:src/App.tsx
FN:1,(empty-report)
FNF:1
FNH:0
FNDA:0,(empty-report)
DA:1,0
DA:3,0
DA:4,0
DA:5,0
LF:4
LH:0
BRDA:1,0,0,0
BRF:1
BRH:0
end_of_record
TN:
SF:src/hooks.ts
FNF:0
FNH:0
DA:1,1
DA:4,1
DA:5,1
LF:3
LH:3
BRF:0
BRH:0
end_of_record
TN:
SF:src/main.tsx
FN:1,(empty-report)
FNF:1
FNH:0
FNDA:0,(empty-report)
DA:1,0
DA:2,0
DA:3,0
DA:4,0
DA:5,0
DA:6,0
DA:8,0
DA:9,0
DA:10,0
DA:11,0
DA:12,0
DA:13,0
DA:14,0
LF:13
LH:0
BRDA:1,0,0,0
BRF:1
BRH:0
end_of_record
TN:
SF:src/store.ts
FN:1,(empty-report)
FNF:1
FNH:0
FNDA:0,(empty-report)
DA:1,0
DA:5,0
DA:6,0
DA:7,0
DA:8,0
DA:9,0
DA:10,0
LF:7
LH:0
BRDA:1,0,0,0
BRF:1
BRH:0
end_of_record
TN:
SF:src/api/employeeApi.ts
FN:6,<instance_members_initializer>
FN:7,ApiError
FN:13,request
FN:25,getAll
FN:26,getById
FN:27,create
FN:29,update
FN:31,delete
FN:35,getAll
FNF:9
FNH:9
FNDA:3,<instance_members_initializer>
FNDA:3,ApiError
FNDA:19,request
FNDA:7,getAll
FNDA:3,getById
FNDA:1,create
FNDA:1,update
FNDA:1,delete
FNDA:6,getAll
DA:3,1
DA:5,1
DA:6,1
DA:7,1
DA:8,3
DA:9,3
DA:10,3
DA:11,1
DA:13,19
DA:14,19
DA:15,19
DA:16,19
DA:17,19
DA:18,19
DA:19,2
DA:20,2
DA:21,16
DA:22,16
DA:24,1
DA:25,1
DA:26,1
DA:27,1
DA:28,1
DA:29,1
DA:30,1
DA:31,1
DA:32,1
DA:34,1
DA:35,1
DA:36,1
LF:30
LH:30
BRDA:6,0,0,3
BRDA:7,1,0,3
BRDA:13,2,0,19
BRDA:17,3,0,18
BRDA:18,4,0,2
BRDA:20,5,0,16
BRDA:25,6,0,7
BRDA:26,7,0,3
BRDA:27,8,0,1
BRDA:29,9,0,1
BRDA:31,10,0,1
BRDA:35,11,0,6
BRF:12
BRH:12
end_of_record
TN:
SF:src/components/DeleteDialog.tsx
FN:10,DeleteDialog
FNF:1
FNH:1
FNDA:1,DeleteDialog
DA:1,1
DA:10,1
DA:11,1
DA:12,1
DA:13,1
DA:14,1
DA:15,1
DA:16,1
DA:18,1
DA:19,1
DA:20,1
DA:22,1
DA:23,1
DA:24,1
DA:25,1
DA:26,1
DA:27,1
DA:28,1
DA:30,1
LF:19
LH:19
BRDA:10,0,0,1
BRDA:24,1,0,0
BRF:2
BRH:1
end_of_record
TN:
SF:src/components/EmployeeForm.tsx
FN:16,EmployeeForm
FN:42,submit
FN:47,fieldError
FNF:3
FNH:3
FNDA:40,EmployeeForm
FNDA:1,submit
FNDA:240,fieldError
DA:1,1
DA:16,40
DA:17,40
DA:18,40
DA:19,40
DA:20,40
DA:21,40
DA:22,40
DA:23,40
DA:24,40
DA:25,40
DA:26,40
DA:27,40
DA:28,40
DA:29,40
DA:30,40
DA:31,40
DA:32,40
DA:33,40
DA:34,40
DA:35,40
DA:36,40
DA:37,40
DA:38,40
DA:39,40
DA:40,40
DA:42,40
DA:43,1
DA:44,1
DA:45,1
DA:47,40
DA:48,240
DA:50,40
DA:51,40
DA:53,40
DA:54,40
DA:55,40
DA:56,40
DA:57,40
DA:58,40
DA:60,40
DA:61,40
DA:62,40
DA:63,40
DA:64,40
DA:65,40
DA:67,40
DA:68,40
DA:69,40
DA:70,40
DA:71,40
DA:73,40
DA:74,40
DA:75,40
DA:76,40
DA:77,40
DA:79,40
DA:80,40
DA:81,40
DA:82,40
DA:83,40
DA:84,41
DA:85,41
DA:86,41
DA:87,40
DA:88,40
DA:89,40
DA:90,40
DA:92,40
DA:93,40
DA:94,40
DA:95,40
DA:96,40
DA:98,40
DA:99,40
DA:100,40
DA:101,40
DA:102,40
DA:103,40
DA:105,40
DA:106,0
DA:107,0
DA:108,0
DA:111,40
DA:112,40
DA:113,40
DA:114,40
DA:115,40
DA:116,4
DA:118,4
DA:120,40
DA:121,40
DA:123,40
LF:93
LH:90
BRDA:16,0,0,40
BRDA:33,1,0,4
BRDA:33,2,0,36
BRDA:34,3,0,4
BRDA:34,4,0,36
BRDA:35,5,0,4
BRDA:35,6,0,36
BRDA:36,7,0,4
BRDA:36,8,0,36
BRDA:37,9,0,4
BRDA:37,10,0,36
BRDA:38,11,0,4
BRDA:38,12,0,36
BRDA:51,13,0,4
BRDA:51,14,0,0
BRDA:56,15,0,4
BRDA:56,16,0,36
BRDA:57,17,0,4
BRDA:82,18,0,5
BRDA:82,19,0,35
BRDA:105,20,0,0
BRDA:113,21,0,0
BRDA:113,22,0,4
BRDA:113,23,0,36
BRDA:115,24,0,4
BRDA:42,25,0,1
BRDA:44,26,0,0
BRDA:47,27,0,240
BRDA:48,28,0,8
BRDA:48,29,0,232
BRDA:50,30,0,41
BRDA:50,31,0,8
BRDA:83,32,0,41
BRF:33
BRH:29
end_of_record
TN:
SF:src/components/EmployeeTable.tsx
FN:9,initials
FN:18,Avatar
FN:29,EmployeeTable
FN:63,onClick
FN:71,onClick
FNF:5
FNH:5
FNDA:13,initials
FNDA:13,Avatar
FNDA:13,EmployeeTable
FNDA:1,onClick
FNDA:1,onClick
DA:1,1
DA:9,13
DA:10,13
DA:11,13
DA:12,13
DA:13,13
DA:14,13
DA:15,13
DA:16,13
DA:18,13
DA:19,13
DA:20,0
DA:21,0
DA:22,13
DA:23,13
DA:24,13
DA:25,13
DA:27,13
DA:29,13
DA:30,13
DA:31,13
DA:32,13
DA:33,13
DA:34,13
DA:35,13
DA:36,13
DA:37,13
DA:38,13
DA:39,13
DA:40,13
DA:41,13
DA:42,13
DA:43,13
DA:44,13
DA:45,13
DA:46,13
DA:47,13
DA:48,13
DA:49,13
DA:50,13
DA:51,13
DA:52,13
DA:53,13
DA:54,13
DA:55,13
DA:56,13
DA:57,13
DA:58,13
DA:59,13
DA:60,13
DA:61,13
DA:62,13
DA:63,13
DA:64,13
DA:65,13
DA:67,13
DA:68,13
DA:69,13
DA:70,13
DA:71,13
DA:72,13
DA:73,13
DA:75,13
DA:76,13
DA:77,13
DA:78,13
DA:79,13
DA:80,13
DA:81,13
DA:83,13
LF:70
LH:68
BRDA:9,0,0,13
BRDA:14,1,0,13
BRDA:18,2,0,13
BRDA:19,3,0,0
BRDA:24,4,0,0
BRDA:29,5,0,13
BRDA:43,6,0,13
BRDA:63,7,0,1
BRDA:71,8,0,1
BRF:9
BRH:7
end_of_record
TN:
SF:src/components/Loader.tsx
FN:1,Loader
FNF:1
FNH:1
FNDA:6,Loader
DA:1,6
DA:2,6
DA:3,6
DA:4,6
DA:5,6
DA:6,6
DA:8,6
LF:7
LH:7
BRDA:1,0,0,6
BRF:1
BRH:1
end_of_record
TN:
SF:src/components/Message.tsx
FN:7,Message
FNF:1
FNH:1
FNDA:10,Message
DA:1,1
DA:7,10
DA:8,10
DA:9,10
DA:10,10
DA:11,10
DA:12,10
DA:14,10
LF:8
LH:8
BRDA:7,0,0,10
BRDA:9,1,0,0
BRF:2
BRH:1
end_of_record
TN:
SF:src/components/SearchBar.tsx
FN:9,SearchBar
FN:12,submit
FN:23,onChange
FNF:3
FNH:3
FNDA:32,SearchBar
FNDA:2,submit
FNDA:5,onChange
DA:1,1
DA:9,32
DA:10,32
DA:12,32
DA:13,2
DA:14,2
DA:15,2
DA:17,32
DA:18,32
DA:19,32
DA:20,32
DA:21,32
DA:22,32
DA:23,32
DA:24,32
DA:25,32
DA:26,32
DA:27,32
DA:28,32
DA:30,32
DA:31,32
DA:33,32
DA:34,32
DA:36,32
LF:24
LH:24
BRDA:9,0,0,32
BRDA:12,1,0,2
BRDA:23,2,0,5
BRF:3
BRH:3
end_of_record
TN:
SF:src/containers/EmployeesContainer.tsx
FN:20,EmployeesContainer
FN:47,handleSearch
FN:51,handleClearSearch
FN:55,handleSubmit
FN:64,handleDeleteConfirm
FN:120,onChange
FN:157,onCancel
FN:168,onCancel
FNF:8
FNH:3
FNDA:25,EmployeesContainer
FNDA:1,handleSearch
FNDA:0,handleClearSearch
FNDA:0,handleSubmit
FNDA:0,handleDeleteConfirm
FNDA:8,onChange
FNDA:0,onCancel
FNDA:0,onCancel
DA:1,1
DA:20,25
DA:21,25
DA:22,25
DA:23,25
DA:24,25
DA:25,25
DA:27,25
DA:28,25
DA:29,25
DA:31,25
DA:32,5
DA:33,5
DA:34,25
DA:36,25
DA:37,25
DA:38,8
DA:39,8
DA:40,8
DA:41,3
DA:42,3
DA:43,3
DA:44,8
DA:45,17
DA:47,25
DA:48,1
DA:49,1
DA:51,25
DA:52,0
DA:53,0
DA:55,25
DA:56,0
DA:57,0
DA:58,0
DA:59,0
DA:60,0
DA:61,0
DA:62,0
DA:64,25
DA:65,0
DA:66,0
DA:67,0
DA:68,0
DA:69,0
DA:71,25
DA:73,25
DA:74,25
DA:75,25
DA:76,25
DA:77,25
DA:78,25
DA:80,25
DA:81,25
DA:82,25
DA:83,25
DA:84,25
DA:85,25
DA:86,25
DA:87,25
DA:88,25
DA:89,1
DA:90,1
DA:91,1
DA:93,25
DA:94,23
DA:96,23
DA:98,25
DA:99,0
DA:100,0
DA:101,0
DA:102,0
DA:103,0
DA:104,0
DA:105,0
DA:106,0
DA:107,0
DA:108,0
DA:110,25
DA:112,25
DA:113,25
DA:114,25
DA:115,25
DA:116,25
DA:117,25
DA:118,25
DA:119,25
DA:120,25
DA:121,25
DA:122,25
DA:123,25
DA:124,25
DA:126,25
DA:127,25
DA:128,25
DA:129,6
DA:130,6
DA:131,6
DA:133,25
DA:134,3
DA:135,3
DA:136,3
DA:138,25
DA:139,11
DA:140,11
DA:141,11
DA:142,11
DA:143,11
DA:145,25
DA:147,25
DA:148,25
DA:149,25
DA:151,25
DA:152,25
DA:153,25
DA:154,25
DA:155,25
DA:156,25
DA:157,25
DA:158,25
DA:159,25
DA:160,25
DA:161,25
DA:162,25
DA:164,25
DA:165,0
DA:166,0
DA:167,0
DA:168,0
DA:169,0
DA:170,0
DA:172,25
DA:174,25
LF:132
LH:102
BRDA:20,0,0,25
BRDA:37,1,0,8
BRDA:44,2,0,17
BRDA:86,3,0,1
BRDA:87,4,0,0
BRDA:88,5,0,24
BRDA:88,6,0,24
BRDA:88,7,0,1
BRDA:88,8,0,1
BRDA:93,9,0,24
BRDA:93,10,0,24
BRDA:93,11,0,23
BRDA:93,12,0,23
BRDA:98,13,0,0
BRDA:126,14,0,5
BRDA:127,15,0,0
BRDA:128,16,0,20
BRDA:128,17,0,20
BRDA:128,18,0,6
BRDA:133,19,0,20
BRDA:133,20,0,20
BRDA:133,21,0,14
BRDA:133,22,0,3
BRDA:138,23,0,20
BRDA:138,24,0,20
BRDA:138,25,0,11
BRDA:148,26,0,0
BRDA:159,27,0,0
BRDA:164,28,0,0
BRDA:23,29,0,52
BRDA:25,30,0,52
BRDA:31,31,0,5
BRDA:39,32,0,8
BRDA:40,33,0,3
BRDA:41,34,0,3
BRDA:42,35,0,3
BRDA:47,36,0,1
BRDA:120,37,0,8
BRF:38
BRH:32
end_of_record
TN:
SF:src/features/countriesSlice.ts
FN:23,extraReducers
FNF:1
FNH:1
FNDA:1,extraReducers
DA:1,1
DA:11,1
DA:12,1
DA:13,1
DA:14,1
DA:15,1
DA:17,1
DA:19,1
DA:20,1
DA:21,1
DA:22,1
DA:23,1
DA:24,1
DA:25,1
DA:26,5
DA:27,5
DA:28,1
DA:29,1
DA:30,5
DA:31,5
DA:32,1
DA:33,1
DA:34,0
DA:35,0
DA:36,1
DA:37,1
DA:38,1
DA:40,1
LF:28
LH:26
BRDA:23,0,0,1
BRDA:25,1,0,5
BRDA:29,2,0,5
BRF:3
BRH:3
end_of_record
TN:
SF:src/features/employeesSlice.ts
FN:58,clearSearch
FN:61,clearSavingError
FN:65,extraReducers
FNF:3
FNH:1
FNDA:0,clearSearch
FNDA:0,clearSavingError
FNDA:2,extraReducers
DA:1,1
DA:20,1
DA:21,1
DA:22,1
DA:23,1
DA:24,1
DA:25,1
DA:26,1
DA:27,1
DA:29,1
DA:30,1
DA:34,1
DA:35,1
DA:36,1
DA:37,1
DA:38,1
DA:39,1
DA:40,1
DA:41,1
DA:42,1
DA:43,1
DA:44,1
DA:45,1
DA:46,1
DA:47,1
DA:48,1
DA:49,1
DA:50,1
DA:51,1
DA:52,1
DA:54,1
DA:55,1
DA:56,1
DA:57,1
DA:58,1
DA:59,0
DA:60,0
DA:61,1
DA:62,0
DA:63,0
DA:64,1
DA:65,1
DA:66,2
DA:67,2
DA:68,6
DA:69,6
DA:70,2
DA:71,2
DA:72,8
DA:73,8
DA:74,2
DA:75,2
DA:76,1
DA:77,1
DA:78,2
DA:79,2
DA:80,1
DA:81,1
DA:82,1
DA:83,1
DA:84,2
DA:85,2
DA:86,1
DA:87,1
DA:88,1
DA:89,1
DA:90,2
DA:91,2
DA:92,1
DA:93,1
DA:94,1
DA:95,1
DA:96,1
DA:97,1
DA:98,0
DA:99,0
DA:100,0
DA:101,2
DA:102,2
DA:103,0
DA:104,0
DA:105,2
DA:106,2
DA:107,1
DA:108,1
DA:109,2
DA:110,2
DA:111,0
DA:112,0
DA:113,2
DA:114,2
DA:115,0
DA:116,0
DA:117,2
DA:118,2
DA:119,1
DA:120,1
DA:121,1
DA:122,1
DA:123,2
DA:124,2
DA:125,0
DA:126,0
DA:127,2
DA:128,2
DA:129,0
DA:130,0
DA:131,2
DA:132,2
DA:133,1
DA:134,1
DA:135,1
DA:136,0
DA:137,0
DA:138,0
DA:139,2
DA:140,2
DA:141,0
DA:142,0
DA:143,2
DA:144,2
DA:145,1
DA:147,1
DA:148,1
LF:124
LH:102
BRDA:34,0,0,1
BRDA:38,1,0,0
BRDA:65,2,0,2
BRDA:67,3,0,6
BRDA:71,4,0,8
BRDA:75,5,0,1
BRDA:79,6,0,1
BRDA:85,7,0,1
BRDA:91,8,0,1
BRDA:97,9,0,0
BRDA:106,10,0,1
BRDA:118,11,0,1
BRDA:122,12,0,0
BRDA:122,13,0,0
BRDA:120,14,0,1
BRDA:132,15,0,1
BRDA:135,16,0,0
BRDA:135,17,0,0
BRDA:134,18,0,1
BRF:19
BRH:13
end_of_record
TN:
SF:src/types/index.ts
FN:1,(empty-report)
FNF:1
FNH:1
FNDA:1,(empty-report)
LF:0
LH:0
BRDA:1,0,0,1
BRF:1
BRH:1
end_of_record
TN:
SF:src/validation/schema.ts
FNF:0
FNH:0
DA:1,1
DA:3,1
DA:4,1
DA:5,1
DA:6,1
DA:7,1
DA:8,1
DA:9,1
DA:10,1
DA:11,1
DA:12,1
DA:13,1
DA:14,1
DA:15,1
DA:16,1
DA:17,1
DA:18,1
LF:17
LH:17
BRF:0
BRH:0
end_of_record
